2020-12-30 18:16:08 INFO  org.hibernate.validator.internal.util.Version [HV000001: Hibernate Validator 5.4.1.Final]
2020-12-30 18:16:08 INFO  com.xietian.graduated.GraduatedApplication [Starting GraduatedApplication using Java 1.8.0_271 on DESKTOP-CKPKB5K with PID 21876 (D:\IDE\IntelliJ IDEA 2019.3.5\project\graduated\target\classes started by Administrator in D:\IDE\IntelliJ IDEA 2019.3.5\project\graduated)]
2020-12-30 18:16:08 INFO  com.xietian.graduated.GraduatedApplication [No active profile set, falling back to default profiles: default]
2020-12-30 18:16:09 INFO  org.springframework.boot.devtools.env.DevToolsPropertyDefaultsPostProcessor [Devtools property defaults active! Set 'spring.devtools.add-properties' to 'false' to disable]
2020-12-30 18:16:09 INFO  org.springframework.boot.devtools.env.DevToolsPropertyDefaultsPostProcessor [For additional web related logging consider setting the 'logging.level.web' property to 'DEBUG']
2020-12-30 18:16:09 INFO  org.springframework.data.repository.config.RepositoryConfigurationDelegate [Multiple Spring Data modules found, entering strict repository configuration mode!]
2020-12-30 18:16:09 INFO  org.springframework.data.repository.config.RepositoryConfigurationDelegate [Bootstrapping Spring Data Redis repositories in DEFAULT mode.]
2020-12-30 18:16:09 INFO  org.springframework.data.repository.config.RepositoryConfigurationDelegate [Finished Spring Data repository scanning in 11 ms. Found 0 Redis repository interfaces.]
2020-12-30 18:16:10 INFO  org.springframework.boot.web.embedded.tomcat.TomcatWebServer [Tomcat initialized with port(s): 8088 (http)]
2020-12-30 18:16:10 INFO  org.apache.coyote.http11.Http11NioProtocol [Initializing ProtocolHandler ["http-nio-8088"]]
2020-12-30 18:16:10 INFO  org.apache.catalina.core.StandardService [Starting service [Tomcat]]
2020-12-30 18:16:10 INFO  org.apache.catalina.core.StandardEngine [Starting Servlet engine: [Apache Tomcat/9.0.39]]
2020-12-30 18:16:10 INFO  org.apache.catalina.core.ContainerBase.[Tomcat].[localhost].[/] [Initializing Spring embedded WebApplicationContext]
2020-12-30 18:16:10 INFO  org.springframework.boot.web.servlet.context.ServletWebServerApplicationContext [Root WebApplicationContext: initialization completed in 1281 ms]
2020-12-30 18:16:11 INFO  org.springframework.scheduling.concurrent.ThreadPoolTaskExecutor [Initializing ExecutorService 'applicationTaskExecutor']
2020-12-30 18:16:11 INFO  org.springframework.boot.devtools.autoconfigure.OptionalLiveReloadServer [LiveReload server is running on port 35729]
2020-12-30 18:16:11 INFO  org.springframework.scheduling.concurrent.ThreadPoolTaskScheduler [Initializing ExecutorService 'taskScheduler']
2020-12-30 18:16:11 INFO  org.apache.coyote.http11.Http11NioProtocol [Starting ProtocolHandler ["http-nio-8088"]]
2020-12-30 18:16:11 INFO  org.springframework.boot.web.embedded.tomcat.TomcatWebServer [Tomcat started on port(s): 8088 (http) with context path '']
2020-12-30 18:16:11 INFO  springfox.documentation.spring.web.plugins.DocumentationPluginsBootstrapper [Context refreshed]
2020-12-30 18:16:11 INFO  springfox.documentation.spring.web.plugins.DocumentationPluginsBootstrapper [Found 1 custom documentation plugin(s)]
2020-12-30 18:16:11 INFO  springfox.documentation.spring.web.scanners.ApiListingReferenceScanner [Scanning for api listing references]
2020-12-30 18:16:11 INFO  com.xietian.graduated.GraduatedApplication [Started GraduatedApplication in 3.284 seconds (JVM running for 4.204)]
2020-12-30 18:16:16 INFO  com.zaxxer.hikari.HikariDataSource [HikariPool-1 - Starting...]
2020-12-30 18:16:17 INFO  com.zaxxer.hikari.HikariDataSource [HikariPool-1 - Start completed.]
2020-12-30 18:19:02 INFO  org.apache.catalina.core.ContainerBase.[Tomcat].[localhost].[/] [Initializing Spring DispatcherServlet 'dispatcherServlet']
2020-12-30 18:19:02 INFO  org.springframework.web.servlet.DispatcherServlet [Initializing Servlet 'dispatcherServlet']
2020-12-30 18:19:02 INFO  org.springframework.web.servlet.DispatcherServlet [Completed initialization in 1 ms]
2020-12-30 18:24:55 INFO  org.hibernate.validator.internal.util.Version [HV000001: Hibernate Validator 5.4.1.Final]
2020-12-30 18:24:55 INFO  com.xietian.graduated.GraduatedApplication [Starting GraduatedApplication using Java 1.8.0_271 on DESKTOP-CKPKB5K with PID 20204 (D:\IDE\IntelliJ IDEA 2019.3.5\project\graduated\target\classes started by Administrator in D:\IDE\IntelliJ IDEA 2019.3.5\project\graduated)]
2020-12-30 18:24:55 INFO  com.xietian.graduated.GraduatedApplication [No active profile set, falling back to default profiles: default]
2020-12-30 18:24:55 INFO  org.springframework.boot.devtools.env.DevToolsPropertyDefaultsPostProcessor [Devtools property defaults active! Set 'spring.devtools.add-properties' to 'false' to disable]
2020-12-30 18:24:55 INFO  org.springframework.boot.devtools.env.DevToolsPropertyDefaultsPostProcessor [For additional web related logging consider setting the 'logging.level.web' property to 'DEBUG']
2020-12-30 18:24:56 INFO  org.springframework.data.repository.config.RepositoryConfigurationDelegate [Multiple Spring Data modules found, entering strict repository configuration mode!]
2020-12-30 18:24:56 INFO  org.springframework.data.repository.config.RepositoryConfigurationDelegate [Bootstrapping Spring Data Redis repositories in DEFAULT mode.]
2020-12-30 18:24:56 INFO  org.springframework.data.repository.config.RepositoryConfigurationDelegate [Finished Spring Data repository scanning in 10 ms. Found 0 Redis repository interfaces.]
2020-12-30 18:24:56 INFO  org.springframework.boot.web.embedded.tomcat.TomcatWebServer [Tomcat initialized with port(s): 8088 (http)]
2020-12-30 18:24:56 INFO  org.apache.coyote.http11.Http11NioProtocol [Initializing ProtocolHandler ["http-nio-8088"]]
2020-12-30 18:24:56 INFO  org.apache.catalina.core.StandardService [Starting service [Tomcat]]
2020-12-30 18:24:56 INFO  org.apache.catalina.core.StandardEngine [Starting Servlet engine: [Apache Tomcat/9.0.39]]
2020-12-30 18:24:56 INFO  org.apache.catalina.core.ContainerBase.[Tomcat].[localhost].[/] [Initializing Spring embedded WebApplicationContext]
2020-12-30 18:24:56 INFO  org.springframework.boot.web.servlet.context.ServletWebServerApplicationContext [Root WebApplicationContext: initialization completed in 1187 ms]
2020-12-30 18:24:57 INFO  org.springframework.scheduling.concurrent.ThreadPoolTaskExecutor [Initializing ExecutorService 'applicationTaskExecutor']
2020-12-30 18:24:57 INFO  org.springframework.boot.devtools.autoconfigure.OptionalLiveReloadServer [LiveReload server is running on port 35729]
2020-12-30 18:24:57 INFO  org.springframework.scheduling.concurrent.ThreadPoolTaskScheduler [Initializing ExecutorService 'taskScheduler']
2020-12-30 18:24:57 INFO  org.apache.coyote.http11.Http11NioProtocol [Starting ProtocolHandler ["http-nio-8088"]]
2020-12-30 18:24:57 INFO  org.springframework.boot.web.embedded.tomcat.TomcatWebServer [Tomcat started on port(s): 8088 (http) with context path '']
2020-12-30 18:24:57 INFO  springfox.documentation.spring.web.plugins.DocumentationPluginsBootstrapper [Context refreshed]
2020-12-30 18:24:57 INFO  springfox.documentation.spring.web.plugins.DocumentationPluginsBootstrapper [Found 1 custom documentation plugin(s)]
2020-12-30 18:24:57 INFO  springfox.documentation.spring.web.scanners.ApiListingReferenceScanner [Scanning for api listing references]
2020-12-30 18:24:58 INFO  com.xietian.graduated.GraduatedApplication [Started GraduatedApplication in 2.909 seconds (JVM running for 3.648)]
2020-12-30 18:25:02 INFO  org.apache.catalina.core.ContainerBase.[Tomcat].[localhost].[/] [Initializing Spring DispatcherServlet 'dispatcherServlet']
2020-12-30 18:25:02 INFO  org.springframework.web.servlet.DispatcherServlet [Initializing Servlet 'dispatcherServlet']
2020-12-30 18:25:02 INFO  org.springframework.web.servlet.DispatcherServlet [Completed initialization in 2 ms]
2020-12-30 18:25:02 INFO  com.zaxxer.hikari.HikariDataSource [HikariPool-1 - Starting...]
2020-12-30 18:25:03 INFO  com.zaxxer.hikari.HikariDataSource [HikariPool-1 - Start completed.]
2020-12-30 18:30:27 INFO  org.hibernate.validator.internal.util.Version [HV000001: Hibernate Validator 5.4.1.Final]
2020-12-30 18:30:27 INFO  com.xietian.graduated.GraduatedApplication [Starting GraduatedApplication using Java 1.8.0_271 on DESKTOP-CKPKB5K with PID 11388 (D:\IDE\IntelliJ IDEA 2019.3.5\project\graduated\target\classes started by Administrator in D:\IDE\IntelliJ IDEA 2019.3.5\project\graduated)]
2020-12-30 18:30:27 INFO  com.xietian.graduated.GraduatedApplication [No active profile set, falling back to default profiles: default]
2020-12-30 18:30:27 INFO  org.springframework.boot.devtools.env.DevToolsPropertyDefaultsPostProcessor [Devtools property defaults active! Set 'spring.devtools.add-properties' to 'false' to disable]
2020-12-30 18:30:27 INFO  org.springframework.boot.devtools.env.DevToolsPropertyDefaultsPostProcessor [For additional web related logging consider setting the 'logging.level.web' property to 'DEBUG']
2020-12-30 18:30:28 INFO  org.springframework.data.repository.config.RepositoryConfigurationDelegate [Multiple Spring Data modules found, entering strict repository configuration mode!]
2020-12-30 18:30:28 INFO  org.springframework.data.repository.config.RepositoryConfigurationDelegate [Bootstrapping Spring Data Redis repositories in DEFAULT mode.]
2020-12-30 18:30:28 INFO  org.springframework.data.repository.config.RepositoryConfigurationDelegate [Finished Spring Data repository scanning in 12 ms. Found 0 Redis repository interfaces.]
2020-12-30 18:30:28 INFO  org.springframework.boot.web.embedded.tomcat.TomcatWebServer [Tomcat initialized with port(s): 8088 (http)]
2020-12-30 18:30:28 INFO  org.apache.coyote.http11.Http11NioProtocol [Initializing ProtocolHandler ["http-nio-8088"]]
2020-12-30 18:30:28 INFO  org.apache.catalina.core.StandardService [Starting service [Tomcat]]
2020-12-30 18:30:28 INFO  org.apache.catalina.core.StandardEngine [Starting Servlet engine: [Apache Tomcat/9.0.39]]
2020-12-30 18:30:28 INFO  org.apache.catalina.core.ContainerBase.[Tomcat].[localhost].[/] [Initializing Spring embedded WebApplicationContext]
2020-12-30 18:30:28 INFO  org.springframework.boot.web.servlet.context.ServletWebServerApplicationContext [Root WebApplicationContext: initialization completed in 1302 ms]
2020-12-30 18:30:29 INFO  org.springframework.scheduling.concurrent.ThreadPoolTaskExecutor [Initializing ExecutorService 'applicationTaskExecutor']
2020-12-30 18:30:29 INFO  org.springframework.boot.devtools.autoconfigure.OptionalLiveReloadServer [LiveReload server is running on port 35729]
2020-12-30 18:30:29 INFO  org.springframework.scheduling.concurrent.ThreadPoolTaskScheduler [Initializing ExecutorService 'taskScheduler']
2020-12-30 18:30:29 INFO  org.apache.coyote.http11.Http11NioProtocol [Starting ProtocolHandler ["http-nio-8088"]]
2020-12-30 18:30:29 INFO  org.springframework.boot.web.embedded.tomcat.TomcatWebServer [Tomcat started on port(s): 8088 (http) with context path '']
2020-12-30 18:30:29 INFO  springfox.documentation.spring.web.plugins.DocumentationPluginsBootstrapper [Context refreshed]
2020-12-30 18:30:29 INFO  springfox.documentation.spring.web.plugins.DocumentationPluginsBootstrapper [Found 1 custom documentation plugin(s)]
2020-12-30 18:30:29 INFO  springfox.documentation.spring.web.scanners.ApiListingReferenceScanner [Scanning for api listing references]
2020-12-30 18:30:30 INFO  com.xietian.graduated.GraduatedApplication [Started GraduatedApplication in 3.342 seconds (JVM running for 4.143)]
2020-12-30 18:30:34 INFO  com.zaxxer.hikari.HikariDataSource [HikariPool-1 - Starting...]
2020-12-30 18:30:35 INFO  com.zaxxer.hikari.HikariDataSource [HikariPool-1 - Start completed.]
2020-12-30 18:30:39 INFO  org.apache.catalina.core.ContainerBase.[Tomcat].[localhost].[/] [Initializing Spring DispatcherServlet 'dispatcherServlet']
2020-12-30 18:30:39 INFO  org.springframework.web.servlet.DispatcherServlet [Initializing Servlet 'dispatcherServlet']
2020-12-30 18:30:39 INFO  org.springframework.web.servlet.DispatcherServlet [Completed initialization in 1 ms]
