2021-01-18 10:00:39 INFO  org.hibernate.validator.internal.util.Version [HV000001: Hibernate Validator 5.4.1.Final]
2021-01-18 10:00:39 INFO  com.xietian.graduated.GraduatedApplication [Starting GraduatedApplication using Java 1.8.0_271 on DESKTOP-CKPKB5K with PID 2208 (D:\IDE\IntelliJ IDEA 2019.3.5\project\graduated\target\classes started by Administrator in D:\IDE\IntelliJ IDEA 2019.3.5\project\graduated)]
2021-01-18 10:00:39 INFO  com.xietian.graduated.GraduatedApplication [No active profile set, falling back to default profiles: default]
2021-01-18 10:00:39 INFO  org.springframework.boot.devtools.env.DevToolsPropertyDefaultsPostProcessor [Devtools property defaults active! Set 'spring.devtools.add-properties' to 'false' to disable]
2021-01-18 10:00:39 INFO  org.springframework.boot.devtools.env.DevToolsPropertyDefaultsPostProcessor [For additional web related logging consider setting the 'logging.level.web' property to 'DEBUG']
2021-01-18 10:00:40 INFO  org.springframework.data.repository.config.RepositoryConfigurationDelegate [Multiple Spring Data modules found, entering strict repository configuration mode!]
2021-01-18 10:00:40 INFO  org.springframework.data.repository.config.RepositoryConfigurationDelegate [Bootstrapping Spring Data Redis repositories in DEFAULT mode.]
2021-01-18 10:00:40 INFO  org.springframework.data.repository.config.RepositoryConfigurationDelegate [Finished Spring Data repository scanning in 14 ms. Found 0 Redis repository interfaces.]
2021-01-18 10:00:40 INFO  org.springframework.boot.web.embedded.tomcat.TomcatWebServer [Tomcat initialized with port(s): 8088 (https) 8086 (http)]
2021-01-18 10:00:40 INFO  org.apache.coyote.http11.Http11NioProtocol [Initializing ProtocolHandler ["https-jsse-nio-8088"]]
2021-01-18 10:00:40 INFO  org.apache.coyote.http11.Http11NioProtocol [Initializing ProtocolHandler ["http-nio-8086"]]
2021-01-18 10:00:40 INFO  org.apache.catalina.core.StandardService [Starting service [Tomcat]]
2021-01-18 10:00:40 INFO  org.apache.catalina.core.StandardEngine [Starting Servlet engine: [Apache Tomcat/9.0.39]]
2021-01-18 10:00:40 INFO  org.apache.catalina.core.ContainerBase.[Tomcat].[localhost].[/] [Initializing Spring embedded WebApplicationContext]
2021-01-18 10:00:40 INFO  org.springframework.boot.web.servlet.context.ServletWebServerApplicationContext [Root WebApplicationContext: initialization completed in 1417 ms]
2021-01-18 10:00:41 INFO  org.springframework.scheduling.concurrent.ThreadPoolTaskExecutor [Initializing ExecutorService 'applicationTaskExecutor']
2021-01-18 10:00:41 INFO  org.springframework.boot.devtools.autoconfigure.OptionalLiveReloadServer [LiveReload server is running on port 35729]
2021-01-18 10:00:41 INFO  org.springframework.scheduling.concurrent.ThreadPoolTaskScheduler [Initializing ExecutorService 'taskScheduler']
2021-01-18 10:00:41 INFO  org.apache.coyote.http11.Http11NioProtocol [Starting ProtocolHandler ["https-jsse-nio-8088"]]
2021-01-18 10:00:42 INFO  org.apache.coyote.http11.Http11NioProtocol [Starting ProtocolHandler ["http-nio-8086"]]
2021-01-18 10:00:42 INFO  org.springframework.boot.web.embedded.tomcat.TomcatWebServer [Tomcat started on port(s): 8088 (https) 8086 (http) with context path '']
2021-01-18 10:00:42 INFO  springfox.documentation.spring.web.plugins.DocumentationPluginsBootstrapper [Context refreshed]
2021-01-18 10:00:42 INFO  springfox.documentation.spring.web.plugins.DocumentationPluginsBootstrapper [Found 1 custom documentation plugin(s)]
2021-01-18 10:00:42 INFO  springfox.documentation.spring.web.scanners.ApiListingReferenceScanner [Scanning for api listing references]
2021-01-18 10:00:42 INFO  springfox.documentation.spring.web.readers.operation.CachingOperationNameGenerator [Generating unique operation named: getByIdUsingGET_1]
2021-01-18 10:00:42 INFO  com.xietian.graduated.GraduatedApplication [Started GraduatedApplication in 4.0 seconds (JVM running for 4.971)]
2021-01-18 10:00:47 INFO  com.zaxxer.hikari.HikariDataSource [HikariPool-1 - Starting...]
2021-01-18 10:00:48 INFO  com.zaxxer.hikari.HikariDataSource [HikariPool-1 - Start completed.]
2021-01-18 10:01:20 INFO  org.apache.catalina.core.ContainerBase.[Tomcat].[localhost].[/] [Initializing Spring DispatcherServlet 'dispatcherServlet']
2021-01-18 10:01:20 INFO  org.springframework.web.servlet.DispatcherServlet [Initializing Servlet 'dispatcherServlet']
2021-01-18 10:01:20 INFO  org.springframework.web.servlet.DispatcherServlet [Completed initialization in 1 ms]
2021-01-18 10:01:37 ERROR org.apache.catalina.core.ContainerBase.[Tomcat].[localhost].[/].[dispatcherServlet] [Servlet.service() for servlet [dispatcherServlet] in context with path [] threw exception [Request processing failed; nested exception is org.springframework.data.redis.RedisConnectionFailureException: Unable to connect to Redis; nested exception is org.springframework.data.redis.connection.PoolException: Could not get a resource from the pool; nested exception is io.lettuce.core.RedisConnectionException: Unable to connect to 127.0.0.1:6379] with root cause]
java.net.ConnectException: Connection refused: no further information
	at sun.nio.ch.SocketChannelImpl.checkConnect(Native Method)
	at sun.nio.ch.SocketChannelImpl.finishConnect(SocketChannelImpl.java:715)
	at io.netty.channel.socket.nio.NioSocketChannel.doFinishConnect(NioSocketChannel.java:330)
	at io.netty.channel.nio.AbstractNioChannel$AbstractNioUnsafe.finishConnect(AbstractNioChannel.java:334)
	at io.netty.channel.nio.NioEventLoop.processSelectedKey(NioEventLoop.java:707)
	at io.netty.channel.nio.NioEventLoop.processSelectedKeysOptimized(NioEventLoop.java:655)
	at io.netty.channel.nio.NioEventLoop.processSelectedKeys(NioEventLoop.java:581)
	at io.netty.channel.nio.NioEventLoop.run(NioEventLoop.java:493)
	at io.netty.util.concurrent.SingleThreadEventExecutor$4.run(SingleThreadEventExecutor.java:989)
	at io.netty.util.internal.ThreadExecutorMap$2.run(ThreadExecutorMap.java:74)
	at io.netty.util.concurrent.FastThreadLocalRunnable.run(FastThreadLocalRunnable.java:30)
	at java.lang.Thread.run(Thread.java:748)
2021-01-18 10:01:39 ERROR org.apache.catalina.core.ContainerBase.[Tomcat].[localhost].[/].[dispatcherServlet] [Servlet.service() for servlet [dispatcherServlet] in context with path [] threw exception [Request processing failed; nested exception is org.springframework.data.redis.RedisConnectionFailureException: Unable to connect to Redis; nested exception is org.springframework.data.redis.connection.PoolException: Could not get a resource from the pool; nested exception is io.lettuce.core.RedisConnectionException: Unable to connect to 127.0.0.1:6379] with root cause]
java.net.ConnectException: Connection refused: no further information
	at sun.nio.ch.SocketChannelImpl.checkConnect(Native Method)
	at sun.nio.ch.SocketChannelImpl.finishConnect(SocketChannelImpl.java:715)
	at io.netty.channel.socket.nio.NioSocketChannel.doFinishConnect(NioSocketChannel.java:330)
	at io.netty.channel.nio.AbstractNioChannel$AbstractNioUnsafe.finishConnect(AbstractNioChannel.java:334)
	at io.netty.channel.nio.NioEventLoop.processSelectedKey(NioEventLoop.java:707)
	at io.netty.channel.nio.NioEventLoop.processSelectedKeysOptimized(NioEventLoop.java:655)
	at io.netty.channel.nio.NioEventLoop.processSelectedKeys(NioEventLoop.java:581)
	at io.netty.channel.nio.NioEventLoop.run(NioEventLoop.java:493)
	at io.netty.util.concurrent.SingleThreadEventExecutor$4.run(SingleThreadEventExecutor.java:989)
	at io.netty.util.internal.ThreadExecutorMap$2.run(ThreadExecutorMap.java:74)
	at io.netty.util.concurrent.FastThreadLocalRunnable.run(FastThreadLocalRunnable.java:30)
	at java.lang.Thread.run(Thread.java:748)
