2021-01-15 10:42:43 INFO  org.hibernate.validator.internal.util.Version [HV000001: Hibernate Validator 5.4.1.Final]
2021-01-15 10:42:43 INFO  com.xietian.graduated.GraduatedApplication [Starting GraduatedApplication using Java 1.8.0_271 on DESKTOP-CKPKB5K with PID 6268 (D:\IDE\IntelliJ IDEA 2019.3.5\project\graduated\target\classes started by Administrator in D:\IDE\IntelliJ IDEA 2019.3.5\project\graduated)]
2021-01-15 10:42:43 INFO  com.xietian.graduated.GraduatedApplication [No active profile set, falling back to default profiles: default]
2021-01-15 10:42:43 INFO  org.springframework.boot.devtools.env.DevToolsPropertyDefaultsPostProcessor [Devtools property defaults active! Set 'spring.devtools.add-properties' to 'false' to disable]
2021-01-15 10:42:43 INFO  org.springframework.boot.devtools.env.DevToolsPropertyDefaultsPostProcessor [For additional web related logging consider setting the 'logging.level.web' property to 'DEBUG']
2021-01-15 10:42:45 INFO  org.springframework.data.repository.config.RepositoryConfigurationDelegate [Multiple Spring Data modules found, entering strict repository configuration mode!]
2021-01-15 10:42:45 INFO  org.springframework.data.repository.config.RepositoryConfigurationDelegate [Bootstrapping Spring Data Redis repositories in DEFAULT mode.]
2021-01-15 10:42:45 INFO  org.springframework.data.repository.config.RepositoryConfigurationDelegate [Finished Spring Data repository scanning in 33 ms. Found 0 Redis repository interfaces.]
2021-01-15 10:42:46 INFO  org.springframework.boot.web.embedded.tomcat.TomcatWebServer [Tomcat initialized with port(s): 8088 (http) 9320 (http)]
2021-01-15 10:42:46 INFO  org.apache.coyote.http11.Http11NioProtocol [Initializing ProtocolHandler ["http-nio-8088"]]
2021-01-15 10:42:46 INFO  org.apache.coyote.http11.Http11NioProtocol [Initializing ProtocolHandler ["http-nio-9320"]]
2021-01-15 10:42:46 INFO  org.apache.catalina.core.StandardService [Starting service [Tomcat]]
2021-01-15 10:42:46 INFO  org.apache.catalina.core.StandardEngine [Starting Servlet engine: [Apache Tomcat/9.0.39]]
2021-01-15 10:42:46 INFO  org.apache.catalina.core.ContainerBase.[Tomcat].[localhost].[/] [Initializing Spring embedded WebApplicationContext]
2021-01-15 10:42:46 INFO  org.springframework.boot.web.servlet.context.ServletWebServerApplicationContext [Root WebApplicationContext: initialization completed in 2420 ms]
2021-01-15 10:42:47 INFO  org.springframework.scheduling.concurrent.ThreadPoolTaskExecutor [Initializing ExecutorService 'applicationTaskExecutor']
2021-01-15 10:42:47 INFO  org.springframework.boot.devtools.autoconfigure.OptionalLiveReloadServer [LiveReload server is running on port 35729]
2021-01-15 10:42:47 INFO  org.springframework.scheduling.concurrent.ThreadPoolTaskScheduler [Initializing ExecutorService 'taskScheduler']
2021-01-15 10:42:47 INFO  org.apache.coyote.http11.Http11NioProtocol [Starting ProtocolHandler ["http-nio-8088"]]
2021-01-15 10:42:47 INFO  org.apache.coyote.http11.Http11NioProtocol [Starting ProtocolHandler ["http-nio-9320"]]
2021-01-15 10:42:47 INFO  org.springframework.boot.web.embedded.tomcat.TomcatWebServer [Tomcat started on port(s): 8088 (http) 9320 (http) with context path '']
2021-01-15 10:42:47 INFO  springfox.documentation.spring.web.plugins.DocumentationPluginsBootstrapper [Context refreshed]
2021-01-15 10:42:47 INFO  springfox.documentation.spring.web.plugins.DocumentationPluginsBootstrapper [Found 1 custom documentation plugin(s)]
2021-01-15 10:42:47 INFO  springfox.documentation.spring.web.scanners.ApiListingReferenceScanner [Scanning for api listing references]
2021-01-15 10:42:47 INFO  com.xietian.graduated.GraduatedApplication [Started GraduatedApplication in 4.489 seconds (JVM running for 5.483)]
2021-01-15 10:42:52 INFO  com.zaxxer.hikari.HikariDataSource [HikariPool-1 - Starting...]
2021-01-15 10:42:53 INFO  com.zaxxer.hikari.HikariDataSource [HikariPool-1 - Start completed.]
2021-01-15 10:46:43 INFO  org.hibernate.validator.internal.util.Version [HV000001: Hibernate Validator 5.4.1.Final]
2021-01-15 10:46:43 INFO  com.xietian.graduated.GraduatedApplication [Starting GraduatedApplication using Java 1.8.0_271 on DESKTOP-CKPKB5K with PID 19276 (D:\IDE\IntelliJ IDEA 2019.3.5\project\graduated\target\classes started by Administrator in D:\IDE\IntelliJ IDEA 2019.3.5\project\graduated)]
2021-01-15 10:46:43 INFO  com.xietian.graduated.GraduatedApplication [No active profile set, falling back to default profiles: default]
2021-01-15 10:46:43 INFO  org.springframework.boot.devtools.env.DevToolsPropertyDefaultsPostProcessor [Devtools property defaults active! Set 'spring.devtools.add-properties' to 'false' to disable]
2021-01-15 10:46:43 INFO  org.springframework.boot.devtools.env.DevToolsPropertyDefaultsPostProcessor [For additional web related logging consider setting the 'logging.level.web' property to 'DEBUG']
2021-01-15 10:46:43 INFO  org.springframework.data.repository.config.RepositoryConfigurationDelegate [Multiple Spring Data modules found, entering strict repository configuration mode!]
2021-01-15 10:46:43 INFO  org.springframework.data.repository.config.RepositoryConfigurationDelegate [Bootstrapping Spring Data Redis repositories in DEFAULT mode.]
2021-01-15 10:46:43 INFO  org.springframework.data.repository.config.RepositoryConfigurationDelegate [Finished Spring Data repository scanning in 12 ms. Found 0 Redis repository interfaces.]
2021-01-15 10:46:44 INFO  org.springframework.boot.web.embedded.tomcat.TomcatWebServer [Tomcat initialized with port(s): 8088 (http) 8088 (http)]
2021-01-15 10:46:44 INFO  org.apache.coyote.http11.Http11NioProtocol [Initializing ProtocolHandler ["http-nio-8088"]]
2021-01-15 10:46:44 INFO  org.apache.coyote.http11.Http11NioProtocol [Initializing ProtocolHandler ["http-nio-8088"]]
2021-01-15 10:46:44 INFO  org.apache.catalina.core.StandardService [Starting service [Tomcat]]
2021-01-15 10:46:44 INFO  org.apache.catalina.core.StandardEngine [Starting Servlet engine: [Apache Tomcat/9.0.39]]
2021-01-15 10:46:44 INFO  org.apache.catalina.core.ContainerBase.[Tomcat].[localhost].[/] [Initializing Spring embedded WebApplicationContext]
2021-01-15 10:46:44 INFO  org.springframework.boot.web.servlet.context.ServletWebServerApplicationContext [Root WebApplicationContext: initialization completed in 1235 ms]
2021-01-15 10:46:45 INFO  org.springframework.scheduling.concurrent.ThreadPoolTaskExecutor [Initializing ExecutorService 'applicationTaskExecutor']
2021-01-15 10:46:45 INFO  org.springframework.boot.devtools.autoconfigure.OptionalLiveReloadServer [LiveReload server is running on port 35729]
2021-01-15 10:46:45 INFO  org.springframework.scheduling.concurrent.ThreadPoolTaskScheduler [Initializing ExecutorService 'taskScheduler']
2021-01-15 10:46:45 INFO  org.apache.coyote.http11.Http11NioProtocol [Starting ProtocolHandler ["http-nio-8088"]]
2021-01-15 10:46:45 WARN  org.springframework.boot.web.servlet.context.AnnotationConfigServletWebServerApplicationContext [Exception encountered during context initialization - cancelling refresh attempt: org.springframework.context.ApplicationContextException: Failed to start bean 'webServerStartStop'; nested exception is org.springframework.boot.web.server.PortInUseException: Port 8088 is already in use]
2021-01-15 10:46:45 INFO  org.springframework.scheduling.concurrent.ThreadPoolTaskScheduler [Shutting down ExecutorService 'taskScheduler']
2021-01-15 10:46:45 INFO  org.springframework.scheduling.concurrent.ThreadPoolTaskExecutor [Shutting down ExecutorService 'applicationTaskExecutor']
2021-01-15 10:46:45 INFO  org.apache.coyote.http11.Http11NioProtocol [Pausing ProtocolHandler ["http-nio-8088"]]
2021-01-15 10:46:45 INFO  org.apache.catalina.core.StandardService [Stopping service [Tomcat]]
2021-01-15 10:46:45 INFO  org.apache.coyote.http11.Http11NioProtocol [Stopping ProtocolHandler ["http-nio-8088"]]
2021-01-15 10:46:45 INFO  org.apache.coyote.http11.Http11NioProtocol [Destroying ProtocolHandler ["http-nio-8088"]]
2021-01-15 10:46:45 INFO  org.springframework.boot.autoconfigure.logging.ConditionEvaluationReportLoggingListener [

Error starting ApplicationContext. To display the conditions report re-run your application with 'debug' enabled.]
2021-01-15 10:46:45 ERROR org.springframework.boot.diagnostics.LoggingFailureAnalysisReporter [

***************************
APPLICATION FAILED TO START
***************************

Description:

Web server failed to start. Port 8088 was already in use.

Action:

Identify and stop the process that's listening on port 8088 or configure this application to listen on another port.
]
2021-01-15 10:47:07 INFO  org.hibernate.validator.internal.util.Version [HV000001: Hibernate Validator 5.4.1.Final]
2021-01-15 10:47:07 INFO  com.xietian.graduated.GraduatedApplication [Starting GraduatedApplication using Java 1.8.0_271 on DESKTOP-CKPKB5K with PID 10340 (D:\IDE\IntelliJ IDEA 2019.3.5\project\graduated\target\classes started by Administrator in D:\IDE\IntelliJ IDEA 2019.3.5\project\graduated)]
2021-01-15 10:47:07 INFO  com.xietian.graduated.GraduatedApplication [No active profile set, falling back to default profiles: default]
2021-01-15 10:47:07 INFO  org.springframework.boot.devtools.env.DevToolsPropertyDefaultsPostProcessor [Devtools property defaults active! Set 'spring.devtools.add-properties' to 'false' to disable]
2021-01-15 10:47:07 INFO  org.springframework.boot.devtools.env.DevToolsPropertyDefaultsPostProcessor [For additional web related logging consider setting the 'logging.level.web' property to 'DEBUG']
2021-01-15 10:47:07 INFO  org.springframework.data.repository.config.RepositoryConfigurationDelegate [Multiple Spring Data modules found, entering strict repository configuration mode!]
2021-01-15 10:47:07 INFO  org.springframework.data.repository.config.RepositoryConfigurationDelegate [Bootstrapping Spring Data Redis repositories in DEFAULT mode.]
2021-01-15 10:47:07 INFO  org.springframework.data.repository.config.RepositoryConfigurationDelegate [Finished Spring Data repository scanning in 12 ms. Found 0 Redis repository interfaces.]
2021-01-15 10:47:08 INFO  org.springframework.boot.web.embedded.tomcat.TomcatWebServer [Tomcat initialized with port(s): 8088 (http) 8087 (http)]
2021-01-15 10:47:08 INFO  org.apache.coyote.http11.Http11NioProtocol [Initializing ProtocolHandler ["http-nio-8088"]]
2021-01-15 10:47:08 INFO  org.apache.coyote.http11.Http11NioProtocol [Initializing ProtocolHandler ["http-nio-8087"]]
2021-01-15 10:47:08 INFO  org.apache.catalina.core.StandardService [Starting service [Tomcat]]
2021-01-15 10:47:08 INFO  org.apache.catalina.core.StandardEngine [Starting Servlet engine: [Apache Tomcat/9.0.39]]
2021-01-15 10:47:08 INFO  org.apache.catalina.core.ContainerBase.[Tomcat].[localhost].[/] [Initializing Spring embedded WebApplicationContext]
2021-01-15 10:47:08 INFO  org.springframework.boot.web.servlet.context.ServletWebServerApplicationContext [Root WebApplicationContext: initialization completed in 1271 ms]
2021-01-15 10:47:09 INFO  org.springframework.scheduling.concurrent.ThreadPoolTaskExecutor [Initializing ExecutorService 'applicationTaskExecutor']
2021-01-15 10:47:09 INFO  org.springframework.boot.devtools.autoconfigure.OptionalLiveReloadServer [LiveReload server is running on port 35729]
2021-01-15 10:47:09 INFO  org.springframework.scheduling.concurrent.ThreadPoolTaskScheduler [Initializing ExecutorService 'taskScheduler']
2021-01-15 10:47:09 INFO  org.apache.coyote.http11.Http11NioProtocol [Starting ProtocolHandler ["http-nio-8088"]]
2021-01-15 10:47:09 INFO  org.apache.coyote.http11.Http11NioProtocol [Starting ProtocolHandler ["http-nio-8087"]]
2021-01-15 10:47:09 INFO  org.springframework.boot.web.embedded.tomcat.TomcatWebServer [Tomcat started on port(s): 8088 (http) 8087 (http) with context path '']
2021-01-15 10:47:09 INFO  springfox.documentation.spring.web.plugins.DocumentationPluginsBootstrapper [Context refreshed]
2021-01-15 10:47:09 INFO  springfox.documentation.spring.web.plugins.DocumentationPluginsBootstrapper [Found 1 custom documentation plugin(s)]
2021-01-15 10:47:09 INFO  springfox.documentation.spring.web.scanners.ApiListingReferenceScanner [Scanning for api listing references]
2021-01-15 10:47:09 INFO  com.xietian.graduated.GraduatedApplication [Started GraduatedApplication in 3.274 seconds (JVM running for 4.396)]
2021-01-15 10:47:14 INFO  com.zaxxer.hikari.HikariDataSource [HikariPool-1 - Starting...]
2021-01-15 10:47:15 INFO  com.zaxxer.hikari.HikariDataSource [HikariPool-1 - Start completed.]
2021-01-15 10:50:29 INFO  org.hibernate.validator.internal.util.Version [HV000001: Hibernate Validator 5.4.1.Final]
2021-01-15 10:50:29 INFO  com.xietian.graduated.GraduatedApplication [Starting GraduatedApplication using Java 1.8.0_271 on DESKTOP-CKPKB5K with PID 13904 (D:\IDE\IntelliJ IDEA 2019.3.5\project\graduated\target\classes started by Administrator in D:\IDE\IntelliJ IDEA 2019.3.5\project\graduated)]
2021-01-15 10:50:29 INFO  com.xietian.graduated.GraduatedApplication [No active profile set, falling back to default profiles: default]
2021-01-15 10:50:29 INFO  org.springframework.boot.devtools.env.DevToolsPropertyDefaultsPostProcessor [Devtools property defaults active! Set 'spring.devtools.add-properties' to 'false' to disable]
2021-01-15 10:50:29 INFO  org.springframework.boot.devtools.env.DevToolsPropertyDefaultsPostProcessor [For additional web related logging consider setting the 'logging.level.web' property to 'DEBUG']
2021-01-15 10:50:29 INFO  org.springframework.data.repository.config.RepositoryConfigurationDelegate [Multiple Spring Data modules found, entering strict repository configuration mode!]
2021-01-15 10:50:29 INFO  org.springframework.data.repository.config.RepositoryConfigurationDelegate [Bootstrapping Spring Data Redis repositories in DEFAULT mode.]
2021-01-15 10:50:29 INFO  org.springframework.data.repository.config.RepositoryConfigurationDelegate [Finished Spring Data repository scanning in 12 ms. Found 0 Redis repository interfaces.]
2021-01-15 10:50:30 WARN  org.springframework.boot.web.servlet.context.AnnotationConfigServletWebServerApplicationContext [Exception encountered during context initialization - cancelling refresh attempt: org.springframework.context.ApplicationContextException: Unable to start web server; nested exception is org.springframework.boot.web.server.WebServerException: Could not load key store 'classpath:javaboy.keystore']
2021-01-15 10:50:30 INFO  org.springframework.boot.autoconfigure.logging.ConditionEvaluationReportLoggingListener [

Error starting ApplicationContext. To display the conditions report re-run your application with 'debug' enabled.]
2021-01-15 10:50:30 ERROR org.springframework.boot.SpringApplication [Application run failed]
org.springframework.context.ApplicationContextException: Unable to start web server; nested exception is org.springframework.boot.web.server.WebServerException: Could not load key store 'classpath:javaboy.keystore'
	at org.springframework.boot.web.servlet.context.ServletWebServerApplicationContext.onRefresh(ServletWebServerApplicationContext.java:162)
	at org.springframework.context.support.AbstractApplicationContext.refresh(AbstractApplicationContext.java:582)
	at org.springframework.boot.web.servlet.context.ServletWebServerApplicationContext.refresh(ServletWebServerApplicationContext.java:144)
	at org.springframework.boot.SpringApplication.refresh(SpringApplication.java:767)
	at org.springframework.boot.SpringApplication.refresh(SpringApplication.java:759)
	at org.springframework.boot.SpringApplication.refreshContext(SpringApplication.java:426)
	at org.springframework.boot.SpringApplication.run(SpringApplication.java:326)
	at org.springframework.boot.SpringApplication.run(SpringApplication.java:1309)
	at org.springframework.boot.SpringApplication.run(SpringApplication.java:1298)
	at com.xietian.graduated.GraduatedApplication.main(GraduatedApplication.java:26)
	at sun.reflect.NativeMethodAccessorImpl.invoke0(Native Method)
	at sun.reflect.NativeMethodAccessorImpl.invoke(NativeMethodAccessorImpl.java:62)
	at sun.reflect.DelegatingMethodAccessorImpl.invoke(DelegatingMethodAccessorImpl.java:43)
	at java.lang.reflect.Method.invoke(Method.java:498)
	at org.springframework.boot.devtools.restart.RestartLauncher.run(RestartLauncher.java:49)
Caused by: org.springframework.boot.web.server.WebServerException: Could not load key store 'classpath:javaboy.keystore'
	at org.springframework.boot.web.embedded.tomcat.SslConnectorCustomizer.configureSslKeyStore(SslConnectorCustomizer.java:132)
	at org.springframework.boot.web.embedded.tomcat.SslConnectorCustomizer.configureSsl(SslConnectorCustomizer.java:92)
	at org.springframework.boot.web.embedded.tomcat.SslConnectorCustomizer.customize(SslConnectorCustomizer.java:57)
	at org.springframework.boot.web.embedded.tomcat.TomcatServletWebServerFactory.customizeSsl(TomcatServletWebServerFactory.java:349)
	at org.springframework.boot.web.embedded.tomcat.TomcatServletWebServerFactory.customizeConnector(TomcatServletWebServerFactory.java:327)
	at org.springframework.boot.web.embedded.tomcat.TomcatServletWebServerFactory.getWebServer(TomcatServletWebServerFactory.java:192)
	at org.springframework.boot.web.servlet.context.ServletWebServerApplicationContext.createWebServer(ServletWebServerApplicationContext.java:181)
	at org.springframework.boot.web.servlet.context.ServletWebServerApplicationContext.onRefresh(ServletWebServerApplicationContext.java:159)
	... 14 common frames omitted
Caused by: java.io.FileNotFoundException: class path resource [javaboy.keystore] cannot be resolved to URL because it does not exist
	at org.springframework.util.ResourceUtils.getURL(ResourceUtils.java:137)
	at org.springframework.boot.web.embedded.tomcat.SslConnectorCustomizer.configureSslKeyStore(SslConnectorCustomizer.java:129)
	... 21 common frames omitted
2021-01-15 10:52:37 INFO  org.hibernate.validator.internal.util.Version [HV000001: Hibernate Validator 5.4.1.Final]
2021-01-15 10:52:37 INFO  com.xietian.graduated.GraduatedApplication [Starting GraduatedApplication using Java 1.8.0_271 on DESKTOP-CKPKB5K with PID 21388 (D:\IDE\IntelliJ IDEA 2019.3.5\project\graduated\target\classes started by Administrator in D:\IDE\IntelliJ IDEA 2019.3.5\project\graduated)]
2021-01-15 10:52:37 INFO  com.xietian.graduated.GraduatedApplication [No active profile set, falling back to default profiles: default]
2021-01-15 10:52:37 INFO  org.springframework.boot.devtools.env.DevToolsPropertyDefaultsPostProcessor [Devtools property defaults active! Set 'spring.devtools.add-properties' to 'false' to disable]
2021-01-15 10:52:37 INFO  org.springframework.boot.devtools.env.DevToolsPropertyDefaultsPostProcessor [For additional web related logging consider setting the 'logging.level.web' property to 'DEBUG']
2021-01-15 10:52:38 INFO  org.springframework.data.repository.config.RepositoryConfigurationDelegate [Multiple Spring Data modules found, entering strict repository configuration mode!]
2021-01-15 10:52:38 INFO  org.springframework.data.repository.config.RepositoryConfigurationDelegate [Bootstrapping Spring Data Redis repositories in DEFAULT mode.]
2021-01-15 10:52:38 INFO  org.springframework.data.repository.config.RepositoryConfigurationDelegate [Finished Spring Data repository scanning in 12 ms. Found 0 Redis repository interfaces.]
2021-01-15 10:52:38 INFO  org.springframework.boot.web.embedded.tomcat.TomcatWebServer [Tomcat initialized with port(s): 8088 (https) 8087 (http)]
2021-01-15 10:52:38 INFO  org.apache.coyote.http11.Http11NioProtocol [Initializing ProtocolHandler ["https-jsse-nio-8088"]]
2021-01-15 10:52:38 INFO  org.apache.coyote.http11.Http11NioProtocol [Initializing ProtocolHandler ["http-nio-8087"]]
2021-01-15 10:52:38 INFO  org.apache.catalina.core.StandardService [Starting service [Tomcat]]
2021-01-15 10:52:38 INFO  org.apache.catalina.core.StandardEngine [Starting Servlet engine: [Apache Tomcat/9.0.39]]
2021-01-15 10:52:38 INFO  org.apache.catalina.core.ContainerBase.[Tomcat].[localhost].[/] [Initializing Spring embedded WebApplicationContext]
2021-01-15 10:52:38 INFO  org.springframework.boot.web.servlet.context.ServletWebServerApplicationContext [Root WebApplicationContext: initialization completed in 1218 ms]
2021-01-15 10:52:39 INFO  org.springframework.scheduling.concurrent.ThreadPoolTaskExecutor [Initializing ExecutorService 'applicationTaskExecutor']
2021-01-15 10:52:39 INFO  org.springframework.boot.devtools.autoconfigure.OptionalLiveReloadServer [LiveReload server is running on port 35729]
2021-01-15 10:52:39 INFO  org.springframework.scheduling.concurrent.ThreadPoolTaskScheduler [Initializing ExecutorService 'taskScheduler']
2021-01-15 10:52:39 INFO  org.apache.coyote.http11.Http11NioProtocol [Starting ProtocolHandler ["https-jsse-nio-8088"]]
2021-01-15 10:52:40 INFO  org.apache.coyote.http11.Http11NioProtocol [Starting ProtocolHandler ["http-nio-8087"]]
2021-01-15 10:52:40 INFO  org.springframework.boot.web.embedded.tomcat.TomcatWebServer [Tomcat started on port(s): 8088 (https) 8087 (http) with context path '']
2021-01-15 10:52:40 INFO  springfox.documentation.spring.web.plugins.DocumentationPluginsBootstrapper [Context refreshed]
2021-01-15 10:52:40 INFO  springfox.documentation.spring.web.plugins.DocumentationPluginsBootstrapper [Found 1 custom documentation plugin(s)]
2021-01-15 10:52:40 INFO  springfox.documentation.spring.web.scanners.ApiListingReferenceScanner [Scanning for api listing references]
2021-01-15 10:52:40 INFO  com.xietian.graduated.GraduatedApplication [Started GraduatedApplication in 3.378 seconds (JVM running for 4.16)]
2021-01-15 10:52:45 INFO  com.zaxxer.hikari.HikariDataSource [HikariPool-1 - Starting...]
2021-01-15 10:52:45 INFO  com.zaxxer.hikari.HikariDataSource [HikariPool-1 - Start completed.]
2021-01-15 10:58:10 INFO  org.apache.coyote.http11.Http11Processor [Error parsing HTTP request header
 Note: further occurrences of HTTP request parsing errors will be logged at DEBUG level.]
java.lang.IllegalArgumentException: Invalid character found in method name [0x160x030x010x020x000x010x000x010xfc0x030x030xe30xbcG0x9f0xa10x840xff0xb0N0xdf0x810x0c0x050x8dvT0xe1x0x8b0xa00x8cL0x900xbf^0x9f0xd5$0xff:][]. HTTP method names must be tokens
	at org.apache.coyote.http11.Http11InputBuffer.parseRequestLine(Http11InputBuffer.java:417)
	at org.apache.coyote.http11.Http11Processor.service(Http11Processor.java:261)
	at org.apache.coyote.AbstractProcessorLight.process(AbstractProcessorLight.java:65)
	at org.apache.coyote.AbstractProtocol$ConnectionHandler.process(AbstractProtocol.java:868)
	at org.apache.tomcat.util.net.NioEndpoint$SocketProcessor.doRun(NioEndpoint.java:1590)
	at org.apache.tomcat.util.net.SocketProcessorBase.run(SocketProcessorBase.java:49)
	at java.util.concurrent.ThreadPoolExecutor.runWorker(ThreadPoolExecutor.java:1149)
	at java.util.concurrent.ThreadPoolExecutor$Worker.run(ThreadPoolExecutor.java:624)
	at org.apache.tomcat.util.threads.TaskThread$WrappingRunnable.run(TaskThread.java:61)
	at java.lang.Thread.run(Thread.java:748)
2021-01-15 10:58:10 INFO  org.apache.coyote.http11.Http11Processor [Error parsing HTTP request header
 Note: further occurrences of HTTP request parsing errors will be logged at DEBUG level.]
java.lang.IllegalArgumentException: Invalid character found in method name [0x160x030x010x020x000x010x000x010xfc0x030x030x92!0xcb0x1d0x150xd3o0x8840xb10xdd0xc30xd80x7f0xc40xc40x840xc90xe1kuZ0xe00xc30xfdv0x940xb30xb00x0f0xb30xd2]. HTTP method names must be tokens
	at org.apache.coyote.http11.Http11InputBuffer.parseRequestLine(Http11InputBuffer.java:417)
	at org.apache.coyote.http11.Http11Processor.service(Http11Processor.java:261)
	at org.apache.coyote.AbstractProcessorLight.process(AbstractProcessorLight.java:65)
	at org.apache.coyote.AbstractProtocol$ConnectionHandler.process(AbstractProtocol.java:868)
	at org.apache.tomcat.util.net.NioEndpoint$SocketProcessor.doRun(NioEndpoint.java:1590)
	at org.apache.tomcat.util.net.SocketProcessorBase.run(SocketProcessorBase.java:49)
	at java.util.concurrent.ThreadPoolExecutor.runWorker(ThreadPoolExecutor.java:1149)
	at java.util.concurrent.ThreadPoolExecutor$Worker.run(ThreadPoolExecutor.java:624)
	at org.apache.tomcat.util.threads.TaskThread$WrappingRunnable.run(TaskThread.java:61)
	at java.lang.Thread.run(Thread.java:748)
2021-01-15 11:08:29 INFO  org.hibernate.validator.internal.util.Version [HV000001: Hibernate Validator 5.4.1.Final]
2021-01-15 11:08:29 INFO  com.xietian.graduated.GraduatedApplication [Starting GraduatedApplication using Java 1.8.0_271 on DESKTOP-CKPKB5K with PID 13708 (D:\IDE\IntelliJ IDEA 2019.3.5\project\graduated\target\classes started by Administrator in D:\IDE\IntelliJ IDEA 2019.3.5\project\graduated)]
2021-01-15 11:08:29 INFO  com.xietian.graduated.GraduatedApplication [No active profile set, falling back to default profiles: default]
2021-01-15 11:08:29 INFO  org.springframework.boot.devtools.env.DevToolsPropertyDefaultsPostProcessor [Devtools property defaults active! Set 'spring.devtools.add-properties' to 'false' to disable]
2021-01-15 11:08:29 INFO  org.springframework.boot.devtools.env.DevToolsPropertyDefaultsPostProcessor [For additional web related logging consider setting the 'logging.level.web' property to 'DEBUG']
2021-01-15 11:08:30 INFO  org.springframework.data.repository.config.RepositoryConfigurationDelegate [Multiple Spring Data modules found, entering strict repository configuration mode!]
2021-01-15 11:08:30 INFO  org.springframework.data.repository.config.RepositoryConfigurationDelegate [Bootstrapping Spring Data Redis repositories in DEFAULT mode.]
2021-01-15 11:08:30 INFO  org.springframework.data.repository.config.RepositoryConfigurationDelegate [Finished Spring Data repository scanning in 11 ms. Found 0 Redis repository interfaces.]
2021-01-15 11:08:30 WARN  org.springframework.boot.web.servlet.context.AnnotationConfigServletWebServerApplicationContext [Exception encountered during context initialization - cancelling refresh attempt: org.springframework.context.ApplicationContextException: Unable to start web server; nested exception is org.springframework.boot.web.server.WebServerException: Could not load key store 'classpath:javaboy.keystore']
2021-01-15 11:08:30 INFO  org.springframework.boot.autoconfigure.logging.ConditionEvaluationReportLoggingListener [

Error starting ApplicationContext. To display the conditions report re-run your application with 'debug' enabled.]
2021-01-15 11:08:30 ERROR org.springframework.boot.SpringApplication [Application run failed]
org.springframework.context.ApplicationContextException: Unable to start web server; nested exception is org.springframework.boot.web.server.WebServerException: Could not load key store 'classpath:javaboy.keystore'
	at org.springframework.boot.web.servlet.context.ServletWebServerApplicationContext.onRefresh(ServletWebServerApplicationContext.java:162)
	at org.springframework.context.support.AbstractApplicationContext.refresh(AbstractApplicationContext.java:582)
	at org.springframework.boot.web.servlet.context.ServletWebServerApplicationContext.refresh(ServletWebServerApplicationContext.java:144)
	at org.springframework.boot.SpringApplication.refresh(SpringApplication.java:767)
	at org.springframework.boot.SpringApplication.refresh(SpringApplication.java:759)
	at org.springframework.boot.SpringApplication.refreshContext(SpringApplication.java:426)
	at org.springframework.boot.SpringApplication.run(SpringApplication.java:326)
	at org.springframework.boot.SpringApplication.run(SpringApplication.java:1309)
	at org.springframework.boot.SpringApplication.run(SpringApplication.java:1298)
	at com.xietian.graduated.GraduatedApplication.main(GraduatedApplication.java:26)
	at sun.reflect.NativeMethodAccessorImpl.invoke0(Native Method)
	at sun.reflect.NativeMethodAccessorImpl.invoke(NativeMethodAccessorImpl.java:62)
	at sun.reflect.DelegatingMethodAccessorImpl.invoke(DelegatingMethodAccessorImpl.java:43)
	at java.lang.reflect.Method.invoke(Method.java:498)
	at org.springframework.boot.devtools.restart.RestartLauncher.run(RestartLauncher.java:49)
Caused by: org.springframework.boot.web.server.WebServerException: Could not load key store 'classpath:javaboy.keystore'
	at org.springframework.boot.web.embedded.tomcat.SslConnectorCustomizer.configureSslKeyStore(SslConnectorCustomizer.java:132)
	at org.springframework.boot.web.embedded.tomcat.SslConnectorCustomizer.configureSsl(SslConnectorCustomizer.java:92)
	at org.springframework.boot.web.embedded.tomcat.SslConnectorCustomizer.customize(SslConnectorCustomizer.java:57)
	at org.springframework.boot.web.embedded.tomcat.TomcatServletWebServerFactory.customizeSsl(TomcatServletWebServerFactory.java:349)
	at org.springframework.boot.web.embedded.tomcat.TomcatServletWebServerFactory.customizeConnector(TomcatServletWebServerFactory.java:327)
	at org.springframework.boot.web.embedded.tomcat.TomcatServletWebServerFactory.getWebServer(TomcatServletWebServerFactory.java:192)
	at org.springframework.boot.web.servlet.context.ServletWebServerApplicationContext.createWebServer(ServletWebServerApplicationContext.java:181)
	at org.springframework.boot.web.servlet.context.ServletWebServerApplicationContext.onRefresh(ServletWebServerApplicationContext.java:159)
	... 14 common frames omitted
Caused by: java.io.FileNotFoundException: class path resource [javaboy.keystore] cannot be resolved to URL because it does not exist
	at org.springframework.util.ResourceUtils.getURL(ResourceUtils.java:137)
	at org.springframework.boot.web.embedded.tomcat.SslConnectorCustomizer.configureSslKeyStore(SslConnectorCustomizer.java:129)
	... 21 common frames omitted
2021-01-15 11:09:17 INFO  com.xietian.graduated.GraduatedApplication [Starting GraduatedApplication using Java 1.8.0_271 on DESKTOP-CKPKB5K with PID 22684 (D:\IDE\IntelliJ IDEA 2019.3.5\project\graduated\target\classes started by Administrator in D:\IDE\IntelliJ IDEA 2019.3.5\project\graduated)]
2021-01-15 11:09:17 INFO  org.hibernate.validator.internal.util.Version [HV000001: Hibernate Validator 5.4.1.Final]
2021-01-15 11:09:17 INFO  com.xietian.graduated.GraduatedApplication [No active profile set, falling back to default profiles: default]
2021-01-15 11:09:17 INFO  org.springframework.boot.devtools.env.DevToolsPropertyDefaultsPostProcessor [Devtools property defaults active! Set 'spring.devtools.add-properties' to 'false' to disable]
2021-01-15 11:09:17 INFO  org.springframework.boot.devtools.env.DevToolsPropertyDefaultsPostProcessor [For additional web related logging consider setting the 'logging.level.web' property to 'DEBUG']
2021-01-15 11:09:18 INFO  org.springframework.data.repository.config.RepositoryConfigurationDelegate [Multiple Spring Data modules found, entering strict repository configuration mode!]
2021-01-15 11:09:18 INFO  org.springframework.data.repository.config.RepositoryConfigurationDelegate [Bootstrapping Spring Data Redis repositories in DEFAULT mode.]
2021-01-15 11:09:18 INFO  org.springframework.data.repository.config.RepositoryConfigurationDelegate [Finished Spring Data repository scanning in 12 ms. Found 0 Redis repository interfaces.]
2021-01-15 11:09:18 INFO  org.springframework.boot.web.embedded.tomcat.TomcatWebServer [Tomcat initialized with port(s): 8088 (https) 8087 (http)]
2021-01-15 11:09:18 INFO  org.apache.coyote.http11.Http11NioProtocol [Initializing ProtocolHandler ["https-jsse-nio-8088"]]
2021-01-15 11:09:18 INFO  org.apache.coyote.http11.Http11NioProtocol [Initializing ProtocolHandler ["http-nio-8087"]]
2021-01-15 11:09:18 INFO  org.apache.catalina.core.StandardService [Starting service [Tomcat]]
2021-01-15 11:09:18 INFO  org.apache.catalina.core.StandardEngine [Starting Servlet engine: [Apache Tomcat/9.0.39]]
2021-01-15 11:09:19 INFO  org.apache.catalina.core.ContainerBase.[Tomcat].[localhost].[/] [Initializing Spring embedded WebApplicationContext]
2021-01-15 11:09:19 INFO  org.springframework.boot.web.servlet.context.ServletWebServerApplicationContext [Root WebApplicationContext: initialization completed in 1202 ms]
2021-01-15 11:09:19 INFO  org.springframework.scheduling.concurrent.ThreadPoolTaskExecutor [Initializing ExecutorService 'applicationTaskExecutor']
2021-01-15 11:09:19 INFO  org.springframework.boot.devtools.autoconfigure.OptionalLiveReloadServer [LiveReload server is running on port 35729]
2021-01-15 11:09:20 INFO  org.springframework.scheduling.concurrent.ThreadPoolTaskScheduler [Initializing ExecutorService 'taskScheduler']
2021-01-15 11:09:20 INFO  org.apache.coyote.http11.Http11NioProtocol [Starting ProtocolHandler ["https-jsse-nio-8088"]]
2021-01-15 11:09:20 INFO  org.apache.coyote.http11.Http11NioProtocol [Starting ProtocolHandler ["http-nio-8087"]]
2021-01-15 11:09:20 INFO  org.springframework.boot.web.embedded.tomcat.TomcatWebServer [Tomcat started on port(s): 8088 (https) 8087 (http) with context path '']
2021-01-15 11:09:20 INFO  springfox.documentation.spring.web.plugins.DocumentationPluginsBootstrapper [Context refreshed]
2021-01-15 11:09:20 INFO  springfox.documentation.spring.web.plugins.DocumentationPluginsBootstrapper [Found 1 custom documentation plugin(s)]
2021-01-15 11:09:20 INFO  springfox.documentation.spring.web.scanners.ApiListingReferenceScanner [Scanning for api listing references]
2021-01-15 11:09:20 INFO  com.xietian.graduated.GraduatedApplication [Started GraduatedApplication in 3.509 seconds (JVM running for 4.278)]
2021-01-15 11:09:25 INFO  com.zaxxer.hikari.HikariDataSource [HikariPool-1 - Starting...]
2021-01-15 11:09:25 INFO  com.zaxxer.hikari.HikariDataSource [HikariPool-1 - Start completed.]
2021-01-15 11:09:43 INFO  org.apache.coyote.http11.Http11Processor [Error parsing HTTP request header
 Note: further occurrences of HTTP request parsing errors will be logged at DEBUG level.]
java.lang.IllegalArgumentException: Invalid character found in method name [0x160x030x010x020x000x010x000x010xfc0x030x030xf8K0xa4)0x030xd9/TBW0x1ds0xa70xb6N0xc80xbe0x160xa20xf3<0xb0"e0x8d0x860xcf0x8260xec0xd80x96]. HTTP method names must be tokens
	at org.apache.coyote.http11.Http11InputBuffer.parseRequestLine(Http11InputBuffer.java:417)
	at org.apache.coyote.http11.Http11Processor.service(Http11Processor.java:261)
	at org.apache.coyote.AbstractProcessorLight.process(AbstractProcessorLight.java:65)
	at org.apache.coyote.AbstractProtocol$ConnectionHandler.process(AbstractProtocol.java:868)
	at org.apache.tomcat.util.net.NioEndpoint$SocketProcessor.doRun(NioEndpoint.java:1590)
	at org.apache.tomcat.util.net.SocketProcessorBase.run(SocketProcessorBase.java:49)
	at java.util.concurrent.ThreadPoolExecutor.runWorker(ThreadPoolExecutor.java:1149)
	at java.util.concurrent.ThreadPoolExecutor$Worker.run(ThreadPoolExecutor.java:624)
	at org.apache.tomcat.util.threads.TaskThread$WrappingRunnable.run(TaskThread.java:61)
	at java.lang.Thread.run(Thread.java:748)
2021-01-15 11:09:43 INFO  org.apache.coyote.http11.Http11Processor [Error parsing HTTP request header
 Note: further occurrences of HTTP request parsing errors will be logged at DEBUG level.]
java.lang.IllegalArgumentException: Invalid character found in method name [0x160x030x010x020x000x010x000x010xfc0x030x030x82;c0x8d0xab0xcaw0x9e0xf80xdc0xce0x1e~0x8dv0x15v0x070xaa*0x1f0x8ci@0xf8S0x1b0x190xbfU(0x84]. HTTP method names must be tokens
	at org.apache.coyote.http11.Http11InputBuffer.parseRequestLine(Http11InputBuffer.java:417)
	at org.apache.coyote.http11.Http11Processor.service(Http11Processor.java:261)
	at org.apache.coyote.AbstractProcessorLight.process(AbstractProcessorLight.java:65)
	at org.apache.coyote.AbstractProtocol$ConnectionHandler.process(AbstractProtocol.java:868)
	at org.apache.tomcat.util.net.NioEndpoint$SocketProcessor.doRun(NioEndpoint.java:1590)
	at org.apache.tomcat.util.net.SocketProcessorBase.run(SocketProcessorBase.java:49)
	at java.util.concurrent.ThreadPoolExecutor.runWorker(ThreadPoolExecutor.java:1149)
	at java.util.concurrent.ThreadPoolExecutor$Worker.run(ThreadPoolExecutor.java:624)
	at org.apache.tomcat.util.threads.TaskThread$WrappingRunnable.run(TaskThread.java:61)
	at java.lang.Thread.run(Thread.java:748)
2021-01-15 11:09:43 INFO  org.apache.coyote.http11.Http11Processor [Error parsing HTTP request header
 Note: further occurrences of HTTP request parsing errors will be logged at DEBUG level.]
java.lang.IllegalArgumentException: Invalid character found in method name [0x160x030x010x020x000x010x000x010xfc0x030x030x9b{0xc80x000x840xa40xce0xf20x100xe40x9a0x0bVR0x9e0xba)0xc40xa75A0xda0xef0x0c0xc20x920xf50xbba0x8dN0x19]. HTTP method names must be tokens
	at org.apache.coyote.http11.Http11InputBuffer.parseRequestLine(Http11InputBuffer.java:417)
	at org.apache.coyote.http11.Http11Processor.service(Http11Processor.java:261)
	at org.apache.coyote.AbstractProcessorLight.process(AbstractProcessorLight.java:65)
	at org.apache.coyote.AbstractProtocol$ConnectionHandler.process(AbstractProtocol.java:868)
	at org.apache.tomcat.util.net.NioEndpoint$SocketProcessor.doRun(NioEndpoint.java:1590)
	at org.apache.tomcat.util.net.SocketProcessorBase.run(SocketProcessorBase.java:49)
	at java.util.concurrent.ThreadPoolExecutor.runWorker(ThreadPoolExecutor.java:1149)
	at java.util.concurrent.ThreadPoolExecutor$Worker.run(ThreadPoolExecutor.java:624)
	at org.apache.tomcat.util.threads.TaskThread$WrappingRunnable.run(TaskThread.java:61)
	at java.lang.Thread.run(Thread.java:748)
2021-01-15 12:53:26 INFO  org.hibernate.validator.internal.util.Version [HV000001: Hibernate Validator 5.4.1.Final]
2021-01-15 12:53:26 INFO  com.xietian.graduated.GraduatedApplication [Starting GraduatedApplication using Java 1.8.0_271 on DESKTOP-CKPKB5K with PID 9456 (D:\IDE\IntelliJ IDEA 2019.3.5\project\graduated\target\classes started by Administrator in D:\IDE\IntelliJ IDEA 2019.3.5\project\graduated)]
2021-01-15 12:53:26 INFO  com.xietian.graduated.GraduatedApplication [No active profile set, falling back to default profiles: default]
2021-01-15 12:53:26 INFO  org.springframework.boot.devtools.env.DevToolsPropertyDefaultsPostProcessor [Devtools property defaults active! Set 'spring.devtools.add-properties' to 'false' to disable]
2021-01-15 12:53:26 INFO  org.springframework.boot.devtools.env.DevToolsPropertyDefaultsPostProcessor [For additional web related logging consider setting the 'logging.level.web' property to 'DEBUG']
2021-01-15 12:53:26 INFO  org.springframework.data.repository.config.RepositoryConfigurationDelegate [Multiple Spring Data modules found, entering strict repository configuration mode!]
2021-01-15 12:53:26 INFO  org.springframework.data.repository.config.RepositoryConfigurationDelegate [Bootstrapping Spring Data Redis repositories in DEFAULT mode.]
2021-01-15 12:53:26 INFO  org.springframework.data.repository.config.RepositoryConfigurationDelegate [Finished Spring Data repository scanning in 11 ms. Found 0 Redis repository interfaces.]
2021-01-15 12:53:27 INFO  org.springframework.boot.web.embedded.tomcat.TomcatWebServer [Tomcat initialized with port(s): 8088 (https) 8087 (http)]
2021-01-15 12:53:27 INFO  org.apache.coyote.http11.Http11NioProtocol [Initializing ProtocolHandler ["https-jsse-nio-8088"]]
2021-01-15 12:53:27 INFO  org.apache.coyote.http11.Http11NioProtocol [Initializing ProtocolHandler ["http-nio-8087"]]
2021-01-15 12:53:27 INFO  org.apache.catalina.core.StandardService [Starting service [Tomcat]]
2021-01-15 12:53:27 INFO  org.apache.catalina.core.StandardEngine [Starting Servlet engine: [Apache Tomcat/9.0.39]]
2021-01-15 12:53:27 INFO  org.apache.catalina.core.ContainerBase.[Tomcat].[localhost].[/] [Initializing Spring embedded WebApplicationContext]
2021-01-15 12:53:27 INFO  org.springframework.boot.web.servlet.context.ServletWebServerApplicationContext [Root WebApplicationContext: initialization completed in 1218 ms]
2021-01-15 12:53:28 INFO  org.springframework.scheduling.concurrent.ThreadPoolTaskExecutor [Initializing ExecutorService 'applicationTaskExecutor']
2021-01-15 12:53:28 INFO  org.springframework.boot.devtools.autoconfigure.OptionalLiveReloadServer [LiveReload server is running on port 35729]
2021-01-15 12:53:28 INFO  org.springframework.scheduling.concurrent.ThreadPoolTaskScheduler [Initializing ExecutorService 'taskScheduler']
2021-01-15 12:53:28 INFO  org.apache.coyote.http11.Http11NioProtocol [Starting ProtocolHandler ["https-jsse-nio-8088"]]
2021-01-15 12:53:28 WARN  org.springframework.boot.web.servlet.context.AnnotationConfigServletWebServerApplicationContext [Exception encountered during context initialization - cancelling refresh attempt: org.springframework.context.ApplicationContextException: Failed to start bean 'webServerStartStop'; nested exception is org.springframework.boot.web.server.WebServerException: Unable to start embedded Tomcat server]
2021-01-15 12:53:28 INFO  org.springframework.scheduling.concurrent.ThreadPoolTaskScheduler [Shutting down ExecutorService 'taskScheduler']
2021-01-15 12:53:28 INFO  org.springframework.scheduling.concurrent.ThreadPoolTaskExecutor [Shutting down ExecutorService 'applicationTaskExecutor']
2021-01-15 12:53:28 INFO  org.apache.coyote.http11.Http11NioProtocol [Pausing ProtocolHandler ["https-jsse-nio-8088"]]
2021-01-15 12:53:28 INFO  org.apache.catalina.core.StandardService [Stopping service [Tomcat]]
2021-01-15 12:53:28 INFO  org.apache.coyote.http11.Http11NioProtocol [Stopping ProtocolHandler ["https-jsse-nio-8088"]]
2021-01-15 12:53:28 INFO  org.apache.coyote.http11.Http11NioProtocol [Destroying ProtocolHandler ["https-jsse-nio-8088"]]
2021-01-15 12:53:28 INFO  org.springframework.boot.autoconfigure.logging.ConditionEvaluationReportLoggingListener [

Error starting ApplicationContext. To display the conditions report re-run your application with 'debug' enabled.]
2021-01-15 12:53:28 ERROR org.springframework.boot.SpringApplication [Application run failed]
org.springframework.context.ApplicationContextException: Failed to start bean 'webServerStartStop'; nested exception is org.springframework.boot.web.server.WebServerException: Unable to start embedded Tomcat server
	at org.springframework.context.support.DefaultLifecycleProcessor.doStart(DefaultLifecycleProcessor.java:181)
	at org.springframework.context.support.DefaultLifecycleProcessor.access$200(DefaultLifecycleProcessor.java:54)
	at org.springframework.context.support.DefaultLifecycleProcessor$LifecycleGroup.start(DefaultLifecycleProcessor.java:356)
	at java.lang.Iterable.forEach(Iterable.java:75)
	at org.springframework.context.support.DefaultLifecycleProcessor.startBeans(DefaultLifecycleProcessor.java:155)
	at org.springframework.context.support.DefaultLifecycleProcessor.onRefresh(DefaultLifecycleProcessor.java:123)
	at org.springframework.context.support.AbstractApplicationContext.finishRefresh(AbstractApplicationContext.java:942)
	at org.springframework.context.support.AbstractApplicationContext.refresh(AbstractApplicationContext.java:591)
	at org.springframework.boot.web.servlet.context.ServletWebServerApplicationContext.refresh(ServletWebServerApplicationContext.java:144)
	at org.springframework.boot.SpringApplication.refresh(SpringApplication.java:767)
	at org.springframework.boot.SpringApplication.refresh(SpringApplication.java:759)
	at org.springframework.boot.SpringApplication.refreshContext(SpringApplication.java:426)
	at org.springframework.boot.SpringApplication.run(SpringApplication.java:326)
	at org.springframework.boot.SpringApplication.run(SpringApplication.java:1309)
	at org.springframework.boot.SpringApplication.run(SpringApplication.java:1298)
	at com.xietian.graduated.GraduatedApplication.main(GraduatedApplication.java:26)
	at sun.reflect.NativeMethodAccessorImpl.invoke0(Native Method)
	at sun.reflect.NativeMethodAccessorImpl.invoke(NativeMethodAccessorImpl.java:62)
	at sun.reflect.DelegatingMethodAccessorImpl.invoke(DelegatingMethodAccessorImpl.java:43)
	at java.lang.reflect.Method.invoke(Method.java:498)
	at org.springframework.boot.devtools.restart.RestartLauncher.run(RestartLauncher.java:49)
Caused by: org.springframework.boot.web.server.WebServerException: Unable to start embedded Tomcat server
	at org.springframework.boot.web.embedded.tomcat.TomcatWebServer.start(TomcatWebServer.java:229)
	at org.springframework.boot.web.servlet.context.WebServerStartStopLifecycle.start(WebServerStartStopLifecycle.java:43)
	at org.springframework.context.support.DefaultLifecycleProcessor.doStart(DefaultLifecycleProcessor.java:178)
	... 20 common frames omitted
Caused by: java.lang.IllegalArgumentException: standardService.connector.startFailed
	at org.apache.catalina.core.StandardService.addConnector(StandardService.java:231)
	at org.springframework.boot.web.embedded.tomcat.TomcatWebServer.addPreviouslyRemovedConnectors(TomcatWebServer.java:282)
	at org.springframework.boot.web.embedded.tomcat.TomcatWebServer.start(TomcatWebServer.java:213)
	... 22 common frames omitted
Caused by: org.apache.catalina.LifecycleException: Protocol handler start failed
	at org.apache.catalina.connector.Connector.startInternal(Connector.java:1067)
	at org.apache.catalina.util.LifecycleBase.start(LifecycleBase.java:183)
	at org.apache.catalina.core.StandardService.addConnector(StandardService.java:227)
	... 24 common frames omitted
Caused by: java.lang.IllegalArgumentException: Keystore was tampered with, or password was incorrect
	at org.apache.tomcat.util.net.AbstractJsseEndpoint.createSSLContext(AbstractJsseEndpoint.java:99)
	at org.apache.tomcat.util.net.AbstractJsseEndpoint.initialiseSsl(AbstractJsseEndpoint.java:71)
	at org.apache.tomcat.util.net.NioEndpoint.bind(NioEndpoint.java:216)
	at org.apache.tomcat.util.net.AbstractEndpoint.bindWithCleanup(AbstractEndpoint.java:1141)
	at org.apache.tomcat.util.net.AbstractEndpoint.start(AbstractEndpoint.java:1227)
	at org.apache.coyote.AbstractProtocol.start(AbstractProtocol.java:592)
	at org.apache.catalina.connector.Connector.startInternal(Connector.java:1064)
	... 26 common frames omitted
Caused by: java.io.IOException: Keystore was tampered with, or password was incorrect
	at sun.security.provider.JavaKeyStore.engineLoad(JavaKeyStore.java:782)
	at sun.security.provider.JavaKeyStore$JKS.engineLoad(JavaKeyStore.java:56)
	at sun.security.provider.KeyStoreDelegator.engineLoad(KeyStoreDelegator.java:224)
	at sun.security.provider.JavaKeyStore$DualFormatJKS.engineLoad(JavaKeyStore.java:70)
	at java.security.KeyStore.load(KeyStore.java:1445)
	at org.apache.tomcat.util.security.KeyStoreUtil.load(KeyStoreUtil.java:69)
	at org.apache.tomcat.util.net.SSLUtilBase.getStore(SSLUtilBase.java:216)
	at org.apache.tomcat.util.net.SSLHostConfigCertificate.getCertificateKeystore(SSLHostConfigCertificate.java:207)
	at org.apache.tomcat.util.net.SSLUtilBase.getKeyManagers(SSLUtilBase.java:282)
	at org.apache.tomcat.util.net.SSLUtilBase.createSSLContext(SSLUtilBase.java:246)
	at org.apache.tomcat.util.net.AbstractJsseEndpoint.createSSLContext(AbstractJsseEndpoint.java:97)
	... 32 common frames omitted
Caused by: java.security.UnrecoverableKeyException: Password verification failed
	at sun.security.provider.JavaKeyStore.engineLoad(JavaKeyStore.java:780)
	... 42 common frames omitted
2021-01-15 13:42:14 INFO  org.hibernate.validator.internal.util.Version [HV000001: Hibernate Validator 5.4.1.Final]
2021-01-15 13:42:14 INFO  com.xietian.graduated.GraduatedApplication [Starting GraduatedApplication using Java 1.8.0_271 on DESKTOP-CKPKB5K with PID 19668 (D:\IDE\IntelliJ IDEA 2019.3.5\project\graduated\target\classes started by Administrator in D:\IDE\IntelliJ IDEA 2019.3.5\project\graduated)]
2021-01-15 13:42:14 INFO  com.xietian.graduated.GraduatedApplication [No active profile set, falling back to default profiles: default]
2021-01-15 13:42:14 INFO  org.springframework.boot.devtools.env.DevToolsPropertyDefaultsPostProcessor [Devtools property defaults active! Set 'spring.devtools.add-properties' to 'false' to disable]
2021-01-15 13:42:14 INFO  org.springframework.boot.devtools.env.DevToolsPropertyDefaultsPostProcessor [For additional web related logging consider setting the 'logging.level.web' property to 'DEBUG']
2021-01-15 13:42:14 INFO  org.springframework.data.repository.config.RepositoryConfigurationDelegate [Multiple Spring Data modules found, entering strict repository configuration mode!]
2021-01-15 13:42:14 INFO  org.springframework.data.repository.config.RepositoryConfigurationDelegate [Bootstrapping Spring Data Redis repositories in DEFAULT mode.]
2021-01-15 13:42:14 INFO  org.springframework.data.repository.config.RepositoryConfigurationDelegate [Finished Spring Data repository scanning in 12 ms. Found 0 Redis repository interfaces.]
2021-01-15 13:42:15 WARN  org.springframework.boot.web.servlet.context.AnnotationConfigServletWebServerApplicationContext [Exception encountered during context initialization - cancelling refresh attempt: org.springframework.context.ApplicationContextException: Unable to start web server; nested exception is org.springframework.boot.web.server.WebServerException: Could not load key store 'classpath:javaboy.p13']
2021-01-15 13:42:15 INFO  org.springframework.boot.autoconfigure.logging.ConditionEvaluationReportLoggingListener [

Error starting ApplicationContext. To display the conditions report re-run your application with 'debug' enabled.]
2021-01-15 13:42:15 ERROR org.springframework.boot.SpringApplication [Application run failed]
org.springframework.context.ApplicationContextException: Unable to start web server; nested exception is org.springframework.boot.web.server.WebServerException: Could not load key store 'classpath:javaboy.p13'
	at org.springframework.boot.web.servlet.context.ServletWebServerApplicationContext.onRefresh(ServletWebServerApplicationContext.java:162)
	at org.springframework.context.support.AbstractApplicationContext.refresh(AbstractApplicationContext.java:582)
	at org.springframework.boot.web.servlet.context.ServletWebServerApplicationContext.refresh(ServletWebServerApplicationContext.java:144)
	at org.springframework.boot.SpringApplication.refresh(SpringApplication.java:767)
	at org.springframework.boot.SpringApplication.refresh(SpringApplication.java:759)
	at org.springframework.boot.SpringApplication.refreshContext(SpringApplication.java:426)
	at org.springframework.boot.SpringApplication.run(SpringApplication.java:326)
	at org.springframework.boot.SpringApplication.run(SpringApplication.java:1309)
	at org.springframework.boot.SpringApplication.run(SpringApplication.java:1298)
	at com.xietian.graduated.GraduatedApplication.main(GraduatedApplication.java:26)
	at sun.reflect.NativeMethodAccessorImpl.invoke0(Native Method)
	at sun.reflect.NativeMethodAccessorImpl.invoke(NativeMethodAccessorImpl.java:62)
	at sun.reflect.DelegatingMethodAccessorImpl.invoke(DelegatingMethodAccessorImpl.java:43)
	at java.lang.reflect.Method.invoke(Method.java:498)
	at org.springframework.boot.devtools.restart.RestartLauncher.run(RestartLauncher.java:49)
Caused by: org.springframework.boot.web.server.WebServerException: Could not load key store 'classpath:javaboy.p13'
	at org.springframework.boot.web.embedded.tomcat.SslConnectorCustomizer.configureSslKeyStore(SslConnectorCustomizer.java:132)
	at org.springframework.boot.web.embedded.tomcat.SslConnectorCustomizer.configureSsl(SslConnectorCustomizer.java:92)
	at org.springframework.boot.web.embedded.tomcat.SslConnectorCustomizer.customize(SslConnectorCustomizer.java:57)
	at org.springframework.boot.web.embedded.tomcat.TomcatServletWebServerFactory.customizeSsl(TomcatServletWebServerFactory.java:349)
	at org.springframework.boot.web.embedded.tomcat.TomcatServletWebServerFactory.customizeConnector(TomcatServletWebServerFactory.java:327)
	at org.springframework.boot.web.embedded.tomcat.TomcatServletWebServerFactory.getWebServer(TomcatServletWebServerFactory.java:192)
	at org.springframework.boot.web.servlet.context.ServletWebServerApplicationContext.createWebServer(ServletWebServerApplicationContext.java:181)
	at org.springframework.boot.web.servlet.context.ServletWebServerApplicationContext.onRefresh(ServletWebServerApplicationContext.java:159)
	... 14 common frames omitted
Caused by: java.io.FileNotFoundException: class path resource [javaboy.p13] cannot be resolved to URL because it does not exist
	at org.springframework.util.ResourceUtils.getURL(ResourceUtils.java:137)
	at org.springframework.boot.web.embedded.tomcat.SslConnectorCustomizer.configureSslKeyStore(SslConnectorCustomizer.java:129)
	... 21 common frames omitted
2021-01-15 13:43:59 INFO  org.hibernate.validator.internal.util.Version [HV000001: Hibernate Validator 5.4.1.Final]
2021-01-15 13:43:59 INFO  com.xietian.graduated.GraduatedApplication [Starting GraduatedApplication using Java 1.8.0_271 on DESKTOP-CKPKB5K with PID 9316 (D:\IDE\IntelliJ IDEA 2019.3.5\project\graduated\target\classes started by Administrator in D:\IDE\IntelliJ IDEA 2019.3.5\project\graduated)]
2021-01-15 13:43:59 INFO  com.xietian.graduated.GraduatedApplication [No active profile set, falling back to default profiles: default]
2021-01-15 13:44:00 INFO  org.springframework.boot.devtools.env.DevToolsPropertyDefaultsPostProcessor [Devtools property defaults active! Set 'spring.devtools.add-properties' to 'false' to disable]
2021-01-15 13:44:00 INFO  org.springframework.boot.devtools.env.DevToolsPropertyDefaultsPostProcessor [For additional web related logging consider setting the 'logging.level.web' property to 'DEBUG']
2021-01-15 13:44:00 INFO  org.springframework.data.repository.config.RepositoryConfigurationDelegate [Multiple Spring Data modules found, entering strict repository configuration mode!]
2021-01-15 13:44:00 INFO  org.springframework.data.repository.config.RepositoryConfigurationDelegate [Bootstrapping Spring Data Redis repositories in DEFAULT mode.]
2021-01-15 13:44:00 INFO  org.springframework.data.repository.config.RepositoryConfigurationDelegate [Finished Spring Data repository scanning in 12 ms. Found 0 Redis repository interfaces.]
2021-01-15 13:44:01 WARN  org.springframework.boot.web.servlet.context.AnnotationConfigServletWebServerApplicationContext [Exception encountered during context initialization - cancelling refresh attempt: org.springframework.context.ApplicationContextException: Unable to start web server; nested exception is org.springframework.boot.web.server.WebServerException: Could not load key store 'classpath:javaboy.p13']
2021-01-15 13:44:01 INFO  org.springframework.boot.autoconfigure.logging.ConditionEvaluationReportLoggingListener [

Error starting ApplicationContext. To display the conditions report re-run your application with 'debug' enabled.]
2021-01-15 13:44:01 ERROR org.springframework.boot.SpringApplication [Application run failed]
org.springframework.context.ApplicationContextException: Unable to start web server; nested exception is org.springframework.boot.web.server.WebServerException: Could not load key store 'classpath:javaboy.p13'
	at org.springframework.boot.web.servlet.context.ServletWebServerApplicationContext.onRefresh(ServletWebServerApplicationContext.java:162)
	at org.springframework.context.support.AbstractApplicationContext.refresh(AbstractApplicationContext.java:582)
	at org.springframework.boot.web.servlet.context.ServletWebServerApplicationContext.refresh(ServletWebServerApplicationContext.java:144)
	at org.springframework.boot.SpringApplication.refresh(SpringApplication.java:767)
	at org.springframework.boot.SpringApplication.refresh(SpringApplication.java:759)
	at org.springframework.boot.SpringApplication.refreshContext(SpringApplication.java:426)
	at org.springframework.boot.SpringApplication.run(SpringApplication.java:326)
	at org.springframework.boot.SpringApplication.run(SpringApplication.java:1309)
	at org.springframework.boot.SpringApplication.run(SpringApplication.java:1298)
	at com.xietian.graduated.GraduatedApplication.main(GraduatedApplication.java:26)
	at sun.reflect.NativeMethodAccessorImpl.invoke0(Native Method)
	at sun.reflect.NativeMethodAccessorImpl.invoke(NativeMethodAccessorImpl.java:62)
	at sun.reflect.DelegatingMethodAccessorImpl.invoke(DelegatingMethodAccessorImpl.java:43)
	at java.lang.reflect.Method.invoke(Method.java:498)
	at org.springframework.boot.devtools.restart.RestartLauncher.run(RestartLauncher.java:49)
Caused by: org.springframework.boot.web.server.WebServerException: Could not load key store 'classpath:javaboy.p13'
	at org.springframework.boot.web.embedded.tomcat.SslConnectorCustomizer.configureSslKeyStore(SslConnectorCustomizer.java:132)
	at org.springframework.boot.web.embedded.tomcat.SslConnectorCustomizer.configureSsl(SslConnectorCustomizer.java:92)
	at org.springframework.boot.web.embedded.tomcat.SslConnectorCustomizer.customize(SslConnectorCustomizer.java:57)
	at org.springframework.boot.web.embedded.tomcat.TomcatServletWebServerFactory.customizeSsl(TomcatServletWebServerFactory.java:349)
	at org.springframework.boot.web.embedded.tomcat.TomcatServletWebServerFactory.customizeConnector(TomcatServletWebServerFactory.java:327)
	at org.springframework.boot.web.embedded.tomcat.TomcatServletWebServerFactory.getWebServer(TomcatServletWebServerFactory.java:192)
	at org.springframework.boot.web.servlet.context.ServletWebServerApplicationContext.createWebServer(ServletWebServerApplicationContext.java:181)
	at org.springframework.boot.web.servlet.context.ServletWebServerApplicationContext.onRefresh(ServletWebServerApplicationContext.java:159)
	... 14 common frames omitted
Caused by: java.io.FileNotFoundException: class path resource [javaboy.p13] cannot be resolved to URL because it does not exist
	at org.springframework.util.ResourceUtils.getURL(ResourceUtils.java:137)
	at org.springframework.boot.web.embedded.tomcat.SslConnectorCustomizer.configureSslKeyStore(SslConnectorCustomizer.java:129)
	... 21 common frames omitted
2021-01-15 13:45:50 INFO  org.hibernate.validator.internal.util.Version [HV000001: Hibernate Validator 5.4.1.Final]
2021-01-15 13:45:50 INFO  com.xietian.graduated.GraduatedApplication [Starting GraduatedApplication using Java 1.8.0_271 on DESKTOP-CKPKB5K with PID 24748 (D:\IDE\IntelliJ IDEA 2019.3.5\project\graduated\target\classes started by Administrator in D:\IDE\IntelliJ IDEA 2019.3.5\project\graduated)]
2021-01-15 13:45:50 INFO  com.xietian.graduated.GraduatedApplication [No active profile set, falling back to default profiles: default]
2021-01-15 13:45:50 INFO  org.springframework.boot.devtools.env.DevToolsPropertyDefaultsPostProcessor [Devtools property defaults active! Set 'spring.devtools.add-properties' to 'false' to disable]
2021-01-15 13:45:50 INFO  org.springframework.boot.devtools.env.DevToolsPropertyDefaultsPostProcessor [For additional web related logging consider setting the 'logging.level.web' property to 'DEBUG']
2021-01-15 13:45:50 INFO  org.springframework.data.repository.config.RepositoryConfigurationDelegate [Multiple Spring Data modules found, entering strict repository configuration mode!]
2021-01-15 13:45:50 INFO  org.springframework.data.repository.config.RepositoryConfigurationDelegate [Bootstrapping Spring Data Redis repositories in DEFAULT mode.]
2021-01-15 13:45:50 INFO  org.springframework.data.repository.config.RepositoryConfigurationDelegate [Finished Spring Data repository scanning in 12 ms. Found 0 Redis repository interfaces.]
2021-01-15 13:45:51 INFO  org.springframework.boot.web.embedded.tomcat.TomcatWebServer [Tomcat initialized with port(s): 8088 (https) 8087 (http)]
2021-01-15 13:45:51 INFO  org.apache.coyote.http11.Http11NioProtocol [Initializing ProtocolHandler ["https-jsse-nio-8088"]]
2021-01-15 13:45:51 INFO  org.apache.coyote.http11.Http11NioProtocol [Initializing ProtocolHandler ["http-nio-8087"]]
2021-01-15 13:45:51 INFO  org.apache.catalina.core.StandardService [Starting service [Tomcat]]
2021-01-15 13:45:51 INFO  org.apache.catalina.core.StandardEngine [Starting Servlet engine: [Apache Tomcat/9.0.39]]
2021-01-15 13:45:51 INFO  org.apache.catalina.core.ContainerBase.[Tomcat].[localhost].[/] [Initializing Spring embedded WebApplicationContext]
2021-01-15 13:45:51 INFO  org.springframework.boot.web.servlet.context.ServletWebServerApplicationContext [Root WebApplicationContext: initialization completed in 1260 ms]
2021-01-15 13:45:52 INFO  org.springframework.scheduling.concurrent.ThreadPoolTaskExecutor [Initializing ExecutorService 'applicationTaskExecutor']
2021-01-15 13:45:52 INFO  org.springframework.boot.devtools.autoconfigure.OptionalLiveReloadServer [LiveReload server is running on port 35729]
2021-01-15 13:45:52 INFO  org.springframework.scheduling.concurrent.ThreadPoolTaskScheduler [Initializing ExecutorService 'taskScheduler']
2021-01-15 13:45:52 INFO  org.apache.coyote.http11.Http11NioProtocol [Starting ProtocolHandler ["https-jsse-nio-8088"]]
2021-01-15 13:45:52 INFO  org.apache.coyote.http11.Http11NioProtocol [Starting ProtocolHandler ["http-nio-8087"]]
2021-01-15 13:45:52 INFO  org.springframework.boot.web.embedded.tomcat.TomcatWebServer [Tomcat started on port(s): 8088 (https) 8087 (http) with context path '']
2021-01-15 13:45:52 INFO  springfox.documentation.spring.web.plugins.DocumentationPluginsBootstrapper [Context refreshed]
2021-01-15 13:45:52 INFO  springfox.documentation.spring.web.plugins.DocumentationPluginsBootstrapper [Found 1 custom documentation plugin(s)]
2021-01-15 13:45:52 INFO  springfox.documentation.spring.web.scanners.ApiListingReferenceScanner [Scanning for api listing references]
2021-01-15 13:45:53 INFO  com.xietian.graduated.GraduatedApplication [Started GraduatedApplication in 3.547 seconds (JVM running for 4.375)]
2021-01-15 13:45:57 INFO  com.zaxxer.hikari.HikariDataSource [HikariPool-1 - Starting...]
2021-01-15 13:45:58 INFO  com.zaxxer.hikari.HikariDataSource [HikariPool-1 - Start completed.]
2021-01-15 13:46:23 INFO  org.apache.coyote.http11.Http11Processor [Error parsing HTTP request header
 Note: further occurrences of HTTP request parsing errors will be logged at DEBUG level.]
java.lang.IllegalArgumentException: Invalid character found in method name [0x160x030x010x020x000x010x000x010xfc0x030x03Xs0x1e9M0xfb0x06c0xdd+0xa6V|0xc9=0x950xff.0xce0xe10xe20xe80xab90xcc{0x1ck0x970xbbaB]. HTTP method names must be tokens
	at org.apache.coyote.http11.Http11InputBuffer.parseRequestLine(Http11InputBuffer.java:417)
	at org.apache.coyote.http11.Http11Processor.service(Http11Processor.java:261)
	at org.apache.coyote.AbstractProcessorLight.process(AbstractProcessorLight.java:65)
	at org.apache.coyote.AbstractProtocol$ConnectionHandler.process(AbstractProtocol.java:868)
	at org.apache.tomcat.util.net.NioEndpoint$SocketProcessor.doRun(NioEndpoint.java:1590)
	at org.apache.tomcat.util.net.SocketProcessorBase.run(SocketProcessorBase.java:49)
	at java.util.concurrent.ThreadPoolExecutor.runWorker(ThreadPoolExecutor.java:1149)
	at java.util.concurrent.ThreadPoolExecutor$Worker.run(ThreadPoolExecutor.java:624)
	at org.apache.tomcat.util.threads.TaskThread$WrappingRunnable.run(TaskThread.java:61)
	at java.lang.Thread.run(Thread.java:748)
2021-01-15 13:46:23 INFO  org.apache.coyote.http11.Http11Processor [Error parsing HTTP request header
 Note: further occurrences of HTTP request parsing errors will be logged at DEBUG level.]
java.lang.IllegalArgumentException: Invalid character found in method name [0x160x030x010x020x000x010x000x010xfc0x030x030xc10x9b0xc90x06bn70x9a0xa8+0xdei*-0x950xf790xa8c0x1ev0xda+0xf30x900xd30x040xcd70x139;]. HTTP method names must be tokens
	at org.apache.coyote.http11.Http11InputBuffer.parseRequestLine(Http11InputBuffer.java:417)
	at org.apache.coyote.http11.Http11Processor.service(Http11Processor.java:261)
	at org.apache.coyote.AbstractProcessorLight.process(AbstractProcessorLight.java:65)
	at org.apache.coyote.AbstractProtocol$ConnectionHandler.process(AbstractProtocol.java:868)
	at org.apache.tomcat.util.net.NioEndpoint$SocketProcessor.doRun(NioEndpoint.java:1590)
	at org.apache.tomcat.util.net.SocketProcessorBase.run(SocketProcessorBase.java:49)
	at java.util.concurrent.ThreadPoolExecutor.runWorker(ThreadPoolExecutor.java:1149)
	at java.util.concurrent.ThreadPoolExecutor$Worker.run(ThreadPoolExecutor.java:624)
	at org.apache.tomcat.util.threads.TaskThread$WrappingRunnable.run(TaskThread.java:61)
	at java.lang.Thread.run(Thread.java:748)
2021-01-15 13:48:08 INFO  org.hibernate.validator.internal.util.Version [HV000001: Hibernate Validator 5.4.1.Final]
2021-01-15 13:48:08 INFO  com.xietian.graduated.GraduatedApplication [Starting GraduatedApplication using Java 1.8.0_271 on DESKTOP-CKPKB5K with PID 19144 (D:\IDE\IntelliJ IDEA 2019.3.5\project\graduated\target\classes started by Administrator in D:\IDE\IntelliJ IDEA 2019.3.5\project\graduated)]
2021-01-15 13:48:08 INFO  com.xietian.graduated.GraduatedApplication [No active profile set, falling back to default profiles: default]
2021-01-15 13:48:08 INFO  org.springframework.boot.devtools.env.DevToolsPropertyDefaultsPostProcessor [Devtools property defaults active! Set 'spring.devtools.add-properties' to 'false' to disable]
2021-01-15 13:48:08 INFO  org.springframework.boot.devtools.env.DevToolsPropertyDefaultsPostProcessor [For additional web related logging consider setting the 'logging.level.web' property to 'DEBUG']
2021-01-15 13:48:09 INFO  org.springframework.data.repository.config.RepositoryConfigurationDelegate [Multiple Spring Data modules found, entering strict repository configuration mode!]
2021-01-15 13:48:09 INFO  org.springframework.data.repository.config.RepositoryConfigurationDelegate [Bootstrapping Spring Data Redis repositories in DEFAULT mode.]
2021-01-15 13:48:09 INFO  org.springframework.data.repository.config.RepositoryConfigurationDelegate [Finished Spring Data repository scanning in 16 ms. Found 0 Redis repository interfaces.]
2021-01-15 13:48:10 INFO  org.springframework.boot.web.embedded.tomcat.TomcatWebServer [Tomcat initialized with port(s): 8088 (https) 8086 (http)]
2021-01-15 13:48:10 INFO  org.apache.coyote.http11.Http11NioProtocol [Initializing ProtocolHandler ["https-jsse-nio-8088"]]
2021-01-15 13:48:10 INFO  org.apache.coyote.http11.Http11NioProtocol [Initializing ProtocolHandler ["http-nio-8086"]]
2021-01-15 13:48:10 INFO  org.apache.catalina.core.StandardService [Starting service [Tomcat]]
2021-01-15 13:48:10 INFO  org.apache.catalina.core.StandardEngine [Starting Servlet engine: [Apache Tomcat/9.0.39]]
2021-01-15 13:48:10 INFO  org.apache.catalina.core.ContainerBase.[Tomcat].[localhost].[/] [Initializing Spring embedded WebApplicationContext]
2021-01-15 13:48:10 INFO  org.springframework.boot.web.servlet.context.ServletWebServerApplicationContext [Root WebApplicationContext: initialization completed in 1304 ms]
2021-01-15 13:48:11 INFO  org.springframework.scheduling.concurrent.ThreadPoolTaskExecutor [Initializing ExecutorService 'applicationTaskExecutor']
2021-01-15 13:48:11 INFO  org.springframework.boot.devtools.autoconfigure.OptionalLiveReloadServer [LiveReload server is running on port 35729]
2021-01-15 13:48:11 INFO  org.springframework.scheduling.concurrent.ThreadPoolTaskScheduler [Initializing ExecutorService 'taskScheduler']
2021-01-15 13:48:11 INFO  org.apache.coyote.http11.Http11NioProtocol [Starting ProtocolHandler ["https-jsse-nio-8088"]]
2021-01-15 13:48:11 INFO  org.apache.coyote.http11.Http11NioProtocol [Starting ProtocolHandler ["http-nio-8086"]]
2021-01-15 13:48:11 INFO  org.springframework.boot.web.embedded.tomcat.TomcatWebServer [Tomcat started on port(s): 8088 (https) 8086 (http) with context path '']
2021-01-15 13:48:11 INFO  springfox.documentation.spring.web.plugins.DocumentationPluginsBootstrapper [Context refreshed]
2021-01-15 13:48:11 INFO  springfox.documentation.spring.web.plugins.DocumentationPluginsBootstrapper [Found 1 custom documentation plugin(s)]
2021-01-15 13:48:11 INFO  springfox.documentation.spring.web.scanners.ApiListingReferenceScanner [Scanning for api listing references]
2021-01-15 13:48:11 INFO  com.xietian.graduated.GraduatedApplication [Started GraduatedApplication in 3.588 seconds (JVM running for 4.521)]
2021-01-15 13:48:16 INFO  com.zaxxer.hikari.HikariDataSource [HikariPool-1 - Starting...]
2021-01-15 13:48:16 INFO  com.zaxxer.hikari.HikariDataSource [HikariPool-1 - Start completed.]
2021-01-15 13:48:34 INFO  org.apache.catalina.core.ContainerBase.[Tomcat].[localhost].[/] [Initializing Spring DispatcherServlet 'dispatcherServlet']
2021-01-15 13:48:34 INFO  org.springframework.web.servlet.DispatcherServlet [Initializing Servlet 'dispatcherServlet']
2021-01-15 13:48:34 INFO  org.springframework.web.servlet.DispatcherServlet [Completed initialization in 1 ms]
2021-01-15 14:24:17 INFO  com.xietian.graduated.GraduatedApplication [Starting GraduatedApplication using Java 1.8.0_271 on DESKTOP-CKPKB5K with PID 276 (D:\IDE\IntelliJ IDEA 2019.3.5\project\graduated\target\classes started by Administrator in D:\IDE\IntelliJ IDEA 2019.3.5\project\graduated)]
2021-01-15 14:24:17 INFO  org.hibernate.validator.internal.util.Version [HV000001: Hibernate Validator 5.4.1.Final]
2021-01-15 14:24:17 INFO  com.xietian.graduated.GraduatedApplication [No active profile set, falling back to default profiles: default]
2021-01-15 14:24:17 INFO  org.springframework.boot.devtools.env.DevToolsPropertyDefaultsPostProcessor [Devtools property defaults active! Set 'spring.devtools.add-properties' to 'false' to disable]
2021-01-15 14:24:17 INFO  org.springframework.boot.devtools.env.DevToolsPropertyDefaultsPostProcessor [For additional web related logging consider setting the 'logging.level.web' property to 'DEBUG']
2021-01-15 14:24:18 INFO  org.springframework.data.repository.config.RepositoryConfigurationDelegate [Multiple Spring Data modules found, entering strict repository configuration mode!]
2021-01-15 14:24:18 INFO  org.springframework.data.repository.config.RepositoryConfigurationDelegate [Bootstrapping Spring Data Redis repositories in DEFAULT mode.]
2021-01-15 14:24:18 INFO  org.springframework.data.repository.config.RepositoryConfigurationDelegate [Finished Spring Data repository scanning in 12 ms. Found 0 Redis repository interfaces.]
2021-01-15 14:24:19 INFO  org.springframework.boot.web.embedded.tomcat.TomcatWebServer [Tomcat initialized with port(s): 8088 (https) 8086 (http)]
2021-01-15 14:24:19 INFO  org.apache.coyote.http11.Http11NioProtocol [Initializing ProtocolHandler ["https-jsse-nio-8088"]]
2021-01-15 14:24:19 INFO  org.apache.coyote.http11.Http11NioProtocol [Initializing ProtocolHandler ["http-nio-8086"]]
2021-01-15 14:24:19 INFO  org.apache.catalina.core.StandardService [Starting service [Tomcat]]
2021-01-15 14:24:19 INFO  org.apache.catalina.core.StandardEngine [Starting Servlet engine: [Apache Tomcat/9.0.39]]
2021-01-15 14:24:19 INFO  org.apache.catalina.core.ContainerBase.[Tomcat].[localhost].[/] [Initializing Spring embedded WebApplicationContext]
2021-01-15 14:24:19 INFO  org.springframework.boot.web.servlet.context.ServletWebServerApplicationContext [Root WebApplicationContext: initialization completed in 1199 ms]
2021-01-15 14:24:20 INFO  org.springframework.scheduling.concurrent.ThreadPoolTaskExecutor [Initializing ExecutorService 'applicationTaskExecutor']
2021-01-15 14:24:20 INFO  org.springframework.boot.devtools.autoconfigure.OptionalLiveReloadServer [LiveReload server is running on port 35729]
2021-01-15 14:24:20 INFO  org.springframework.scheduling.concurrent.ThreadPoolTaskScheduler [Initializing ExecutorService 'taskScheduler']
2021-01-15 14:24:20 INFO  org.apache.coyote.http11.Http11NioProtocol [Starting ProtocolHandler ["https-jsse-nio-8088"]]
2021-01-15 14:24:20 INFO  org.apache.coyote.http11.Http11NioProtocol [Starting ProtocolHandler ["http-nio-8086"]]
2021-01-15 14:24:20 INFO  org.springframework.boot.web.embedded.tomcat.TomcatWebServer [Tomcat started on port(s): 8088 (https) 8086 (http) with context path '']
2021-01-15 14:24:20 INFO  springfox.documentation.spring.web.plugins.DocumentationPluginsBootstrapper [Context refreshed]
2021-01-15 14:24:20 INFO  springfox.documentation.spring.web.plugins.DocumentationPluginsBootstrapper [Found 1 custom documentation plugin(s)]
2021-01-15 14:24:20 INFO  springfox.documentation.spring.web.scanners.ApiListingReferenceScanner [Scanning for api listing references]
2021-01-15 14:24:20 INFO  com.xietian.graduated.GraduatedApplication [Started GraduatedApplication in 3.368 seconds (JVM running for 4.224)]
2021-01-15 14:24:25 INFO  com.zaxxer.hikari.HikariDataSource [HikariPool-1 - Starting...]
2021-01-15 14:24:25 INFO  com.zaxxer.hikari.HikariDataSource [HikariPool-1 - Start completed.]
2021-01-15 14:24:29 INFO  org.apache.catalina.core.ContainerBase.[Tomcat].[localhost].[/] [Initializing Spring DispatcherServlet 'dispatcherServlet']
2021-01-15 14:24:29 INFO  org.springframework.web.servlet.DispatcherServlet [Initializing Servlet 'dispatcherServlet']
2021-01-15 14:24:29 INFO  org.springframework.web.servlet.DispatcherServlet [Completed initialization in 1 ms]
2021-01-15 15:37:38 INFO  org.hibernate.validator.internal.util.Version [HV000001: Hibernate Validator 5.4.1.Final]
2021-01-15 15:37:38 INFO  com.xietian.graduated.GraduatedApplication [Starting GraduatedApplication using Java 1.8.0_271 on DESKTOP-CKPKB5K with PID 14088 (D:\IDE\IntelliJ IDEA 2019.3.5\project\graduated\target\classes started by Administrator in D:\IDE\IntelliJ IDEA 2019.3.5\project\graduated)]
2021-01-15 15:37:38 INFO  com.xietian.graduated.GraduatedApplication [No active profile set, falling back to default profiles: default]
2021-01-15 15:37:38 INFO  org.springframework.boot.devtools.env.DevToolsPropertyDefaultsPostProcessor [Devtools property defaults active! Set 'spring.devtools.add-properties' to 'false' to disable]
2021-01-15 15:37:38 INFO  org.springframework.boot.devtools.env.DevToolsPropertyDefaultsPostProcessor [For additional web related logging consider setting the 'logging.level.web' property to 'DEBUG']
2021-01-15 15:37:38 INFO  org.springframework.data.repository.config.RepositoryConfigurationDelegate [Multiple Spring Data modules found, entering strict repository configuration mode!]
2021-01-15 15:37:38 INFO  org.springframework.data.repository.config.RepositoryConfigurationDelegate [Bootstrapping Spring Data Redis repositories in DEFAULT mode.]
2021-01-15 15:37:38 INFO  org.springframework.data.repository.config.RepositoryConfigurationDelegate [Finished Spring Data repository scanning in 12 ms. Found 0 Redis repository interfaces.]
2021-01-15 15:37:39 INFO  org.springframework.boot.web.embedded.tomcat.TomcatWebServer [Tomcat initialized with port(s): 8088 (https) 8086 (http)]
2021-01-15 15:37:39 INFO  org.apache.coyote.http11.Http11NioProtocol [Initializing ProtocolHandler ["https-jsse-nio-8088"]]
2021-01-15 15:37:39 INFO  org.apache.coyote.http11.Http11NioProtocol [Initializing ProtocolHandler ["http-nio-8086"]]
2021-01-15 15:37:39 INFO  org.apache.catalina.core.StandardService [Starting service [Tomcat]]
2021-01-15 15:37:39 INFO  org.apache.catalina.core.StandardEngine [Starting Servlet engine: [Apache Tomcat/9.0.39]]
2021-01-15 15:37:39 INFO  org.apache.catalina.core.ContainerBase.[Tomcat].[localhost].[/] [Initializing Spring embedded WebApplicationContext]
2021-01-15 15:37:39 INFO  org.springframework.boot.web.servlet.context.ServletWebServerApplicationContext [Root WebApplicationContext: initialization completed in 1259 ms]
2021-01-15 15:37:40 INFO  org.springframework.scheduling.concurrent.ThreadPoolTaskExecutor [Initializing ExecutorService 'applicationTaskExecutor']
2021-01-15 15:37:40 INFO  org.springframework.boot.devtools.autoconfigure.OptionalLiveReloadServer [LiveReload server is running on port 35729]
2021-01-15 15:37:40 INFO  org.springframework.scheduling.concurrent.ThreadPoolTaskScheduler [Initializing ExecutorService 'taskScheduler']
2021-01-15 15:37:40 INFO  org.apache.coyote.http11.Http11NioProtocol [Starting ProtocolHandler ["https-jsse-nio-8088"]]
2021-01-15 15:37:40 INFO  org.apache.coyote.http11.Http11NioProtocol [Starting ProtocolHandler ["http-nio-8086"]]
2021-01-15 15:37:40 INFO  org.springframework.boot.web.embedded.tomcat.TomcatWebServer [Tomcat started on port(s): 8088 (https) 8086 (http) with context path '']
2021-01-15 15:37:40 INFO  springfox.documentation.spring.web.plugins.DocumentationPluginsBootstrapper [Context refreshed]
2021-01-15 15:37:41 INFO  springfox.documentation.spring.web.plugins.DocumentationPluginsBootstrapper [Found 1 custom documentation plugin(s)]
2021-01-15 15:37:41 INFO  springfox.documentation.spring.web.scanners.ApiListingReferenceScanner [Scanning for api listing references]
2021-01-15 15:37:41 INFO  springfox.documentation.spring.web.readers.operation.CachingOperationNameGenerator [Generating unique operation named: getByIdUsingGET_1]
2021-01-15 15:37:41 INFO  com.xietian.graduated.GraduatedApplication [Started GraduatedApplication in 3.489 seconds (JVM running for 4.327)]
2021-01-15 15:37:46 INFO  com.zaxxer.hikari.HikariDataSource [HikariPool-1 - Starting...]
2021-01-15 15:37:46 INFO  com.zaxxer.hikari.HikariDataSource [HikariPool-1 - Start completed.]
2021-01-15 15:37:48 INFO  org.apache.catalina.core.ContainerBase.[Tomcat].[localhost].[/] [Initializing Spring DispatcherServlet 'dispatcherServlet']
2021-01-15 15:37:48 INFO  org.springframework.web.servlet.DispatcherServlet [Initializing Servlet 'dispatcherServlet']
2021-01-15 15:37:48 INFO  org.springframework.web.servlet.DispatcherServlet [Completed initialization in 1 ms]
2021-01-15 15:44:05 INFO  org.springframework.scheduling.concurrent.ThreadPoolTaskScheduler [Shutting down ExecutorService 'taskScheduler']
2021-01-15 15:44:05 INFO  org.springframework.scheduling.concurrent.ThreadPoolTaskExecutor [Shutting down ExecutorService 'applicationTaskExecutor']
2021-01-15 15:44:06 INFO  com.zaxxer.hikari.HikariDataSource [HikariPool-1 - Shutdown initiated...]
2021-01-15 15:44:06 INFO  com.zaxxer.hikari.HikariDataSource [HikariPool-1 - Shutdown completed.]
2021-01-15 15:44:06 INFO  com.xietian.graduated.GraduatedApplication [Starting GraduatedApplication using Java 1.8.0_271 on DESKTOP-CKPKB5K with PID 14088 (D:\IDE\IntelliJ IDEA 2019.3.5\project\graduated\target\classes started by Administrator in D:\IDE\IntelliJ IDEA 2019.3.5\project\graduated)]
2021-01-15 15:44:06 INFO  com.xietian.graduated.GraduatedApplication [No active profile set, falling back to default profiles: default]
2021-01-15 15:44:06 INFO  org.springframework.data.repository.config.RepositoryConfigurationDelegate [Multiple Spring Data modules found, entering strict repository configuration mode!]
2021-01-15 15:44:06 INFO  org.springframework.data.repository.config.RepositoryConfigurationDelegate [Bootstrapping Spring Data Redis repositories in DEFAULT mode.]
2021-01-15 15:44:06 INFO  org.springframework.data.repository.config.RepositoryConfigurationDelegate [Finished Spring Data repository scanning in 7 ms. Found 0 Redis repository interfaces.]
2021-01-15 15:44:06 INFO  org.springframework.boot.web.embedded.tomcat.TomcatWebServer [Tomcat initialized with port(s): 8088 (https) 8086 (http)]
2021-01-15 15:44:06 INFO  org.apache.coyote.http11.Http11NioProtocol [Initializing ProtocolHandler ["https-jsse-nio-8088"]]
2021-01-15 15:44:06 INFO  org.apache.coyote.http11.Http11NioProtocol [Initializing ProtocolHandler ["http-nio-8086"]]
2021-01-15 15:44:06 INFO  org.apache.catalina.core.StandardService [Starting service [Tomcat]]
2021-01-15 15:44:06 INFO  org.apache.catalina.core.StandardEngine [Starting Servlet engine: [Apache Tomcat/9.0.39]]
2021-01-15 15:44:06 INFO  org.apache.catalina.core.ContainerBase.[Tomcat].[localhost].[/] [Initializing Spring embedded WebApplicationContext]
2021-01-15 15:44:06 INFO  org.springframework.boot.web.servlet.context.ServletWebServerApplicationContext [Root WebApplicationContext: initialization completed in 376 ms]
2021-01-15 15:44:06 INFO  org.springframework.scheduling.concurrent.ThreadPoolTaskExecutor [Initializing ExecutorService 'applicationTaskExecutor']
2021-01-15 15:44:06 INFO  org.springframework.boot.devtools.autoconfigure.OptionalLiveReloadServer [LiveReload server is running on port 35729]
2021-01-15 15:44:06 INFO  org.springframework.scheduling.concurrent.ThreadPoolTaskScheduler [Initializing ExecutorService 'taskScheduler']
2021-01-15 15:44:06 INFO  org.apache.coyote.http11.Http11NioProtocol [Starting ProtocolHandler ["https-jsse-nio-8088"]]
2021-01-15 15:44:06 INFO  org.apache.coyote.http11.Http11NioProtocol [Starting ProtocolHandler ["http-nio-8086"]]
2021-01-15 15:44:06 INFO  org.springframework.boot.web.embedded.tomcat.TomcatWebServer [Tomcat started on port(s): 8088 (https) 8086 (http) with context path '']
2021-01-15 15:44:06 INFO  springfox.documentation.spring.web.plugins.DocumentationPluginsBootstrapper [Context refreshed]
2021-01-15 15:44:06 INFO  springfox.documentation.spring.web.plugins.DocumentationPluginsBootstrapper [Found 1 custom documentation plugin(s)]
2021-01-15 15:44:06 INFO  springfox.documentation.spring.web.scanners.ApiListingReferenceScanner [Scanning for api listing references]
2021-01-15 15:44:07 INFO  springfox.documentation.spring.web.readers.operation.CachingOperationNameGenerator [Generating unique operation named: getByIdUsingGET_1]
2021-01-15 15:44:07 INFO  com.xietian.graduated.GraduatedApplication [Started GraduatedApplication in 0.812 seconds (JVM running for 390.14)]
2021-01-15 15:44:07 INFO  org.springframework.boot.devtools.autoconfigure.ConditionEvaluationDeltaLoggingListener [Condition evaluation unchanged]
2021-01-15 15:44:11 INFO  com.zaxxer.hikari.HikariDataSource [HikariPool-2 - Starting...]
2021-01-15 15:44:12 INFO  com.zaxxer.hikari.HikariDataSource [HikariPool-2 - Start completed.]
2021-01-15 15:45:27 INFO  org.apache.catalina.core.ContainerBase.[Tomcat].[localhost].[/] [Initializing Spring DispatcherServlet 'dispatcherServlet']
2021-01-15 15:45:27 INFO  org.springframework.web.servlet.DispatcherServlet [Initializing Servlet 'dispatcherServlet']
2021-01-15 15:45:27 INFO  org.springframework.web.servlet.DispatcherServlet [Completed initialization in 2 ms]
2021-01-15 15:56:17 WARN  org.springframework.web.servlet.mvc.support.DefaultHandlerExceptionResolver [Resolved [org.springframework.web.bind.MissingServletRequestParameterException: Required Integer parameter 'fId' is not present]]
2021-01-15 17:04:34 INFO  org.springframework.scheduling.concurrent.ThreadPoolTaskScheduler [Shutting down ExecutorService 'taskScheduler']
2021-01-15 17:04:34 INFO  org.springframework.scheduling.concurrent.ThreadPoolTaskExecutor [Shutting down ExecutorService 'applicationTaskExecutor']
2021-01-15 17:04:34 INFO  com.zaxxer.hikari.HikariDataSource [HikariPool-2 - Shutdown initiated...]
2021-01-15 17:04:34 INFO  com.zaxxer.hikari.HikariDataSource [HikariPool-2 - Shutdown completed.]
2021-01-15 17:04:34 INFO  com.xietian.graduated.GraduatedApplication [Starting GraduatedApplication using Java 1.8.0_271 on DESKTOP-CKPKB5K with PID 14088 (D:\IDE\IntelliJ IDEA 2019.3.5\project\graduated\target\classes started by Administrator in D:\IDE\IntelliJ IDEA 2019.3.5\project\graduated)]
2021-01-15 17:04:34 INFO  com.xietian.graduated.GraduatedApplication [No active profile set, falling back to default profiles: default]
2021-01-15 17:04:35 INFO  org.springframework.data.repository.config.RepositoryConfigurationDelegate [Multiple Spring Data modules found, entering strict repository configuration mode!]
2021-01-15 17:04:35 INFO  org.springframework.data.repository.config.RepositoryConfigurationDelegate [Bootstrapping Spring Data Redis repositories in DEFAULT mode.]
2021-01-15 17:04:35 INFO  org.springframework.data.repository.config.RepositoryConfigurationDelegate [Finished Spring Data repository scanning in 8 ms. Found 0 Redis repository interfaces.]
2021-01-15 17:04:35 INFO  org.springframework.boot.web.embedded.tomcat.TomcatWebServer [Tomcat initialized with port(s): 8088 (https) 8086 (http)]
2021-01-15 17:04:35 INFO  org.apache.coyote.http11.Http11NioProtocol [Initializing ProtocolHandler ["https-jsse-nio-8088"]]
2021-01-15 17:04:35 INFO  org.apache.coyote.http11.Http11NioProtocol [Initializing ProtocolHandler ["http-nio-8086"]]
2021-01-15 17:04:35 INFO  org.apache.catalina.core.StandardService [Starting service [Tomcat]]
2021-01-15 17:04:35 INFO  org.apache.catalina.core.StandardEngine [Starting Servlet engine: [Apache Tomcat/9.0.39]]
2021-01-15 17:04:35 INFO  org.apache.catalina.core.ContainerBase.[Tomcat].[localhost].[/] [Initializing Spring embedded WebApplicationContext]
2021-01-15 17:04:35 INFO  org.springframework.boot.web.servlet.context.ServletWebServerApplicationContext [Root WebApplicationContext: initialization completed in 339 ms]
2021-01-15 17:04:35 INFO  org.springframework.scheduling.concurrent.ThreadPoolTaskExecutor [Initializing ExecutorService 'applicationTaskExecutor']
2021-01-15 17:04:35 INFO  org.springframework.boot.devtools.autoconfigure.OptionalLiveReloadServer [LiveReload server is running on port 35729]
2021-01-15 17:04:35 INFO  org.springframework.scheduling.concurrent.ThreadPoolTaskScheduler [Initializing ExecutorService 'taskScheduler']
2021-01-15 17:04:35 INFO  org.apache.coyote.http11.Http11NioProtocol [Starting ProtocolHandler ["https-jsse-nio-8088"]]
2021-01-15 17:04:35 INFO  org.apache.coyote.http11.Http11NioProtocol [Starting ProtocolHandler ["http-nio-8086"]]
2021-01-15 17:04:35 INFO  org.springframework.boot.web.embedded.tomcat.TomcatWebServer [Tomcat started on port(s): 8088 (https) 8086 (http) with context path '']
2021-01-15 17:04:35 INFO  springfox.documentation.spring.web.plugins.DocumentationPluginsBootstrapper [Context refreshed]
2021-01-15 17:04:35 INFO  springfox.documentation.spring.web.plugins.DocumentationPluginsBootstrapper [Found 1 custom documentation plugin(s)]
2021-01-15 17:04:35 INFO  springfox.documentation.spring.web.scanners.ApiListingReferenceScanner [Scanning for api listing references]
2021-01-15 17:04:35 INFO  springfox.documentation.spring.web.readers.operation.CachingOperationNameGenerator [Generating unique operation named: getByIdUsingGET_1]
2021-01-15 17:04:35 INFO  com.xietian.graduated.GraduatedApplication [Started GraduatedApplication in 0.753 seconds (JVM running for 5218.68)]
2021-01-15 17:04:35 INFO  org.springframework.boot.devtools.autoconfigure.ConditionEvaluationDeltaLoggingListener [Condition evaluation unchanged]
2021-01-15 17:04:40 INFO  com.zaxxer.hikari.HikariDataSource [HikariPool-3 - Starting...]
2021-01-15 17:04:40 INFO  com.zaxxer.hikari.HikariDataSource [HikariPool-3 - Start completed.]
2021-01-15 17:10:59 INFO  org.apache.catalina.core.ContainerBase.[Tomcat].[localhost].[/] [Initializing Spring DispatcherServlet 'dispatcherServlet']
2021-01-15 17:10:59 INFO  org.springframework.web.servlet.DispatcherServlet [Initializing Servlet 'dispatcherServlet']
2021-01-15 17:10:59 INFO  org.springframework.web.servlet.DispatcherServlet [Completed initialization in 3 ms]
