2020-12-31 10:26:38 INFO  org.hibernate.validator.internal.util.Version [HV000001: Hibernate Validator 5.4.1.Final]
2020-12-31 10:26:38 INFO  com.xietian.graduated.GraduatedApplication [Starting GraduatedApplication using Java 1.8.0_271 on DESKTOP-CKPKB5K with PID 12652 (D:\IDE\IntelliJ IDEA 2019.3.5\project\graduated\target\classes started by Administrator in D:\IDE\IntelliJ IDEA 2019.3.5\project\graduated)]
2020-12-31 10:26:38 INFO  com.xietian.graduated.GraduatedApplication [No active profile set, falling back to default profiles: default]
2020-12-31 10:26:38 INFO  org.springframework.boot.devtools.env.DevToolsPropertyDefaultsPostProcessor [Devtools property defaults active! Set 'spring.devtools.add-properties' to 'false' to disable]
2020-12-31 10:26:38 INFO  org.springframework.boot.devtools.env.DevToolsPropertyDefaultsPostProcessor [For additional web related logging consider setting the 'logging.level.web' property to 'DEBUG']
2020-12-31 10:26:40 INFO  org.springframework.data.repository.config.RepositoryConfigurationDelegate [Multiple Spring Data modules found, entering strict repository configuration mode!]
2020-12-31 10:26:40 INFO  org.springframework.data.repository.config.RepositoryConfigurationDelegate [Bootstrapping Spring Data Redis repositories in DEFAULT mode.]
2020-12-31 10:26:40 INFO  org.springframework.data.repository.config.RepositoryConfigurationDelegate [Finished Spring Data repository scanning in 25 ms. Found 0 Redis repository interfaces.]
2020-12-31 10:26:41 INFO  org.springframework.boot.web.embedded.tomcat.TomcatWebServer [Tomcat initialized with port(s): 8088 (http)]
2020-12-31 10:26:41 INFO  org.apache.coyote.http11.Http11NioProtocol [Initializing ProtocolHandler ["http-nio-8088"]]
2020-12-31 10:26:41 INFO  org.apache.catalina.core.StandardService [Starting service [Tomcat]]
2020-12-31 10:26:41 INFO  org.apache.catalina.core.StandardEngine [Starting Servlet engine: [Apache Tomcat/9.0.39]]
2020-12-31 10:26:41 INFO  org.apache.catalina.core.ContainerBase.[Tomcat].[localhost].[/] [Initializing Spring embedded WebApplicationContext]
2020-12-31 10:26:41 INFO  org.springframework.boot.web.servlet.context.ServletWebServerApplicationContext [Root WebApplicationContext: initialization completed in 2615 ms]
2020-12-31 10:26:42 INFO  org.springframework.scheduling.concurrent.ThreadPoolTaskExecutor [Initializing ExecutorService 'applicationTaskExecutor']
2020-12-31 10:26:42 INFO  org.springframework.boot.devtools.autoconfigure.OptionalLiveReloadServer [LiveReload server is running on port 35729]
2020-12-31 10:26:42 INFO  org.springframework.scheduling.concurrent.ThreadPoolTaskScheduler [Initializing ExecutorService 'taskScheduler']
2020-12-31 10:26:42 INFO  org.apache.coyote.http11.Http11NioProtocol [Starting ProtocolHandler ["http-nio-8088"]]
2020-12-31 10:26:42 INFO  org.springframework.boot.web.embedded.tomcat.TomcatWebServer [Tomcat started on port(s): 8088 (http) with context path '']
2020-12-31 10:26:42 INFO  springfox.documentation.spring.web.plugins.DocumentationPluginsBootstrapper [Context refreshed]
2020-12-31 10:26:42 INFO  springfox.documentation.spring.web.plugins.DocumentationPluginsBootstrapper [Found 1 custom documentation plugin(s)]
2020-12-31 10:26:42 INFO  springfox.documentation.spring.web.scanners.ApiListingReferenceScanner [Scanning for api listing references]
2020-12-31 10:26:43 INFO  com.xietian.graduated.GraduatedApplication [Started GraduatedApplication in 4.885 seconds (JVM running for 5.926)]
2020-12-31 10:26:47 INFO  com.zaxxer.hikari.HikariDataSource [HikariPool-1 - Starting...]
2020-12-31 10:26:48 INFO  com.zaxxer.hikari.HikariDataSource [HikariPool-1 - Start completed.]
2020-12-31 10:27:13 INFO  org.apache.catalina.core.ContainerBase.[Tomcat].[localhost].[/] [Initializing Spring DispatcherServlet 'dispatcherServlet']
2020-12-31 10:27:13 INFO  org.springframework.web.servlet.DispatcherServlet [Initializing Servlet 'dispatcherServlet']
2020-12-31 10:27:13 INFO  org.springframework.web.servlet.DispatcherServlet [Completed initialization in 1 ms]
2020-12-31 10:50:05 INFO  org.hibernate.validator.internal.util.Version [HV000001: Hibernate Validator 5.4.1.Final]
2020-12-31 10:50:05 INFO  com.xietian.graduated.GraduatedApplication [Starting GraduatedApplication using Java 1.8.0_271 on DESKTOP-CKPKB5K with PID 15200 (D:\IDE\IntelliJ IDEA 2019.3.5\project\graduated\target\classes started by Administrator in D:\IDE\IntelliJ IDEA 2019.3.5\project\graduated)]
2020-12-31 10:50:05 INFO  com.xietian.graduated.GraduatedApplication [No active profile set, falling back to default profiles: default]
2020-12-31 10:50:05 INFO  org.springframework.boot.devtools.env.DevToolsPropertyDefaultsPostProcessor [Devtools property defaults active! Set 'spring.devtools.add-properties' to 'false' to disable]
2020-12-31 10:50:05 INFO  org.springframework.boot.devtools.env.DevToolsPropertyDefaultsPostProcessor [For additional web related logging consider setting the 'logging.level.web' property to 'DEBUG']
2020-12-31 10:50:06 INFO  org.springframework.data.repository.config.RepositoryConfigurationDelegate [Multiple Spring Data modules found, entering strict repository configuration mode!]
2020-12-31 10:50:06 INFO  org.springframework.data.repository.config.RepositoryConfigurationDelegate [Bootstrapping Spring Data Redis repositories in DEFAULT mode.]
2020-12-31 10:50:06 INFO  org.springframework.data.repository.config.RepositoryConfigurationDelegate [Finished Spring Data repository scanning in 10 ms. Found 0 Redis repository interfaces.]
2020-12-31 10:50:06 INFO  org.springframework.boot.web.embedded.tomcat.TomcatWebServer [Tomcat initialized with port(s): 8088 (http)]
2020-12-31 10:50:06 INFO  org.apache.coyote.http11.Http11NioProtocol [Initializing ProtocolHandler ["http-nio-8088"]]
2020-12-31 10:50:06 INFO  org.apache.catalina.core.StandardService [Starting service [Tomcat]]
2020-12-31 10:50:06 INFO  org.apache.catalina.core.StandardEngine [Starting Servlet engine: [Apache Tomcat/9.0.39]]
2020-12-31 10:50:06 INFO  org.apache.catalina.core.ContainerBase.[Tomcat].[localhost].[/] [Initializing Spring embedded WebApplicationContext]
2020-12-31 10:50:06 INFO  org.springframework.boot.web.servlet.context.ServletWebServerApplicationContext [Root WebApplicationContext: initialization completed in 1242 ms]
2020-12-31 10:50:07 INFO  org.springframework.scheduling.concurrent.ThreadPoolTaskExecutor [Initializing ExecutorService 'applicationTaskExecutor']
2020-12-31 10:50:07 INFO  org.springframework.boot.devtools.autoconfigure.OptionalLiveReloadServer [LiveReload server is running on port 35729]
2020-12-31 10:50:07 INFO  org.springframework.scheduling.concurrent.ThreadPoolTaskScheduler [Initializing ExecutorService 'taskScheduler']
2020-12-31 10:50:07 INFO  org.apache.coyote.http11.Http11NioProtocol [Starting ProtocolHandler ["http-nio-8088"]]
2020-12-31 10:50:07 INFO  org.springframework.boot.web.embedded.tomcat.TomcatWebServer [Tomcat started on port(s): 8088 (http) with context path '']
2020-12-31 10:50:07 INFO  springfox.documentation.spring.web.plugins.DocumentationPluginsBootstrapper [Context refreshed]
2020-12-31 10:50:07 INFO  springfox.documentation.spring.web.plugins.DocumentationPluginsBootstrapper [Found 1 custom documentation plugin(s)]
2020-12-31 10:50:07 INFO  springfox.documentation.spring.web.scanners.ApiListingReferenceScanner [Scanning for api listing references]
2020-12-31 10:50:07 INFO  com.xietian.graduated.GraduatedApplication [Started GraduatedApplication in 3.124 seconds (JVM running for 4.076)]
2020-12-31 10:50:12 INFO  com.zaxxer.hikari.HikariDataSource [HikariPool-1 - Starting...]
2020-12-31 10:50:13 INFO  com.zaxxer.hikari.HikariDataSource [HikariPool-1 - Start completed.]
2020-12-31 10:50:14 INFO  org.apache.catalina.core.ContainerBase.[Tomcat].[localhost].[/] [Initializing Spring DispatcherServlet 'dispatcherServlet']
2020-12-31 10:50:14 INFO  org.springframework.web.servlet.DispatcherServlet [Initializing Servlet 'dispatcherServlet']
2020-12-31 10:50:14 INFO  org.springframework.web.servlet.DispatcherServlet [Completed initialization in 1 ms]
2020-12-31 10:50:31 WARN  org.springframework.web.servlet.mvc.support.DefaultHandlerExceptionResolver [Resolved [org.springframework.web.HttpMediaTypeNotSupportedException: Content type 'application/x-www-form-urlencoded;charset=UTF-8' not supported]]
2020-12-31 10:53:10 WARN  org.springframework.web.servlet.mvc.support.DefaultHandlerExceptionResolver [Resolved [org.springframework.web.bind.MethodArgumentNotValidException: Validation failed for argument [0] in public com.xietian.graduated.common.util.Result<java.lang.String> com.xietian.graduated.controller.UserController.login(com.xietian.graduated.dto.LoginDto,javax.servlet.http.HttpServletRequest) with 2 errors: [Field error in object 'loginDto' on field 'password': rejected value [null]; codes [NotNull.loginDto.password,NotNull.password,NotNull.java.lang.String,NotNull]; arguments [org.springframework.context.support.DefaultMessageSourceResolvable: codes [loginDto.password,password]; arguments []; default message [password]]; default message [登录所需密码不能为空]] [Field error in object 'loginDto' on field 'account': rejected value [null]; codes [NotNull.loginDto.account,NotNull.account,NotNull.java.lang.String,NotNull]; arguments [org.springframework.context.support.DefaultMessageSourceResolvable: codes [loginDto.account,account]; arguments []; default message [account]]; default message [登录所需账号不能为空]] ]]
2020-12-31 11:09:47 ERROR org.apache.catalina.core.ContainerBase.[Tomcat].[localhost].[/].[dispatcherServlet] [Servlet.service() for servlet [dispatcherServlet] in context with path [] threw exception [Request processing failed; nested exception is org.springframework.dao.QueryTimeoutException: Redis command timed out; nested exception is io.lettuce.core.RedisCommandTimeoutException: Command timed out after 1 minute(s)] with root cause]
io.lettuce.core.RedisCommandTimeoutException: Command timed out after 1 minute(s)
	at io.lettuce.core.internal.ExceptionFactory.createTimeoutException(ExceptionFactory.java:53)
	at io.lettuce.core.internal.Futures.awaitOrCancel(Futures.java:246)
	at io.lettuce.core.FutureSyncInvocationHandler.handleInvocation(FutureSyncInvocationHandler.java:75)
	at io.lettuce.core.internal.AbstractInvocationHandler.invoke(AbstractInvocationHandler.java:80)
	at com.sun.proxy.$Proxy114.get(Unknown Source)
	at org.springframework.data.redis.connection.lettuce.LettuceStringCommands.get(LettuceStringCommands.java:68)
	at org.springframework.data.redis.connection.DefaultedRedisConnection.get(DefaultedRedisConnection.java:267)
	at org.springframework.data.redis.core.DefaultValueOperations$1.inRedis(DefaultValueOperations.java:57)
	at org.springframework.data.redis.core.AbstractOperations$ValueDeserializingRedisCallback.doInRedis(AbstractOperations.java:60)
	at org.springframework.data.redis.core.RedisTemplate.execute(RedisTemplate.java:229)
	at org.springframework.data.redis.core.RedisTemplate.execute(RedisTemplate.java:189)
	at org.springframework.data.redis.core.AbstractOperations.execute(AbstractOperations.java:96)
	at org.springframework.data.redis.core.DefaultValueOperations.get(DefaultValueOperations.java:53)
	at com.xietian.graduated.service.impl.UserServiceImpl.logout(UserServiceImpl.java:123)
	at com.xietian.graduated.controller.UserController.logout(UserController.java:44)
	at sun.reflect.NativeMethodAccessorImpl.invoke0(Native Method)
	at sun.reflect.NativeMethodAccessorImpl.invoke(NativeMethodAccessorImpl.java:62)
	at sun.reflect.DelegatingMethodAccessorImpl.invoke(DelegatingMethodAccessorImpl.java:43)
	at java.lang.reflect.Method.invoke(Method.java:498)
	at org.springframework.web.method.support.InvocableHandlerMethod.doInvoke(InvocableHandlerMethod.java:197)
	at org.springframework.web.method.support.InvocableHandlerMethod.invokeForRequest(InvocableHandlerMethod.java:141)
	at org.springframework.web.servlet.mvc.method.annotation.ServletInvocableHandlerMethod.invokeAndHandle(ServletInvocableHandlerMethod.java:106)
	at org.springframework.web.servlet.mvc.method.annotation.RequestMappingHandlerAdapter.invokeHandlerMethod(RequestMappingHandlerAdapter.java:893)
	at org.springframework.web.servlet.mvc.method.annotation.RequestMappingHandlerAdapter.handleInternal(RequestMappingHandlerAdapter.java:807)
	at org.springframework.web.servlet.mvc.method.AbstractHandlerMethodAdapter.handle(AbstractHandlerMethodAdapter.java:87)
	at org.springframework.web.servlet.DispatcherServlet.doDispatch(DispatcherServlet.java:1061)
	at org.springframework.web.servlet.DispatcherServlet.doService(DispatcherServlet.java:961)
	at org.springframework.web.servlet.FrameworkServlet.processRequest(FrameworkServlet.java:1006)
	at org.springframework.web.servlet.FrameworkServlet.doGet(FrameworkServlet.java:898)
	at javax.servlet.http.HttpServlet.service(HttpServlet.java:626)
	at org.springframework.web.servlet.FrameworkServlet.service(FrameworkServlet.java:883)
	at javax.servlet.http.HttpServlet.service(HttpServlet.java:733)
	at org.apache.catalina.core.ApplicationFilterChain.internalDoFilter(ApplicationFilterChain.java:231)
	at org.apache.catalina.core.ApplicationFilterChain.doFilter(ApplicationFilterChain.java:166)
	at org.apache.tomcat.websocket.server.WsFilter.doFilter(WsFilter.java:53)
	at org.apache.catalina.core.ApplicationFilterChain.internalDoFilter(ApplicationFilterChain.java:193)
	at org.apache.catalina.core.ApplicationFilterChain.doFilter(ApplicationFilterChain.java:166)
	at com.xietian.graduated.common.config.CorsFilter.doFilter(CorsFilter.java:24)
	at org.apache.catalina.core.ApplicationFilterChain.internalDoFilter(ApplicationFilterChain.java:193)
	at org.apache.catalina.core.ApplicationFilterChain.doFilter(ApplicationFilterChain.java:166)
	at org.springframework.web.filter.RequestContextFilter.doFilterInternal(RequestContextFilter.java:100)
	at org.springframework.web.filter.OncePerRequestFilter.doFilter(OncePerRequestFilter.java:119)
	at org.apache.catalina.core.ApplicationFilterChain.internalDoFilter(ApplicationFilterChain.java:193)
	at org.apache.catalina.core.ApplicationFilterChain.doFilter(ApplicationFilterChain.java:166)
	at org.springframework.web.filter.FormContentFilter.doFilterInternal(FormContentFilter.java:93)
	at org.springframework.web.filter.OncePerRequestFilter.doFilter(OncePerRequestFilter.java:119)
	at org.apache.catalina.core.ApplicationFilterChain.internalDoFilter(ApplicationFilterChain.java:193)
	at org.apache.catalina.core.ApplicationFilterChain.doFilter(ApplicationFilterChain.java:166)
	at org.springframework.web.filter.CharacterEncodingFilter.doFilterInternal(CharacterEncodingFilter.java:201)
	at org.springframework.web.filter.OncePerRequestFilter.doFilter(OncePerRequestFilter.java:119)
	at org.apache.catalina.core.ApplicationFilterChain.internalDoFilter(ApplicationFilterChain.java:193)
	at org.apache.catalina.core.ApplicationFilterChain.doFilter(ApplicationFilterChain.java:166)
	at org.apache.catalina.core.StandardWrapperValve.invoke(StandardWrapperValve.java:202)
	at org.apache.catalina.core.StandardContextValve.invoke(StandardContextValve.java:97)
	at org.apache.catalina.authenticator.AuthenticatorBase.invoke(AuthenticatorBase.java:542)
	at org.apache.catalina.core.StandardHostValve.invoke(StandardHostValve.java:143)
	at org.apache.catalina.valves.ErrorReportValve.invoke(ErrorReportValve.java:92)
	at org.apache.catalina.core.StandardEngineValve.invoke(StandardEngineValve.java:78)
	at org.apache.catalina.connector.CoyoteAdapter.service(CoyoteAdapter.java:343)
	at org.apache.coyote.http11.Http11Processor.service(Http11Processor.java:374)
	at org.apache.coyote.AbstractProcessorLight.process(AbstractProcessorLight.java:65)
	at org.apache.coyote.AbstractProtocol$ConnectionHandler.process(AbstractProtocol.java:868)
	at org.apache.tomcat.util.net.NioEndpoint$SocketProcessor.doRun(NioEndpoint.java:1590)
	at org.apache.tomcat.util.net.SocketProcessorBase.run(SocketProcessorBase.java:49)
	at java.util.concurrent.ThreadPoolExecutor.runWorker(ThreadPoolExecutor.java:1149)
	at java.util.concurrent.ThreadPoolExecutor$Worker.run(ThreadPoolExecutor.java:624)
	at org.apache.tomcat.util.threads.TaskThread$WrappingRunnable.run(TaskThread.java:61)
	at java.lang.Thread.run(Thread.java:748)
2020-12-31 11:11:10 INFO  io.lettuce.core.protocol.ConnectionWatchdog [Reconnecting, last destination was /127.0.0.1:6379]
2020-12-31 11:11:12 WARN  io.lettuce.core.protocol.ConnectionWatchdog [Cannot reconnect to [127.0.0.1:6379]: Connection refused: no further information: /127.0.0.1:6379]
2020-12-31 11:11:16 INFO  io.lettuce.core.protocol.ConnectionWatchdog [Reconnecting, last destination was 127.0.0.1:6379]
2020-12-31 11:11:18 WARN  io.lettuce.core.protocol.ConnectionWatchdog [Cannot reconnect to [127.0.0.1:6379]: Connection refused: no further information: /127.0.0.1:6379]
2020-12-31 11:11:19 INFO  io.lettuce.core.protocol.ReconnectionHandler [Reconnected to 127.0.0.1:6379]
2020-12-31 13:31:09 WARN  com.zaxxer.hikari.pool.HikariPool [HikariPool-1 - Thread starvation or clock leap detected (housekeeper delta=1h29m26s50ms142µs300ns).]
2020-12-31 15:05:05 INFO  org.hibernate.validator.internal.util.Version [HV000001: Hibernate Validator 5.4.1.Final]
2020-12-31 15:05:05 INFO  com.xietian.graduated.GraduatedApplication [Starting GraduatedApplication using Java 1.8.0_271 on DESKTOP-CKPKB5K with PID 9512 (D:\IDE\IntelliJ IDEA 2019.3.5\project\graduated\target\classes started by Administrator in D:\IDE\IntelliJ IDEA 2019.3.5\project\graduated)]
2020-12-31 15:05:05 INFO  com.xietian.graduated.GraduatedApplication [No active profile set, falling back to default profiles: default]
2020-12-31 15:05:05 INFO  org.springframework.boot.devtools.env.DevToolsPropertyDefaultsPostProcessor [Devtools property defaults active! Set 'spring.devtools.add-properties' to 'false' to disable]
2020-12-31 15:05:05 INFO  org.springframework.boot.devtools.env.DevToolsPropertyDefaultsPostProcessor [For additional web related logging consider setting the 'logging.level.web' property to 'DEBUG']
2020-12-31 15:05:06 INFO  org.springframework.data.repository.config.RepositoryConfigurationDelegate [Multiple Spring Data modules found, entering strict repository configuration mode!]
2020-12-31 15:05:06 INFO  org.springframework.data.repository.config.RepositoryConfigurationDelegate [Bootstrapping Spring Data Redis repositories in DEFAULT mode.]
2020-12-31 15:05:06 INFO  org.springframework.data.repository.config.RepositoryConfigurationDelegate [Finished Spring Data repository scanning in 10 ms. Found 0 Redis repository interfaces.]
2020-12-31 15:05:06 INFO  org.springframework.boot.web.embedded.tomcat.TomcatWebServer [Tomcat initialized with port(s): 8088 (http)]
2020-12-31 15:05:06 INFO  org.apache.coyote.http11.Http11NioProtocol [Initializing ProtocolHandler ["http-nio-8088"]]
2020-12-31 15:05:06 INFO  org.apache.catalina.core.StandardService [Starting service [Tomcat]]
2020-12-31 15:05:06 INFO  org.apache.catalina.core.StandardEngine [Starting Servlet engine: [Apache Tomcat/9.0.39]]
2020-12-31 15:05:06 INFO  org.apache.catalina.core.ContainerBase.[Tomcat].[localhost].[/] [Initializing Spring embedded WebApplicationContext]
2020-12-31 15:05:06 INFO  org.springframework.boot.web.servlet.context.ServletWebServerApplicationContext [Root WebApplicationContext: initialization completed in 1198 ms]
2020-12-31 15:05:07 INFO  org.springframework.scheduling.concurrent.ThreadPoolTaskExecutor [Initializing ExecutorService 'applicationTaskExecutor']
2020-12-31 15:05:07 INFO  org.springframework.boot.devtools.autoconfigure.OptionalLiveReloadServer [LiveReload server is running on port 35729]
2020-12-31 15:05:07 INFO  org.springframework.scheduling.concurrent.ThreadPoolTaskScheduler [Initializing ExecutorService 'taskScheduler']
2020-12-31 15:05:07 INFO  org.apache.coyote.http11.Http11NioProtocol [Starting ProtocolHandler ["http-nio-8088"]]
2020-12-31 15:05:08 INFO  org.springframework.boot.web.embedded.tomcat.TomcatWebServer [Tomcat started on port(s): 8088 (http) with context path '']
2020-12-31 15:05:08 INFO  springfox.documentation.spring.web.plugins.DocumentationPluginsBootstrapper [Context refreshed]
2020-12-31 15:05:08 INFO  springfox.documentation.spring.web.plugins.DocumentationPluginsBootstrapper [Found 1 custom documentation plugin(s)]
2020-12-31 15:05:08 INFO  springfox.documentation.spring.web.scanners.ApiListingReferenceScanner [Scanning for api listing references]
2020-12-31 15:05:08 INFO  com.xietian.graduated.GraduatedApplication [Started GraduatedApplication in 3.11 seconds (JVM running for 3.957)]
2020-12-31 15:05:13 INFO  com.zaxxer.hikari.HikariDataSource [HikariPool-1 - Starting...]
2020-12-31 15:05:13 INFO  com.zaxxer.hikari.HikariDataSource [HikariPool-1 - Start completed.]
2020-12-31 15:11:55 INFO  org.hibernate.validator.internal.util.Version [HV000001: Hibernate Validator 5.4.1.Final]
2020-12-31 15:11:55 INFO  com.xietian.graduated.GraduatedApplication [Starting GraduatedApplication using Java 1.8.0_271 on DESKTOP-CKPKB5K with PID 21980 (D:\IDE\IntelliJ IDEA 2019.3.5\project\graduated\target\classes started by Administrator in D:\IDE\IntelliJ IDEA 2019.3.5\project\graduated)]
2020-12-31 15:11:55 INFO  com.xietian.graduated.GraduatedApplication [No active profile set, falling back to default profiles: default]
2020-12-31 15:11:55 INFO  org.springframework.boot.devtools.env.DevToolsPropertyDefaultsPostProcessor [Devtools property defaults active! Set 'spring.devtools.add-properties' to 'false' to disable]
2020-12-31 15:11:55 INFO  org.springframework.boot.devtools.env.DevToolsPropertyDefaultsPostProcessor [For additional web related logging consider setting the 'logging.level.web' property to 'DEBUG']
2020-12-31 15:11:55 INFO  org.springframework.data.repository.config.RepositoryConfigurationDelegate [Multiple Spring Data modules found, entering strict repository configuration mode!]
2020-12-31 15:11:55 INFO  org.springframework.data.repository.config.RepositoryConfigurationDelegate [Bootstrapping Spring Data Redis repositories in DEFAULT mode.]
2020-12-31 15:11:55 INFO  org.springframework.data.repository.config.RepositoryConfigurationDelegate [Finished Spring Data repository scanning in 9 ms. Found 0 Redis repository interfaces.]
2020-12-31 15:11:56 INFO  org.springframework.boot.web.embedded.tomcat.TomcatWebServer [Tomcat initialized with port(s): 8088 (http)]
2020-12-31 15:11:56 INFO  org.apache.coyote.http11.Http11NioProtocol [Initializing ProtocolHandler ["http-nio-8088"]]
2020-12-31 15:11:56 INFO  org.apache.catalina.core.StandardService [Starting service [Tomcat]]
2020-12-31 15:11:56 INFO  org.apache.catalina.core.StandardEngine [Starting Servlet engine: [Apache Tomcat/9.0.39]]
2020-12-31 15:11:56 INFO  org.apache.catalina.core.ContainerBase.[Tomcat].[localhost].[/] [Initializing Spring embedded WebApplicationContext]
2020-12-31 15:11:56 INFO  org.springframework.boot.web.servlet.context.ServletWebServerApplicationContext [Root WebApplicationContext: initialization completed in 1203 ms]
2020-12-31 15:11:57 INFO  org.springframework.scheduling.concurrent.ThreadPoolTaskExecutor [Initializing ExecutorService 'applicationTaskExecutor']
2020-12-31 15:11:57 INFO  org.springframework.boot.devtools.autoconfigure.OptionalLiveReloadServer [LiveReload server is running on port 35729]
2020-12-31 15:11:57 INFO  org.springframework.scheduling.concurrent.ThreadPoolTaskScheduler [Initializing ExecutorService 'taskScheduler']
2020-12-31 15:11:57 INFO  org.apache.coyote.http11.Http11NioProtocol [Starting ProtocolHandler ["http-nio-8088"]]
2020-12-31 15:11:57 INFO  org.springframework.boot.web.embedded.tomcat.TomcatWebServer [Tomcat started on port(s): 8088 (http) with context path '']
2020-12-31 15:11:57 INFO  springfox.documentation.spring.web.plugins.DocumentationPluginsBootstrapper [Context refreshed]
2020-12-31 15:11:57 INFO  springfox.documentation.spring.web.plugins.DocumentationPluginsBootstrapper [Found 1 custom documentation plugin(s)]
2020-12-31 15:11:57 INFO  springfox.documentation.spring.web.scanners.ApiListingReferenceScanner [Scanning for api listing references]
2020-12-31 15:11:57 INFO  com.xietian.graduated.GraduatedApplication [Started GraduatedApplication in 2.922 seconds (JVM running for 3.687)]
2020-12-31 15:12:02 INFO  com.zaxxer.hikari.HikariDataSource [HikariPool-1 - Starting...]
2020-12-31 15:12:03 INFO  com.zaxxer.hikari.HikariDataSource [HikariPool-1 - Start completed.]
2020-12-31 15:26:26 INFO  org.apache.catalina.core.ContainerBase.[Tomcat].[localhost].[/] [Initializing Spring DispatcherServlet 'dispatcherServlet']
2020-12-31 15:26:26 INFO  org.springframework.web.servlet.DispatcherServlet [Initializing Servlet 'dispatcherServlet']
2020-12-31 15:26:26 INFO  org.springframework.web.servlet.DispatcherServlet [Completed initialization in 1 ms]
2020-12-31 15:29:48 INFO  org.hibernate.validator.internal.util.Version [HV000001: Hibernate Validator 5.4.1.Final]
2020-12-31 15:29:48 INFO  com.xietian.graduated.GraduatedApplication [Starting GraduatedApplication using Java 1.8.0_271 on DESKTOP-CKPKB5K with PID 22408 (D:\IDE\IntelliJ IDEA 2019.3.5\project\graduated\target\classes started by Administrator in D:\IDE\IntelliJ IDEA 2019.3.5\project\graduated)]
2020-12-31 15:29:48 INFO  com.xietian.graduated.GraduatedApplication [No active profile set, falling back to default profiles: default]
2020-12-31 15:29:48 INFO  org.springframework.boot.devtools.env.DevToolsPropertyDefaultsPostProcessor [Devtools property defaults active! Set 'spring.devtools.add-properties' to 'false' to disable]
2020-12-31 15:29:48 INFO  org.springframework.boot.devtools.env.DevToolsPropertyDefaultsPostProcessor [For additional web related logging consider setting the 'logging.level.web' property to 'DEBUG']
2020-12-31 15:29:49 INFO  org.springframework.data.repository.config.RepositoryConfigurationDelegate [Multiple Spring Data modules found, entering strict repository configuration mode!]
2020-12-31 15:29:49 INFO  org.springframework.data.repository.config.RepositoryConfigurationDelegate [Bootstrapping Spring Data Redis repositories in DEFAULT mode.]
2020-12-31 15:29:49 INFO  org.springframework.data.repository.config.RepositoryConfigurationDelegate [Finished Spring Data repository scanning in 14 ms. Found 0 Redis repository interfaces.]
2020-12-31 15:29:49 INFO  org.springframework.boot.web.embedded.tomcat.TomcatWebServer [Tomcat initialized with port(s): 8088 (http)]
2020-12-31 15:29:49 INFO  org.apache.coyote.http11.Http11NioProtocol [Initializing ProtocolHandler ["http-nio-8088"]]
2020-12-31 15:29:49 INFO  org.apache.catalina.core.StandardService [Starting service [Tomcat]]
2020-12-31 15:29:49 INFO  org.apache.catalina.core.StandardEngine [Starting Servlet engine: [Apache Tomcat/9.0.39]]
2020-12-31 15:29:49 INFO  org.apache.catalina.core.ContainerBase.[Tomcat].[localhost].[/] [Initializing Spring embedded WebApplicationContext]
2020-12-31 15:29:49 INFO  org.springframework.boot.web.servlet.context.ServletWebServerApplicationContext [Root WebApplicationContext: initialization completed in 1385 ms]
2020-12-31 15:29:50 INFO  org.springframework.scheduling.concurrent.ThreadPoolTaskExecutor [Initializing ExecutorService 'applicationTaskExecutor']
2020-12-31 15:29:50 INFO  org.springframework.boot.devtools.autoconfigure.OptionalLiveReloadServer [LiveReload server is running on port 35729]
2020-12-31 15:29:50 INFO  org.springframework.scheduling.concurrent.ThreadPoolTaskScheduler [Initializing ExecutorService 'taskScheduler']
2020-12-31 15:29:50 INFO  org.apache.coyote.http11.Http11NioProtocol [Starting ProtocolHandler ["http-nio-8088"]]
2020-12-31 15:29:50 INFO  org.springframework.boot.web.embedded.tomcat.TomcatWebServer [Tomcat started on port(s): 8088 (http) with context path '']
2020-12-31 15:29:50 INFO  springfox.documentation.spring.web.plugins.DocumentationPluginsBootstrapper [Context refreshed]
2020-12-31 15:29:50 INFO  springfox.documentation.spring.web.plugins.DocumentationPluginsBootstrapper [Found 1 custom documentation plugin(s)]
2020-12-31 15:29:50 INFO  springfox.documentation.spring.web.scanners.ApiListingReferenceScanner [Scanning for api listing references]
2020-12-31 15:29:51 INFO  com.xietian.graduated.GraduatedApplication [Started GraduatedApplication in 3.249 seconds (JVM running for 4.226)]
2020-12-31 15:29:55 INFO  com.zaxxer.hikari.HikariDataSource [HikariPool-1 - Starting...]
2020-12-31 15:29:56 INFO  com.zaxxer.hikari.HikariDataSource [HikariPool-1 - Start completed.]
2020-12-31 15:35:41 INFO  org.apache.catalina.core.ContainerBase.[Tomcat].[localhost].[/] [Initializing Spring DispatcherServlet 'dispatcherServlet']
2020-12-31 15:35:41 INFO  org.springframework.web.servlet.DispatcherServlet [Initializing Servlet 'dispatcherServlet']
2020-12-31 15:35:41 INFO  org.springframework.web.servlet.DispatcherServlet [Completed initialization in 1 ms]
2020-12-31 16:33:55 INFO  org.hibernate.validator.internal.util.Version [HV000001: Hibernate Validator 5.4.1.Final]
2020-12-31 16:33:55 INFO  com.xietian.graduated.GraduatedApplication [Starting GraduatedApplication using Java 1.8.0_271 on DESKTOP-CKPKB5K with PID 17176 (D:\IDE\IntelliJ IDEA 2019.3.5\project\graduated\target\classes started by Administrator in D:\IDE\IntelliJ IDEA 2019.3.5\project\graduated)]
2020-12-31 16:33:55 INFO  com.xietian.graduated.GraduatedApplication [No active profile set, falling back to default profiles: default]
2020-12-31 16:33:55 INFO  org.springframework.boot.devtools.env.DevToolsPropertyDefaultsPostProcessor [Devtools property defaults active! Set 'spring.devtools.add-properties' to 'false' to disable]
2020-12-31 16:33:55 INFO  org.springframework.boot.devtools.env.DevToolsPropertyDefaultsPostProcessor [For additional web related logging consider setting the 'logging.level.web' property to 'DEBUG']
2020-12-31 16:33:56 INFO  org.springframework.data.repository.config.RepositoryConfigurationDelegate [Multiple Spring Data modules found, entering strict repository configuration mode!]
2020-12-31 16:33:56 INFO  org.springframework.data.repository.config.RepositoryConfigurationDelegate [Bootstrapping Spring Data Redis repositories in DEFAULT mode.]
2020-12-31 16:33:56 INFO  org.springframework.data.repository.config.RepositoryConfigurationDelegate [Finished Spring Data repository scanning in 10 ms. Found 0 Redis repository interfaces.]
2020-12-31 16:33:56 INFO  org.springframework.boot.web.embedded.tomcat.TomcatWebServer [Tomcat initialized with port(s): 8088 (http)]
2020-12-31 16:33:56 INFO  org.apache.coyote.http11.Http11NioProtocol [Initializing ProtocolHandler ["http-nio-8088"]]
2020-12-31 16:33:56 INFO  org.apache.catalina.core.StandardService [Starting service [Tomcat]]
2020-12-31 16:33:56 INFO  org.apache.catalina.core.StandardEngine [Starting Servlet engine: [Apache Tomcat/9.0.39]]
2020-12-31 16:33:56 INFO  org.apache.catalina.core.ContainerBase.[Tomcat].[localhost].[/] [Initializing Spring embedded WebApplicationContext]
2020-12-31 16:33:56 INFO  org.springframework.boot.web.servlet.context.ServletWebServerApplicationContext [Root WebApplicationContext: initialization completed in 1378 ms]
2020-12-31 16:33:57 INFO  org.springframework.scheduling.concurrent.ThreadPoolTaskExecutor [Initializing ExecutorService 'applicationTaskExecutor']
2020-12-31 16:33:57 INFO  org.springframework.boot.devtools.autoconfigure.OptionalLiveReloadServer [LiveReload server is running on port 35729]
2020-12-31 16:33:57 INFO  org.springframework.scheduling.concurrent.ThreadPoolTaskScheduler [Initializing ExecutorService 'taskScheduler']
2020-12-31 16:33:57 INFO  org.apache.coyote.http11.Http11NioProtocol [Starting ProtocolHandler ["http-nio-8088"]]
2020-12-31 16:33:57 INFO  org.springframework.boot.web.embedded.tomcat.TomcatWebServer [Tomcat started on port(s): 8088 (http) with context path '']
2020-12-31 16:33:57 INFO  springfox.documentation.spring.web.plugins.DocumentationPluginsBootstrapper [Context refreshed]
2020-12-31 16:33:57 INFO  springfox.documentation.spring.web.plugins.DocumentationPluginsBootstrapper [Found 1 custom documentation plugin(s)]
2020-12-31 16:33:57 INFO  springfox.documentation.spring.web.scanners.ApiListingReferenceScanner [Scanning for api listing references]
2020-12-31 16:33:58 INFO  com.xietian.graduated.GraduatedApplication [Started GraduatedApplication in 3.377 seconds (JVM running for 4.303)]
2020-12-31 16:34:02 INFO  com.zaxxer.hikari.HikariDataSource [HikariPool-1 - Starting...]
2020-12-31 16:34:03 INFO  com.zaxxer.hikari.HikariDataSource [HikariPool-1 - Start completed.]
2020-12-31 16:36:32 INFO  org.apache.catalina.core.ContainerBase.[Tomcat].[localhost].[/] [Initializing Spring DispatcherServlet 'dispatcherServlet']
2020-12-31 16:36:32 INFO  org.springframework.web.servlet.DispatcherServlet [Initializing Servlet 'dispatcherServlet']
2020-12-31 16:36:32 INFO  org.springframework.web.servlet.DispatcherServlet [Completed initialization in 1 ms]
2020-12-31 16:37:35 WARN  org.springframework.web.servlet.mvc.support.DefaultHandlerExceptionResolver [Resolved [org.springframework.http.converter.HttpMessageNotReadableException: JSON parse error: Cannot deserialize value of type `java.lang.Integer` from String "13748293046": Overflow: numeric value (13748293046) out of range of Integer (-2147483648 - 2147483647); nested exception is com.fasterxml.jackson.databind.exc.InvalidFormatException: Cannot deserialize value of type `java.lang.Integer` from String "13748293046": Overflow: numeric value (13748293046) out of range of Integer (-2147483648 - 2147483647)
 at [Source: (PushbackInputStream); line: 1, column: 156] (through reference chain: com.xietian.graduated.pojo.User["uPhone"])]]
2020-12-31 16:43:51 INFO  org.hibernate.validator.internal.util.Version [HV000001: Hibernate Validator 5.4.1.Final]
2020-12-31 16:43:51 INFO  com.xietian.graduated.GraduatedApplication [Starting GraduatedApplication using Java 1.8.0_271 on DESKTOP-CKPKB5K with PID 22332 (D:\IDE\IntelliJ IDEA 2019.3.5\project\graduated\target\classes started by Administrator in D:\IDE\IntelliJ IDEA 2019.3.5\project\graduated)]
2020-12-31 16:43:51 INFO  com.xietian.graduated.GraduatedApplication [No active profile set, falling back to default profiles: default]
2020-12-31 16:43:51 INFO  org.springframework.boot.devtools.env.DevToolsPropertyDefaultsPostProcessor [Devtools property defaults active! Set 'spring.devtools.add-properties' to 'false' to disable]
2020-12-31 16:43:51 INFO  org.springframework.boot.devtools.env.DevToolsPropertyDefaultsPostProcessor [For additional web related logging consider setting the 'logging.level.web' property to 'DEBUG']
2020-12-31 16:43:52 INFO  org.springframework.data.repository.config.RepositoryConfigurationDelegate [Multiple Spring Data modules found, entering strict repository configuration mode!]
2020-12-31 16:43:52 INFO  org.springframework.data.repository.config.RepositoryConfigurationDelegate [Bootstrapping Spring Data Redis repositories in DEFAULT mode.]
2020-12-31 16:43:52 INFO  org.springframework.data.repository.config.RepositoryConfigurationDelegate [Finished Spring Data repository scanning in 9 ms. Found 0 Redis repository interfaces.]
2020-12-31 16:43:52 INFO  org.springframework.boot.web.embedded.tomcat.TomcatWebServer [Tomcat initialized with port(s): 8088 (http)]
2020-12-31 16:43:52 INFO  org.apache.coyote.http11.Http11NioProtocol [Initializing ProtocolHandler ["http-nio-8088"]]
2020-12-31 16:43:52 INFO  org.apache.catalina.core.StandardService [Starting service [Tomcat]]
2020-12-31 16:43:52 INFO  org.apache.catalina.core.StandardEngine [Starting Servlet engine: [Apache Tomcat/9.0.39]]
2020-12-31 16:43:52 INFO  org.apache.catalina.core.ContainerBase.[Tomcat].[localhost].[/] [Initializing Spring embedded WebApplicationContext]
2020-12-31 16:43:52 INFO  org.springframework.boot.web.servlet.context.ServletWebServerApplicationContext [Root WebApplicationContext: initialization completed in 1249 ms]
2020-12-31 16:43:53 INFO  org.springframework.scheduling.concurrent.ThreadPoolTaskExecutor [Initializing ExecutorService 'applicationTaskExecutor']
2020-12-31 16:43:53 INFO  org.springframework.boot.devtools.autoconfigure.OptionalLiveReloadServer [LiveReload server is running on port 35729]
2020-12-31 16:43:53 INFO  org.springframework.scheduling.concurrent.ThreadPoolTaskScheduler [Initializing ExecutorService 'taskScheduler']
2020-12-31 16:43:53 INFO  org.apache.coyote.http11.Http11NioProtocol [Starting ProtocolHandler ["http-nio-8088"]]
2020-12-31 16:43:53 INFO  org.springframework.boot.web.embedded.tomcat.TomcatWebServer [Tomcat started on port(s): 8088 (http) with context path '']
2020-12-31 16:43:54 INFO  springfox.documentation.spring.web.plugins.DocumentationPluginsBootstrapper [Context refreshed]
2020-12-31 16:43:54 INFO  springfox.documentation.spring.web.plugins.DocumentationPluginsBootstrapper [Found 1 custom documentation plugin(s)]
2020-12-31 16:43:54 INFO  springfox.documentation.spring.web.scanners.ApiListingReferenceScanner [Scanning for api listing references]
2020-12-31 16:43:54 INFO  com.xietian.graduated.GraduatedApplication [Started GraduatedApplication in 2.994 seconds (JVM running for 3.793)]
2020-12-31 16:43:59 INFO  com.zaxxer.hikari.HikariDataSource [HikariPool-1 - Starting...]
2020-12-31 16:43:59 INFO  com.zaxxer.hikari.HikariDataSource [HikariPool-1 - Start completed.]
2020-12-31 16:44:14 INFO  org.apache.catalina.core.ContainerBase.[Tomcat].[localhost].[/] [Initializing Spring DispatcherServlet 'dispatcherServlet']
2020-12-31 16:44:14 INFO  org.springframework.web.servlet.DispatcherServlet [Initializing Servlet 'dispatcherServlet']
2020-12-31 16:44:14 INFO  org.springframework.web.servlet.DispatcherServlet [Completed initialization in 1 ms]
2020-12-31 16:44:58 WARN  org.springframework.web.servlet.mvc.support.DefaultHandlerExceptionResolver [Resolved [org.springframework.web.bind.MethodArgumentNotValidException: Validation failed for argument [0] in public com.xietian.graduated.common.util.Result<java.lang.String> com.xietian.graduated.controller.UserController.registry(com.xietian.graduated.pojo.User): [Field error in object 'user' on field 'uRealname': rejected value [null]; codes [NotNull.user.uRealname,NotNull.uRealname,NotNull.java.lang.String,NotNull]; arguments [org.springframework.context.support.DefaultMessageSourceResolvable: codes [user.uRealname,uRealname]; arguments []; default message [uRealname]]; default message [真实姓名不能为空]] ]]
2020-12-31 17:43:36 INFO  org.hibernate.validator.internal.util.Version [HV000001: Hibernate Validator 5.4.1.Final]
2020-12-31 17:43:36 INFO  com.xietian.graduated.GraduatedApplication [Starting GraduatedApplication using Java 1.8.0_271 on DESKTOP-CKPKB5K with PID 16456 (D:\IDE\IntelliJ IDEA 2019.3.5\project\graduated\target\classes started by Administrator in D:\IDE\IntelliJ IDEA 2019.3.5\project\graduated)]
2020-12-31 17:43:36 INFO  com.xietian.graduated.GraduatedApplication [No active profile set, falling back to default profiles: default]
2020-12-31 17:43:36 INFO  org.springframework.boot.devtools.env.DevToolsPropertyDefaultsPostProcessor [Devtools property defaults active! Set 'spring.devtools.add-properties' to 'false' to disable]
2020-12-31 17:43:36 INFO  org.springframework.boot.devtools.env.DevToolsPropertyDefaultsPostProcessor [For additional web related logging consider setting the 'logging.level.web' property to 'DEBUG']
2020-12-31 17:43:37 INFO  org.springframework.data.repository.config.RepositoryConfigurationDelegate [Multiple Spring Data modules found, entering strict repository configuration mode!]
2020-12-31 17:43:37 INFO  org.springframework.data.repository.config.RepositoryConfigurationDelegate [Bootstrapping Spring Data Redis repositories in DEFAULT mode.]
2020-12-31 17:43:37 INFO  org.springframework.data.repository.config.RepositoryConfigurationDelegate [Finished Spring Data repository scanning in 10 ms. Found 0 Redis repository interfaces.]
2020-12-31 17:43:37 INFO  org.springframework.boot.web.embedded.tomcat.TomcatWebServer [Tomcat initialized with port(s): 8088 (http)]
2020-12-31 17:43:37 INFO  org.apache.coyote.http11.Http11NioProtocol [Initializing ProtocolHandler ["http-nio-8088"]]
2020-12-31 17:43:37 INFO  org.apache.catalina.core.StandardService [Starting service [Tomcat]]
2020-12-31 17:43:37 INFO  org.apache.catalina.core.StandardEngine [Starting Servlet engine: [Apache Tomcat/9.0.39]]
2020-12-31 17:43:37 INFO  org.apache.catalina.core.ContainerBase.[Tomcat].[localhost].[/] [Initializing Spring embedded WebApplicationContext]
2020-12-31 17:43:37 INFO  org.springframework.boot.web.servlet.context.ServletWebServerApplicationContext [Root WebApplicationContext: initialization completed in 1220 ms]
2020-12-31 17:43:38 INFO  org.springframework.scheduling.concurrent.ThreadPoolTaskExecutor [Initializing ExecutorService 'applicationTaskExecutor']
2020-12-31 17:43:38 INFO  org.springframework.boot.devtools.autoconfigure.OptionalLiveReloadServer [LiveReload server is running on port 35729]
2020-12-31 17:43:38 INFO  org.springframework.scheduling.concurrent.ThreadPoolTaskScheduler [Initializing ExecutorService 'taskScheduler']
2020-12-31 17:43:38 INFO  org.apache.coyote.http11.Http11NioProtocol [Starting ProtocolHandler ["http-nio-8088"]]
2020-12-31 17:43:38 INFO  org.springframework.boot.web.embedded.tomcat.TomcatWebServer [Tomcat started on port(s): 8088 (http) with context path '']
2020-12-31 17:43:38 INFO  springfox.documentation.spring.web.plugins.DocumentationPluginsBootstrapper [Context refreshed]
2020-12-31 17:43:38 INFO  springfox.documentation.spring.web.plugins.DocumentationPluginsBootstrapper [Found 1 custom documentation plugin(s)]
2020-12-31 17:43:38 INFO  springfox.documentation.spring.web.scanners.ApiListingReferenceScanner [Scanning for api listing references]
2020-12-31 17:43:38 INFO  com.xietian.graduated.GraduatedApplication [Started GraduatedApplication in 3.02 seconds (JVM running for 3.863)]
2020-12-31 17:43:43 INFO  com.zaxxer.hikari.HikariDataSource [HikariPool-1 - Starting...]
2020-12-31 17:43:44 INFO  com.zaxxer.hikari.HikariDataSource [HikariPool-1 - Start completed.]
2020-12-31 17:43:48 INFO  org.apache.catalina.core.ContainerBase.[Tomcat].[localhost].[/] [Initializing Spring DispatcherServlet 'dispatcherServlet']
2020-12-31 17:43:48 INFO  org.springframework.web.servlet.DispatcherServlet [Initializing Servlet 'dispatcherServlet']
2020-12-31 17:43:48 INFO  org.springframework.web.servlet.DispatcherServlet [Completed initialization in 2 ms]
