2020-12-25 09:35:36 INFO  com.xietian.graduated.GraduatedApplicationTests [Starting GraduatedApplicationTests using Java 1.8.0_271 on DESKTOP-CKPKB5K with PID 13512 (started by Administrator in D:\IDE\IntelliJ IDEA 2019.3.5\project\graduated)]
2020-12-25 09:35:36 INFO  com.xietian.graduated.GraduatedApplicationTests [No active profile set, falling back to default profiles: default]
2020-12-25 09:35:36 INFO  org.springframework.data.repository.config.RepositoryConfigurationDelegate [Multiple Spring Data modules found, entering strict repository configuration mode!]
2020-12-25 09:35:36 INFO  org.springframework.data.repository.config.RepositoryConfigurationDelegate [Bootstrapping Spring Data Redis repositories in DEFAULT mode.]
2020-12-25 09:35:36 INFO  org.springframework.data.repository.config.RepositoryConfigurationDelegate [Finished Spring Data repository scanning in 13 ms. Found 0 Redis repository interfaces.]
2020-12-25 09:35:39 INFO  org.springframework.scheduling.concurrent.ThreadPoolTaskExecutor [Initializing ExecutorService 'applicationTaskExecutor']
2020-12-25 09:35:39 INFO  org.springframework.scheduling.concurrent.ThreadPoolTaskScheduler [Initializing ExecutorService 'taskScheduler']
2020-12-25 09:35:40 INFO  springfox.documentation.spring.web.plugins.DocumentationPluginsBootstrapper [Context refreshed]
2020-12-25 09:35:40 INFO  springfox.documentation.spring.web.plugins.DocumentationPluginsBootstrapper [Found 1 custom documentation plugin(s)]
2020-12-25 09:35:40 INFO  springfox.documentation.spring.web.scanners.ApiListingReferenceScanner [Scanning for api listing references]
2020-12-25 09:35:40 INFO  com.xietian.graduated.GraduatedApplicationTests [Started GraduatedApplicationTests in 4.658 seconds (JVM running for 6.03)]
2020-12-25 09:35:40 INFO  org.springframework.scheduling.concurrent.ThreadPoolTaskScheduler [Shutting down ExecutorService 'taskScheduler']
2020-12-25 09:35:40 INFO  org.springframework.scheduling.concurrent.ThreadPoolTaskExecutor [Shutting down ExecutorService 'applicationTaskExecutor']
2020-12-25 09:35:53 INFO  com.xietian.graduated.GraduatedApplicationTests [Starting GraduatedApplicationTests using Java 1.8.0_271 on DESKTOP-CKPKB5K with PID 21572 (started by Administrator in D:\IDE\IntelliJ IDEA 2019.3.5\project\graduated)]
2020-12-25 09:35:53 INFO  com.xietian.graduated.GraduatedApplicationTests [No active profile set, falling back to default profiles: default]
2020-12-25 09:35:54 INFO  org.springframework.data.repository.config.RepositoryConfigurationDelegate [Multiple Spring Data modules found, entering strict repository configuration mode!]
2020-12-25 09:35:54 INFO  org.springframework.data.repository.config.RepositoryConfigurationDelegate [Bootstrapping Spring Data Redis repositories in DEFAULT mode.]
2020-12-25 09:35:54 INFO  org.springframework.data.repository.config.RepositoryConfigurationDelegate [Finished Spring Data repository scanning in 13 ms. Found 0 Redis repository interfaces.]
2020-12-25 09:35:56 INFO  org.springframework.scheduling.concurrent.ThreadPoolTaskExecutor [Initializing ExecutorService 'applicationTaskExecutor']
2020-12-25 09:35:56 INFO  org.springframework.scheduling.concurrent.ThreadPoolTaskScheduler [Initializing ExecutorService 'taskScheduler']
2020-12-25 09:35:56 INFO  springfox.documentation.spring.web.plugins.DocumentationPluginsBootstrapper [Context refreshed]
2020-12-25 09:35:56 INFO  springfox.documentation.spring.web.plugins.DocumentationPluginsBootstrapper [Found 1 custom documentation plugin(s)]
2020-12-25 09:35:56 INFO  springfox.documentation.spring.web.scanners.ApiListingReferenceScanner [Scanning for api listing references]
2020-12-25 09:35:57 INFO  com.xietian.graduated.GraduatedApplicationTests [Started GraduatedApplicationTests in 4.349 seconds (JVM running for 5.497)]
2020-12-25 09:35:57 INFO  org.springframework.scheduling.concurrent.ThreadPoolTaskScheduler [Shutting down ExecutorService 'taskScheduler']
2020-12-25 09:35:57 INFO  org.springframework.scheduling.concurrent.ThreadPoolTaskExecutor [Shutting down ExecutorService 'applicationTaskExecutor']
2020-12-25 09:42:52 INFO  com.xietian.graduated.GraduatedApplicationTests [Starting GraduatedApplicationTests using Java 1.8.0_271 on DESKTOP-CKPKB5K with PID 1692 (started by Administrator in D:\IDE\IntelliJ IDEA 2019.3.5\project\graduated)]
2020-12-25 09:42:52 INFO  com.xietian.graduated.GraduatedApplicationTests [No active profile set, falling back to default profiles: default]
2020-12-25 09:42:53 INFO  org.springframework.data.repository.config.RepositoryConfigurationDelegate [Multiple Spring Data modules found, entering strict repository configuration mode!]
2020-12-25 09:42:53 INFO  org.springframework.data.repository.config.RepositoryConfigurationDelegate [Bootstrapping Spring Data Redis repositories in DEFAULT mode.]
2020-12-25 09:42:53 INFO  org.springframework.data.repository.config.RepositoryConfigurationDelegate [Finished Spring Data repository scanning in 13 ms. Found 0 Redis repository interfaces.]
2020-12-25 09:42:55 INFO  org.springframework.scheduling.concurrent.ThreadPoolTaskExecutor [Initializing ExecutorService 'applicationTaskExecutor']
2020-12-25 09:42:55 INFO  org.springframework.scheduling.concurrent.ThreadPoolTaskScheduler [Initializing ExecutorService 'taskScheduler']
2020-12-25 09:42:56 INFO  springfox.documentation.spring.web.plugins.DocumentationPluginsBootstrapper [Context refreshed]
2020-12-25 09:42:56 INFO  springfox.documentation.spring.web.plugins.DocumentationPluginsBootstrapper [Found 1 custom documentation plugin(s)]
2020-12-25 09:42:56 INFO  springfox.documentation.spring.web.scanners.ApiListingReferenceScanner [Scanning for api listing references]
2020-12-25 09:42:56 INFO  com.xietian.graduated.GraduatedApplicationTests [Started GraduatedApplicationTests in 4.24 seconds (JVM running for 5.439)]
2020-12-25 09:42:56 INFO  org.springframework.scheduling.concurrent.ThreadPoolTaskScheduler [Shutting down ExecutorService 'taskScheduler']
2020-12-25 09:42:56 INFO  org.springframework.scheduling.concurrent.ThreadPoolTaskExecutor [Shutting down ExecutorService 'applicationTaskExecutor']
