2021-01-28 14:02:14 INFO  org.hibernate.validator.internal.util.Version [HV000001: Hibernate Validator 5.4.1.Final]
2021-01-28 14:02:14 INFO  com.xietian.graduated.GraduatedApplication [Starting GraduatedApplication using Java 1.8.0_261 on DESKTOP-D50U990 with PID 19008 (D:\java\IntelliJ IDEA 2017.2.2\project\graduated\target\classes started by xt111 in D:\java\IntelliJ IDEA 2017.2.2\project\graduated)]
2021-01-28 14:02:14 INFO  com.xietian.graduated.GraduatedApplication [No active profile set, falling back to default profiles: default]
2021-01-28 14:02:14 INFO  org.springframework.boot.devtools.env.DevToolsPropertyDefaultsPostProcessor [Devtools property defaults active! Set 'spring.devtools.add-properties' to 'false' to disable]
2021-01-28 14:02:14 INFO  org.springframework.boot.devtools.env.DevToolsPropertyDefaultsPostProcessor [For additional web related logging consider setting the 'logging.level.web' property to 'DEBUG']
2021-01-28 14:02:15 INFO  org.springframework.data.repository.config.RepositoryConfigurationDelegate [Multiple Spring Data modules found, entering strict repository configuration mode!]
2021-01-28 14:02:15 INFO  org.springframework.data.repository.config.RepositoryConfigurationDelegate [Bootstrapping Spring Data Redis repositories in DEFAULT mode.]
2021-01-28 14:02:15 INFO  org.springframework.data.repository.config.RepositoryConfigurationDelegate [Finished Spring Data repository scanning in 13 ms. Found 0 Redis repository interfaces.]
2021-01-28 14:02:16 INFO  org.springframework.boot.web.embedded.tomcat.TomcatWebServer [Tomcat initialized with port(s): 8088 (https) 8086 (http)]
2021-01-28 14:02:16 INFO  org.apache.coyote.http11.Http11NioProtocol [Initializing ProtocolHandler ["https-openssl-nio-8088"]]
2021-01-28 14:02:16 INFO  org.apache.coyote.http11.Http11NioProtocol [Initializing ProtocolHandler ["http-nio-8086"]]
2021-01-28 14:02:16 INFO  org.apache.catalina.core.StandardService [Starting service [Tomcat]]
2021-01-28 14:02:16 INFO  org.apache.catalina.core.StandardEngine [Starting Servlet engine: [Apache Tomcat/9.0.39]]
2021-01-28 14:02:16 INFO  org.apache.catalina.core.AprLifecycleListener [Loaded Apache Tomcat Native library [1.2.23] using APR version [1.7.0].]
2021-01-28 14:02:16 INFO  org.apache.catalina.core.AprLifecycleListener [APR capabilities: IPv6 [true], sendfile [true], accept filters [false], random [true].]
2021-01-28 14:02:16 INFO  org.apache.catalina.core.AprLifecycleListener [APR/OpenSSL configuration: useAprConnector [false], useOpenSSL [true]]
2021-01-28 14:02:16 INFO  org.apache.catalina.core.AprLifecycleListener [OpenSSL successfully initialized [OpenSSL 1.1.1c  28 May 2019]]
2021-01-28 14:02:16 INFO  org.apache.catalina.core.ContainerBase.[Tomcat].[localhost].[/] [Initializing Spring embedded WebApplicationContext]
2021-01-28 14:02:16 INFO  org.springframework.boot.web.servlet.context.ServletWebServerApplicationContext [Root WebApplicationContext: initialization completed in 1370 ms]
2021-01-28 14:02:16 INFO  org.springframework.scheduling.concurrent.ThreadPoolTaskExecutor [Initializing ExecutorService 'applicationTaskExecutor']
2021-01-28 14:02:16 INFO  org.springframework.boot.devtools.autoconfigure.OptionalLiveReloadServer [LiveReload server is running on port 35729]
2021-01-28 14:02:17 INFO  org.springframework.scheduling.concurrent.ThreadPoolTaskScheduler [Initializing ExecutorService 'taskScheduler']
2021-01-28 14:02:17 INFO  org.apache.coyote.http11.Http11NioProtocol [Starting ProtocolHandler ["https-openssl-nio-8088"]]
2021-01-28 14:02:17 INFO  org.apache.coyote.http11.Http11NioProtocol [Starting ProtocolHandler ["http-nio-8086"]]
2021-01-28 14:02:17 INFO  org.springframework.boot.web.embedded.tomcat.TomcatWebServer [Tomcat started on port(s): 8088 (https) 8086 (http) with context path '']
2021-01-28 14:02:17 INFO  springfox.documentation.spring.web.plugins.DocumentationPluginsBootstrapper [Context refreshed]
2021-01-28 14:02:17 INFO  springfox.documentation.spring.web.plugins.DocumentationPluginsBootstrapper [Found 1 custom documentation plugin(s)]
2021-01-28 14:02:17 INFO  springfox.documentation.spring.web.scanners.ApiListingReferenceScanner [Scanning for api listing references]
2021-01-28 14:02:17 INFO  springfox.documentation.spring.web.readers.operation.CachingOperationNameGenerator [Generating unique operation named: getByIdUsingGET_1]
2021-01-28 14:02:17 INFO  com.xietian.graduated.GraduatedApplication [Started GraduatedApplication in 3.118 seconds (JVM running for 4.736)]
2021-01-28 14:02:22 INFO  com.zaxxer.hikari.HikariDataSource [HikariPool-1 - Starting...]
2021-01-28 14:02:22 INFO  com.zaxxer.hikari.HikariDataSource [HikariPool-1 - Start completed.]
2021-01-28 14:02:24 INFO  org.apache.catalina.core.ContainerBase.[Tomcat].[localhost].[/] [Initializing Spring DispatcherServlet 'dispatcherServlet']
2021-01-28 14:02:24 INFO  org.springframework.web.servlet.DispatcherServlet [Initializing Servlet 'dispatcherServlet']
2021-01-28 14:02:24 INFO  org.springframework.web.servlet.DispatcherServlet [Completed initialization in 1 ms]
2021-01-28 14:27:45 INFO  org.hibernate.validator.internal.util.Version [HV000001: Hibernate Validator 5.4.1.Final]
2021-01-28 14:27:45 INFO  com.xietian.graduated.GraduatedApplication [Starting GraduatedApplication using Java 1.8.0_261 on DESKTOP-D50U990 with PID 11112 (D:\java\IntelliJ IDEA 2017.2.2\project\graduated\target\classes started by xt111 in D:\java\IntelliJ IDEA 2017.2.2\project\graduated)]
2021-01-28 14:27:45 INFO  com.xietian.graduated.GraduatedApplication [No active profile set, falling back to default profiles: default]
2021-01-28 14:27:46 INFO  org.springframework.boot.devtools.env.DevToolsPropertyDefaultsPostProcessor [Devtools property defaults active! Set 'spring.devtools.add-properties' to 'false' to disable]
2021-01-28 14:27:46 INFO  org.springframework.boot.devtools.env.DevToolsPropertyDefaultsPostProcessor [For additional web related logging consider setting the 'logging.level.web' property to 'DEBUG']
2021-01-28 14:27:46 INFO  org.springframework.data.repository.config.RepositoryConfigurationDelegate [Multiple Spring Data modules found, entering strict repository configuration mode!]
2021-01-28 14:27:46 INFO  org.springframework.data.repository.config.RepositoryConfigurationDelegate [Bootstrapping Spring Data Redis repositories in DEFAULT mode.]
2021-01-28 14:27:46 INFO  org.springframework.data.repository.config.RepositoryConfigurationDelegate [Finished Spring Data repository scanning in 12 ms. Found 0 Redis repository interfaces.]
2021-01-28 14:27:47 INFO  org.springframework.boot.web.embedded.tomcat.TomcatWebServer [Tomcat initialized with port(s): 8088 (https) 8086 (http)]
2021-01-28 14:27:47 INFO  org.apache.coyote.http11.Http11NioProtocol [Initializing ProtocolHandler ["https-openssl-nio-8088"]]
2021-01-28 14:27:47 INFO  org.apache.coyote.http11.Http11NioProtocol [Initializing ProtocolHandler ["http-nio-8086"]]
2021-01-28 14:27:47 INFO  org.apache.catalina.core.StandardService [Starting service [Tomcat]]
2021-01-28 14:27:47 INFO  org.apache.catalina.core.StandardEngine [Starting Servlet engine: [Apache Tomcat/9.0.39]]
2021-01-28 14:27:47 INFO  org.apache.catalina.core.AprLifecycleListener [Loaded Apache Tomcat Native library [1.2.23] using APR version [1.7.0].]
2021-01-28 14:27:47 INFO  org.apache.catalina.core.AprLifecycleListener [APR capabilities: IPv6 [true], sendfile [true], accept filters [false], random [true].]
2021-01-28 14:27:47 INFO  org.apache.catalina.core.AprLifecycleListener [APR/OpenSSL configuration: useAprConnector [false], useOpenSSL [true]]
2021-01-28 14:27:47 INFO  org.apache.catalina.core.AprLifecycleListener [OpenSSL successfully initialized [OpenSSL 1.1.1c  28 May 2019]]
2021-01-28 14:27:47 INFO  org.apache.catalina.core.ContainerBase.[Tomcat].[localhost].[/] [Initializing Spring embedded WebApplicationContext]
2021-01-28 14:27:47 INFO  org.springframework.boot.web.servlet.context.ServletWebServerApplicationContext [Root WebApplicationContext: initialization completed in 1242 ms]
2021-01-28 14:27:48 INFO  org.springframework.scheduling.concurrent.ThreadPoolTaskExecutor [Initializing ExecutorService 'applicationTaskExecutor']
2021-01-28 14:27:48 INFO  org.springframework.boot.devtools.autoconfigure.OptionalLiveReloadServer [LiveReload server is running on port 35729]
2021-01-28 14:27:48 INFO  org.springframework.scheduling.concurrent.ThreadPoolTaskScheduler [Initializing ExecutorService 'taskScheduler']
2021-01-28 14:27:48 INFO  org.apache.coyote.http11.Http11NioProtocol [Starting ProtocolHandler ["https-openssl-nio-8088"]]
2021-01-28 14:27:48 INFO  org.apache.coyote.http11.Http11NioProtocol [Starting ProtocolHandler ["http-nio-8086"]]
2021-01-28 14:27:48 INFO  org.springframework.boot.web.embedded.tomcat.TomcatWebServer [Tomcat started on port(s): 8088 (https) 8086 (http) with context path '']
2021-01-28 14:27:48 INFO  springfox.documentation.spring.web.plugins.DocumentationPluginsBootstrapper [Context refreshed]
2021-01-28 14:27:48 INFO  springfox.documentation.spring.web.plugins.DocumentationPluginsBootstrapper [Found 1 custom documentation plugin(s)]
2021-01-28 14:27:48 INFO  springfox.documentation.spring.web.scanners.ApiListingReferenceScanner [Scanning for api listing references]
2021-01-28 14:27:48 INFO  springfox.documentation.spring.web.readers.operation.CachingOperationNameGenerator [Generating unique operation named: getByIdUsingGET_1]
2021-01-28 14:27:48 INFO  com.xietian.graduated.GraduatedApplication [Started GraduatedApplication in 2.918 seconds (JVM running for 4.558)]
2021-01-28 14:27:53 INFO  com.zaxxer.hikari.HikariDataSource [HikariPool-1 - Starting...]
2021-01-28 14:27:53 INFO  com.zaxxer.hikari.HikariDataSource [HikariPool-1 - Start completed.]
2021-01-28 14:28:07 INFO  org.apache.catalina.core.ContainerBase.[Tomcat].[localhost].[/] [Initializing Spring DispatcherServlet 'dispatcherServlet']
2021-01-28 14:28:07 INFO  org.springframework.web.servlet.DispatcherServlet [Initializing Servlet 'dispatcherServlet']
2021-01-28 14:28:07 INFO  org.springframework.web.servlet.DispatcherServlet [Completed initialization in 1 ms]
2021-01-28 14:53:26 INFO  org.hibernate.validator.internal.util.Version [HV000001: Hibernate Validator 5.4.1.Final]
2021-01-28 14:53:26 INFO  com.xietian.graduated.GraduatedApplication [Starting GraduatedApplication using Java 1.8.0_261 on DESKTOP-D50U990 with PID 11732 (D:\java\IntelliJ IDEA 2017.2.2\project\graduated\target\classes started by xt111 in D:\java\IntelliJ IDEA 2017.2.2\project\graduated)]
2021-01-28 14:53:26 INFO  com.xietian.graduated.GraduatedApplication [No active profile set, falling back to default profiles: default]
2021-01-28 14:53:27 INFO  org.springframework.boot.devtools.env.DevToolsPropertyDefaultsPostProcessor [Devtools property defaults active! Set 'spring.devtools.add-properties' to 'false' to disable]
2021-01-28 14:53:27 INFO  org.springframework.boot.devtools.env.DevToolsPropertyDefaultsPostProcessor [For additional web related logging consider setting the 'logging.level.web' property to 'DEBUG']
2021-01-28 14:53:27 INFO  org.springframework.data.repository.config.RepositoryConfigurationDelegate [Multiple Spring Data modules found, entering strict repository configuration mode!]
2021-01-28 14:53:27 INFO  org.springframework.data.repository.config.RepositoryConfigurationDelegate [Bootstrapping Spring Data Redis repositories in DEFAULT mode.]
2021-01-28 14:53:27 INFO  org.springframework.data.repository.config.RepositoryConfigurationDelegate [Finished Spring Data repository scanning in 23 ms. Found 0 Redis repository interfaces.]
2021-01-28 14:53:28 INFO  org.springframework.boot.web.embedded.tomcat.TomcatWebServer [Tomcat initialized with port(s): 8088 (https) 8086 (http)]
2021-01-28 14:53:28 INFO  org.apache.coyote.http11.Http11NioProtocol [Initializing ProtocolHandler ["https-openssl-nio-8088"]]
2021-01-28 14:53:28 INFO  org.apache.coyote.http11.Http11NioProtocol [Initializing ProtocolHandler ["http-nio-8086"]]
2021-01-28 14:53:28 INFO  org.apache.catalina.core.StandardService [Starting service [Tomcat]]
2021-01-28 14:53:28 INFO  org.apache.catalina.core.StandardEngine [Starting Servlet engine: [Apache Tomcat/9.0.39]]
2021-01-28 14:53:28 INFO  org.apache.catalina.core.AprLifecycleListener [Loaded Apache Tomcat Native library [1.2.23] using APR version [1.7.0].]
2021-01-28 14:53:28 INFO  org.apache.catalina.core.AprLifecycleListener [APR capabilities: IPv6 [true], sendfile [true], accept filters [false], random [true].]
2021-01-28 14:53:28 INFO  org.apache.catalina.core.AprLifecycleListener [APR/OpenSSL configuration: useAprConnector [false], useOpenSSL [true]]
2021-01-28 14:53:28 INFO  org.apache.catalina.core.AprLifecycleListener [OpenSSL successfully initialized [OpenSSL 1.1.1c  28 May 2019]]
2021-01-28 14:53:28 INFO  org.apache.catalina.core.ContainerBase.[Tomcat].[localhost].[/] [Initializing Spring embedded WebApplicationContext]
2021-01-28 14:53:28 INFO  org.springframework.boot.web.servlet.context.ServletWebServerApplicationContext [Root WebApplicationContext: initialization completed in 1334 ms]
2021-01-28 14:53:29 INFO  org.springframework.scheduling.concurrent.ThreadPoolTaskExecutor [Initializing ExecutorService 'applicationTaskExecutor']
2021-01-28 14:53:29 INFO  org.springframework.boot.devtools.autoconfigure.OptionalLiveReloadServer [LiveReload server is running on port 35729]
2021-01-28 14:53:29 INFO  org.springframework.scheduling.concurrent.ThreadPoolTaskScheduler [Initializing ExecutorService 'taskScheduler']
2021-01-28 14:53:29 INFO  org.apache.coyote.http11.Http11NioProtocol [Starting ProtocolHandler ["https-openssl-nio-8088"]]
2021-01-28 14:53:29 INFO  org.apache.coyote.http11.Http11NioProtocol [Starting ProtocolHandler ["http-nio-8086"]]
2021-01-28 14:53:29 INFO  org.springframework.boot.web.embedded.tomcat.TomcatWebServer [Tomcat started on port(s): 8088 (https) 8086 (http) with context path '']
2021-01-28 14:53:29 INFO  springfox.documentation.spring.web.plugins.DocumentationPluginsBootstrapper [Context refreshed]
2021-01-28 14:53:29 INFO  springfox.documentation.spring.web.plugins.DocumentationPluginsBootstrapper [Found 1 custom documentation plugin(s)]
2021-01-28 14:53:29 INFO  springfox.documentation.spring.web.scanners.ApiListingReferenceScanner [Scanning for api listing references]
2021-01-28 14:53:29 INFO  springfox.documentation.spring.web.readers.operation.CachingOperationNameGenerator [Generating unique operation named: getByIdUsingGET_1]
2021-01-28 14:53:29 INFO  com.xietian.graduated.GraduatedApplication [Started GraduatedApplication in 3.104 seconds (JVM running for 4.696)]
2021-01-28 14:53:34 INFO  com.zaxxer.hikari.HikariDataSource [HikariPool-1 - Starting...]
2021-01-28 14:53:34 INFO  com.zaxxer.hikari.HikariDataSource [HikariPool-1 - Start completed.]
2021-01-28 14:57:50 INFO  org.hibernate.validator.internal.util.Version [HV000001: Hibernate Validator 5.4.1.Final]
2021-01-28 14:57:50 INFO  com.xietian.graduated.GraduatedApplication [Starting GraduatedApplication using Java 1.8.0_261 on DESKTOP-D50U990 with PID 8296 (D:\java\IntelliJ IDEA 2017.2.2\project\graduated\target\classes started by xt111 in D:\java\IntelliJ IDEA 2017.2.2\project\graduated)]
2021-01-28 14:57:50 INFO  com.xietian.graduated.GraduatedApplication [No active profile set, falling back to default profiles: default]
2021-01-28 14:57:50 INFO  org.springframework.boot.devtools.env.DevToolsPropertyDefaultsPostProcessor [Devtools property defaults active! Set 'spring.devtools.add-properties' to 'false' to disable]
2021-01-28 14:57:50 INFO  org.springframework.boot.devtools.env.DevToolsPropertyDefaultsPostProcessor [For additional web related logging consider setting the 'logging.level.web' property to 'DEBUG']
2021-01-28 14:57:51 INFO  org.springframework.data.repository.config.RepositoryConfigurationDelegate [Multiple Spring Data modules found, entering strict repository configuration mode!]
2021-01-28 14:57:51 INFO  org.springframework.data.repository.config.RepositoryConfigurationDelegate [Bootstrapping Spring Data Redis repositories in DEFAULT mode.]
2021-01-28 14:57:51 INFO  org.springframework.data.repository.config.RepositoryConfigurationDelegate [Finished Spring Data repository scanning in 13 ms. Found 0 Redis repository interfaces.]
2021-01-28 14:57:51 INFO  org.springframework.boot.web.embedded.tomcat.TomcatWebServer [Tomcat initialized with port(s): 8088 (https) 8086 (http)]
2021-01-28 14:57:51 INFO  org.apache.coyote.http11.Http11NioProtocol [Initializing ProtocolHandler ["https-openssl-nio-8088"]]
2021-01-28 14:57:51 INFO  org.apache.coyote.http11.Http11NioProtocol [Initializing ProtocolHandler ["http-nio-8086"]]
2021-01-28 14:57:51 INFO  org.apache.catalina.core.StandardService [Starting service [Tomcat]]
2021-01-28 14:57:51 INFO  org.apache.catalina.core.StandardEngine [Starting Servlet engine: [Apache Tomcat/9.0.39]]
2021-01-28 14:57:51 INFO  org.apache.catalina.core.AprLifecycleListener [Loaded Apache Tomcat Native library [1.2.23] using APR version [1.7.0].]
2021-01-28 14:57:51 INFO  org.apache.catalina.core.AprLifecycleListener [APR capabilities: IPv6 [true], sendfile [true], accept filters [false], random [true].]
2021-01-28 14:57:51 INFO  org.apache.catalina.core.AprLifecycleListener [APR/OpenSSL configuration: useAprConnector [false], useOpenSSL [true]]
2021-01-28 14:57:51 INFO  org.apache.catalina.core.AprLifecycleListener [OpenSSL successfully initialized [OpenSSL 1.1.1c  28 May 2019]]
2021-01-28 14:57:52 INFO  org.apache.catalina.core.ContainerBase.[Tomcat].[localhost].[/] [Initializing Spring embedded WebApplicationContext]
2021-01-28 14:57:52 INFO  org.springframework.boot.web.servlet.context.ServletWebServerApplicationContext [Root WebApplicationContext: initialization completed in 1228 ms]
2021-01-28 14:57:52 INFO  org.springframework.scheduling.concurrent.ThreadPoolTaskExecutor [Initializing ExecutorService 'applicationTaskExecutor']
2021-01-28 14:57:52 INFO  org.springframework.boot.devtools.autoconfigure.OptionalLiveReloadServer [LiveReload server is running on port 35729]
2021-01-28 14:57:52 INFO  org.springframework.scheduling.concurrent.ThreadPoolTaskScheduler [Initializing ExecutorService 'taskScheduler']
2021-01-28 14:57:52 INFO  org.apache.coyote.http11.Http11NioProtocol [Starting ProtocolHandler ["https-openssl-nio-8088"]]
2021-01-28 14:57:53 INFO  org.apache.coyote.http11.Http11NioProtocol [Starting ProtocolHandler ["http-nio-8086"]]
2021-01-28 14:57:53 INFO  org.springframework.boot.web.embedded.tomcat.TomcatWebServer [Tomcat started on port(s): 8088 (https) 8086 (http) with context path '']
2021-01-28 14:57:53 INFO  springfox.documentation.spring.web.plugins.DocumentationPluginsBootstrapper [Context refreshed]
2021-01-28 14:57:53 INFO  springfox.documentation.spring.web.plugins.DocumentationPluginsBootstrapper [Found 1 custom documentation plugin(s)]
2021-01-28 14:57:53 INFO  springfox.documentation.spring.web.scanners.ApiListingReferenceScanner [Scanning for api listing references]
2021-01-28 14:57:53 INFO  springfox.documentation.spring.web.readers.operation.CachingOperationNameGenerator [Generating unique operation named: getByIdUsingGET_1]
2021-01-28 14:57:53 INFO  com.xietian.graduated.GraduatedApplication [Started GraduatedApplication in 2.973 seconds (JVM running for 4.611)]
2021-01-28 14:57:58 INFO  com.zaxxer.hikari.HikariDataSource [HikariPool-1 - Starting...]
2021-01-28 14:57:58 INFO  com.zaxxer.hikari.HikariDataSource [HikariPool-1 - Start completed.]
2021-01-28 14:57:58 INFO  org.apache.catalina.core.ContainerBase.[Tomcat].[localhost].[/] [Initializing Spring DispatcherServlet 'dispatcherServlet']
2021-01-28 14:57:58 INFO  org.springframework.web.servlet.DispatcherServlet [Initializing Servlet 'dispatcherServlet']
2021-01-28 14:57:58 INFO  org.springframework.web.servlet.DispatcherServlet [Completed initialization in 1 ms]
2021-01-28 16:10:21 INFO  org.hibernate.validator.internal.util.Version [HV000001: Hibernate Validator 5.4.1.Final]
2021-01-28 16:10:21 INFO  com.xietian.graduated.GraduatedApplication [Starting GraduatedApplication using Java 1.8.0_261 on DESKTOP-D50U990 with PID 10264 (D:\java\IntelliJ IDEA 2017.2.2\project\graduated\target\classes started by xt111 in D:\java\IntelliJ IDEA 2017.2.2\project\graduated)]
2021-01-28 16:10:21 INFO  com.xietian.graduated.GraduatedApplication [No active profile set, falling back to default profiles: default]
2021-01-28 16:10:21 INFO  org.springframework.boot.devtools.env.DevToolsPropertyDefaultsPostProcessor [Devtools property defaults active! Set 'spring.devtools.add-properties' to 'false' to disable]
2021-01-28 16:10:21 INFO  org.springframework.boot.devtools.env.DevToolsPropertyDefaultsPostProcessor [For additional web related logging consider setting the 'logging.level.web' property to 'DEBUG']
2021-01-28 16:10:22 INFO  org.springframework.data.repository.config.RepositoryConfigurationDelegate [Multiple Spring Data modules found, entering strict repository configuration mode!]
2021-01-28 16:10:22 INFO  org.springframework.data.repository.config.RepositoryConfigurationDelegate [Bootstrapping Spring Data Redis repositories in DEFAULT mode.]
2021-01-28 16:10:22 INFO  org.springframework.data.repository.config.RepositoryConfigurationDelegate [Finished Spring Data repository scanning in 12 ms. Found 0 Redis repository interfaces.]
2021-01-28 16:10:22 INFO  org.springframework.boot.web.embedded.tomcat.TomcatWebServer [Tomcat initialized with port(s): 8088 (https) 8086 (http)]
2021-01-28 16:10:22 INFO  org.apache.coyote.http11.Http11NioProtocol [Initializing ProtocolHandler ["https-openssl-nio-8088"]]
2021-01-28 16:10:22 INFO  org.apache.coyote.http11.Http11NioProtocol [Initializing ProtocolHandler ["http-nio-8086"]]
2021-01-28 16:10:22 INFO  org.apache.catalina.core.StandardService [Starting service [Tomcat]]
2021-01-28 16:10:22 INFO  org.apache.catalina.core.StandardEngine [Starting Servlet engine: [Apache Tomcat/9.0.39]]
2021-01-28 16:10:22 INFO  org.apache.catalina.core.AprLifecycleListener [Loaded Apache Tomcat Native library [1.2.23] using APR version [1.7.0].]
2021-01-28 16:10:22 INFO  org.apache.catalina.core.AprLifecycleListener [APR capabilities: IPv6 [true], sendfile [true], accept filters [false], random [true].]
2021-01-28 16:10:22 INFO  org.apache.catalina.core.AprLifecycleListener [APR/OpenSSL configuration: useAprConnector [false], useOpenSSL [true]]
2021-01-28 16:10:22 INFO  org.apache.catalina.core.AprLifecycleListener [OpenSSL successfully initialized [OpenSSL 1.1.1c  28 May 2019]]
2021-01-28 16:10:22 INFO  org.apache.catalina.core.ContainerBase.[Tomcat].[localhost].[/] [Initializing Spring embedded WebApplicationContext]
2021-01-28 16:10:22 INFO  org.springframework.boot.web.servlet.context.ServletWebServerApplicationContext [Root WebApplicationContext: initialization completed in 1223 ms]
2021-01-28 16:10:23 INFO  org.springframework.scheduling.concurrent.ThreadPoolTaskExecutor [Initializing ExecutorService 'applicationTaskExecutor']
2021-01-28 16:10:23 INFO  org.springframework.boot.devtools.autoconfigure.OptionalLiveReloadServer [LiveReload server is running on port 35729]
2021-01-28 16:10:23 INFO  org.springframework.scheduling.concurrent.ThreadPoolTaskScheduler [Initializing ExecutorService 'taskScheduler']
2021-01-28 16:10:23 INFO  org.apache.coyote.http11.Http11NioProtocol [Starting ProtocolHandler ["https-openssl-nio-8088"]]
2021-01-28 16:10:23 INFO  org.apache.coyote.http11.Http11NioProtocol [Starting ProtocolHandler ["http-nio-8086"]]
2021-01-28 16:10:23 INFO  org.springframework.boot.web.embedded.tomcat.TomcatWebServer [Tomcat started on port(s): 8088 (https) 8086 (http) with context path '']
2021-01-28 16:10:23 INFO  springfox.documentation.spring.web.plugins.DocumentationPluginsBootstrapper [Context refreshed]
2021-01-28 16:10:23 INFO  springfox.documentation.spring.web.plugins.DocumentationPluginsBootstrapper [Found 1 custom documentation plugin(s)]
2021-01-28 16:10:23 INFO  springfox.documentation.spring.web.scanners.ApiListingReferenceScanner [Scanning for api listing references]
2021-01-28 16:10:23 INFO  springfox.documentation.spring.web.readers.operation.CachingOperationNameGenerator [Generating unique operation named: getByIdUsingGET_1]
2021-01-28 16:10:23 INFO  com.xietian.graduated.GraduatedApplication [Started GraduatedApplication in 2.811 seconds (JVM running for 4.374)]
2021-01-28 16:10:28 INFO  com.zaxxer.hikari.HikariDataSource [HikariPool-1 - Starting...]
2021-01-28 16:10:28 INFO  com.zaxxer.hikari.HikariDataSource [HikariPool-1 - Start completed.]
2021-01-28 16:10:29 INFO  org.apache.catalina.core.ContainerBase.[Tomcat].[localhost].[/] [Initializing Spring DispatcherServlet 'dispatcherServlet']
2021-01-28 16:10:29 INFO  org.springframework.web.servlet.DispatcherServlet [Initializing Servlet 'dispatcherServlet']
2021-01-28 16:10:29 INFO  org.springframework.web.servlet.DispatcherServlet [Completed initialization in 1 ms]
2021-01-28 16:15:38 INFO  org.hibernate.validator.internal.util.Version [HV000001: Hibernate Validator 5.4.1.Final]
2021-01-28 16:15:38 INFO  com.xietian.graduated.GraduatedApplication [Starting GraduatedApplication using Java 1.8.0_261 on DESKTOP-D50U990 with PID 4800 (D:\java\IntelliJ IDEA 2017.2.2\project\graduated\target\classes started by xt111 in D:\java\IntelliJ IDEA 2017.2.2\project\graduated)]
2021-01-28 16:15:38 INFO  com.xietian.graduated.GraduatedApplication [No active profile set, falling back to default profiles: default]
2021-01-28 16:15:38 INFO  org.springframework.boot.devtools.env.DevToolsPropertyDefaultsPostProcessor [Devtools property defaults active! Set 'spring.devtools.add-properties' to 'false' to disable]
2021-01-28 16:15:38 INFO  org.springframework.boot.devtools.env.DevToolsPropertyDefaultsPostProcessor [For additional web related logging consider setting the 'logging.level.web' property to 'DEBUG']
2021-01-28 16:15:39 INFO  org.springframework.data.repository.config.RepositoryConfigurationDelegate [Multiple Spring Data modules found, entering strict repository configuration mode!]
2021-01-28 16:15:39 INFO  org.springframework.data.repository.config.RepositoryConfigurationDelegate [Bootstrapping Spring Data Redis repositories in DEFAULT mode.]
2021-01-28 16:15:39 INFO  org.springframework.data.repository.config.RepositoryConfigurationDelegate [Finished Spring Data repository scanning in 22 ms. Found 0 Redis repository interfaces.]
2021-01-28 16:15:39 INFO  org.springframework.boot.web.embedded.tomcat.TomcatWebServer [Tomcat initialized with port(s): 8088 (https) 8086 (http)]
2021-01-28 16:15:39 INFO  org.apache.coyote.http11.Http11NioProtocol [Initializing ProtocolHandler ["https-openssl-nio-8088"]]
2021-01-28 16:15:39 INFO  org.apache.coyote.http11.Http11NioProtocol [Initializing ProtocolHandler ["http-nio-8086"]]
2021-01-28 16:15:39 INFO  org.apache.catalina.core.StandardService [Starting service [Tomcat]]
2021-01-28 16:15:39 INFO  org.apache.catalina.core.StandardEngine [Starting Servlet engine: [Apache Tomcat/9.0.39]]
2021-01-28 16:15:39 INFO  org.apache.catalina.core.AprLifecycleListener [Loaded Apache Tomcat Native library [1.2.23] using APR version [1.7.0].]
2021-01-28 16:15:39 INFO  org.apache.catalina.core.AprLifecycleListener [APR capabilities: IPv6 [true], sendfile [true], accept filters [false], random [true].]
2021-01-28 16:15:39 INFO  org.apache.catalina.core.AprLifecycleListener [APR/OpenSSL configuration: useAprConnector [false], useOpenSSL [true]]
2021-01-28 16:15:39 INFO  org.apache.catalina.core.AprLifecycleListener [OpenSSL successfully initialized [OpenSSL 1.1.1c  28 May 2019]]
2021-01-28 16:15:39 INFO  org.apache.catalina.core.ContainerBase.[Tomcat].[localhost].[/] [Initializing Spring embedded WebApplicationContext]
2021-01-28 16:15:39 INFO  org.springframework.boot.web.servlet.context.ServletWebServerApplicationContext [Root WebApplicationContext: initialization completed in 1202 ms]
2021-01-28 16:15:40 INFO  org.springframework.scheduling.concurrent.ThreadPoolTaskExecutor [Initializing ExecutorService 'applicationTaskExecutor']
2021-01-28 16:15:40 INFO  org.springframework.boot.devtools.autoconfigure.OptionalLiveReloadServer [LiveReload server is running on port 35729]
2021-01-28 16:15:40 INFO  org.springframework.scheduling.concurrent.ThreadPoolTaskScheduler [Initializing ExecutorService 'taskScheduler']
2021-01-28 16:15:40 INFO  org.apache.coyote.http11.Http11NioProtocol [Starting ProtocolHandler ["https-openssl-nio-8088"]]
2021-01-28 16:15:40 INFO  org.apache.coyote.http11.Http11NioProtocol [Starting ProtocolHandler ["http-nio-8086"]]
2021-01-28 16:15:40 INFO  org.springframework.boot.web.embedded.tomcat.TomcatWebServer [Tomcat started on port(s): 8088 (https) 8086 (http) with context path '']
2021-01-28 16:15:40 INFO  springfox.documentation.spring.web.plugins.DocumentationPluginsBootstrapper [Context refreshed]
2021-01-28 16:15:40 INFO  springfox.documentation.spring.web.plugins.DocumentationPluginsBootstrapper [Found 1 custom documentation plugin(s)]
2021-01-28 16:15:40 INFO  springfox.documentation.spring.web.scanners.ApiListingReferenceScanner [Scanning for api listing references]
2021-01-28 16:15:41 INFO  springfox.documentation.spring.web.readers.operation.CachingOperationNameGenerator [Generating unique operation named: getByIdUsingGET_1]
2021-01-28 16:15:41 INFO  com.xietian.graduated.GraduatedApplication [Started GraduatedApplication in 2.816 seconds (JVM running for 4.365)]
2021-01-28 16:15:45 INFO  com.zaxxer.hikari.HikariDataSource [HikariPool-1 - Starting...]
2021-01-28 16:15:45 INFO  com.zaxxer.hikari.HikariDataSource [HikariPool-1 - Start completed.]
2021-01-28 16:16:00 INFO  org.apache.catalina.core.ContainerBase.[Tomcat].[localhost].[/] [Initializing Spring DispatcherServlet 'dispatcherServlet']
2021-01-28 16:16:00 INFO  org.springframework.web.servlet.DispatcherServlet [Initializing Servlet 'dispatcherServlet']
2021-01-28 16:16:00 INFO  org.springframework.web.servlet.DispatcherServlet [Completed initialization in 1 ms]
2021-01-28 16:16:12 WARN  org.springframework.web.servlet.mvc.support.DefaultHandlerExceptionResolver [Resolved [org.springframework.web.bind.MethodArgumentNotValidException: Validation failed for argument [0] in public com.xietian.graduated.common.util.Result<java.lang.String> com.xietian.graduated.controller.OrderItemController.addItem(com.xietian.graduated.dto.ItemDto): [Field error in object 'itemDto' on field 'realName': rejected value [null]; codes [NotNull.itemDto.realName,NotNull.realName,NotNull.java.lang.String,NotNull]; arguments [org.springframework.context.support.DefaultMessageSourceResolvable: codes [itemDto.realName,realName]; arguments []; default message [realName]]; default message [姓名不能为空]] ]]
2021-01-28 16:16:12 WARN  org.springframework.web.servlet.mvc.support.DefaultHandlerExceptionResolver [Resolved [org.springframework.web.bind.MethodArgumentNotValidException: Validation failed for argument [0] in public com.xietian.graduated.common.util.Result<java.lang.String> com.xietian.graduated.controller.OrderItemController.addItem(com.xietian.graduated.dto.ItemDto): [Field error in object 'itemDto' on field 'realName': rejected value [null]; codes [NotNull.itemDto.realName,NotNull.realName,NotNull.java.lang.String,NotNull]; arguments [org.springframework.context.support.DefaultMessageSourceResolvable: codes [itemDto.realName,realName]; arguments []; default message [realName]]; default message [姓名不能为空]] ]]
2021-01-28 16:16:12 WARN  org.springframework.web.servlet.mvc.support.DefaultHandlerExceptionResolver [Resolved [org.springframework.web.bind.MethodArgumentNotValidException: Validation failed for argument [0] in public com.xietian.graduated.common.util.Result<java.lang.String> com.xietian.graduated.controller.OrderItemController.addItem(com.xietian.graduated.dto.ItemDto): [Field error in object 'itemDto' on field 'realName': rejected value [null]; codes [NotNull.itemDto.realName,NotNull.realName,NotNull.java.lang.String,NotNull]; arguments [org.springframework.context.support.DefaultMessageSourceResolvable: codes [itemDto.realName,realName]; arguments []; default message [realName]]; default message [姓名不能为空]] ]]
2021-01-28 16:16:12 ERROR org.apache.catalina.core.ContainerBase.[Tomcat].[localhost].[/].[dispatcherServlet] [Servlet.service() for servlet [dispatcherServlet] in context with path [] threw exception [Request processing failed; nested exception is java.lang.IndexOutOfBoundsException: Index: 0, Size: 0] with root cause]
java.lang.IndexOutOfBoundsException: Index: 0, Size: 0
	at java.util.ArrayList.rangeCheck(ArrayList.java:659)
	at java.util.ArrayList.get(ArrayList.java:435)
	at com.xietian.graduated.service.impl.OrderServiceImpl.convertOrderListDto(OrderServiceImpl.java:124)
	at com.xietian.graduated.service.impl.OrderServiceImpl.getByUidU(OrderServiceImpl.java:115)
	at com.xietian.graduated.controller.OrderController.getUOrder(OrderController.java:56)
	at sun.reflect.NativeMethodAccessorImpl.invoke0(Native Method)
	at sun.reflect.NativeMethodAccessorImpl.invoke(NativeMethodAccessorImpl.java:62)
	at sun.reflect.DelegatingMethodAccessorImpl.invoke(DelegatingMethodAccessorImpl.java:43)
	at java.lang.reflect.Method.invoke(Method.java:498)
	at org.springframework.web.method.support.InvocableHandlerMethod.doInvoke(InvocableHandlerMethod.java:197)
	at org.springframework.web.method.support.InvocableHandlerMethod.invokeForRequest(InvocableHandlerMethod.java:141)
	at org.springframework.web.servlet.mvc.method.annotation.ServletInvocableHandlerMethod.invokeAndHandle(ServletInvocableHandlerMethod.java:106)
	at org.springframework.web.servlet.mvc.method.annotation.RequestMappingHandlerAdapter.invokeHandlerMethod(RequestMappingHandlerAdapter.java:893)
	at org.springframework.web.servlet.mvc.method.annotation.RequestMappingHandlerAdapter.handleInternal(RequestMappingHandlerAdapter.java:807)
	at org.springframework.web.servlet.mvc.method.AbstractHandlerMethodAdapter.handle(AbstractHandlerMethodAdapter.java:87)
	at org.springframework.web.servlet.DispatcherServlet.doDispatch(DispatcherServlet.java:1061)
	at org.springframework.web.servlet.DispatcherServlet.doService(DispatcherServlet.java:961)
	at org.springframework.web.servlet.FrameworkServlet.processRequest(FrameworkServlet.java:1006)
	at org.springframework.web.servlet.FrameworkServlet.doGet(FrameworkServlet.java:898)
	at javax.servlet.http.HttpServlet.service(HttpServlet.java:626)
	at org.springframework.web.servlet.FrameworkServlet.service(FrameworkServlet.java:883)
	at javax.servlet.http.HttpServlet.service(HttpServlet.java:733)
	at org.apache.catalina.core.ApplicationFilterChain.internalDoFilter(ApplicationFilterChain.java:231)
	at org.apache.catalina.core.ApplicationFilterChain.doFilter(ApplicationFilterChain.java:166)
	at org.apache.tomcat.websocket.server.WsFilter.doFilter(WsFilter.java:53)
	at org.apache.catalina.core.ApplicationFilterChain.internalDoFilter(ApplicationFilterChain.java:193)
	at org.apache.catalina.core.ApplicationFilterChain.doFilter(ApplicationFilterChain.java:166)
	at com.xietian.graduated.common.config.CorsFilter.doFilter(CorsFilter.java:24)
	at org.apache.catalina.core.ApplicationFilterChain.internalDoFilter(ApplicationFilterChain.java:193)
	at org.apache.catalina.core.ApplicationFilterChain.doFilter(ApplicationFilterChain.java:166)
	at org.springframework.web.filter.RequestContextFilter.doFilterInternal(RequestContextFilter.java:100)
	at org.springframework.web.filter.OncePerRequestFilter.doFilter(OncePerRequestFilter.java:119)
	at org.apache.catalina.core.ApplicationFilterChain.internalDoFilter(ApplicationFilterChain.java:193)
	at org.apache.catalina.core.ApplicationFilterChain.doFilter(ApplicationFilterChain.java:166)
	at org.springframework.web.filter.FormContentFilter.doFilterInternal(FormContentFilter.java:93)
	at org.springframework.web.filter.OncePerRequestFilter.doFilter(OncePerRequestFilter.java:119)
	at org.apache.catalina.core.ApplicationFilterChain.internalDoFilter(ApplicationFilterChain.java:193)
	at org.apache.catalina.core.ApplicationFilterChain.doFilter(ApplicationFilterChain.java:166)
	at org.springframework.web.filter.CharacterEncodingFilter.doFilterInternal(CharacterEncodingFilter.java:201)
	at org.springframework.web.filter.OncePerRequestFilter.doFilter(OncePerRequestFilter.java:119)
	at org.apache.catalina.core.ApplicationFilterChain.internalDoFilter(ApplicationFilterChain.java:193)
	at org.apache.catalina.core.ApplicationFilterChain.doFilter(ApplicationFilterChain.java:166)
	at org.apache.catalina.core.StandardWrapperValve.invoke(StandardWrapperValve.java:202)
	at org.apache.catalina.core.StandardContextValve.invoke(StandardContextValve.java:97)
	at org.apache.catalina.authenticator.AuthenticatorBase.invoke(AuthenticatorBase.java:667)
	at org.apache.catalina.core.StandardHostValve.invoke(StandardHostValve.java:143)
	at org.apache.catalina.valves.ErrorReportValve.invoke(ErrorReportValve.java:92)
	at org.apache.catalina.core.StandardEngineValve.invoke(StandardEngineValve.java:78)
	at org.apache.catalina.connector.CoyoteAdapter.service(CoyoteAdapter.java:343)
	at org.apache.coyote.http11.Http11Processor.service(Http11Processor.java:374)
	at org.apache.coyote.AbstractProcessorLight.process(AbstractProcessorLight.java:65)
	at org.apache.coyote.AbstractProtocol$ConnectionHandler.process(AbstractProtocol.java:868)
	at org.apache.tomcat.util.net.NioEndpoint$SocketProcessor.doRun(NioEndpoint.java:1590)
	at org.apache.tomcat.util.net.SocketProcessorBase.run(SocketProcessorBase.java:49)
	at java.util.concurrent.ThreadPoolExecutor.runWorker(ThreadPoolExecutor.java:1149)
	at java.util.concurrent.ThreadPoolExecutor$Worker.run(ThreadPoolExecutor.java:624)
	at org.apache.tomcat.util.threads.TaskThread$WrappingRunnable.run(TaskThread.java:61)
	at java.lang.Thread.run(Thread.java:748)
2021-01-28 16:18:55 ERROR org.apache.catalina.core.ContainerBase.[Tomcat].[localhost].[/].[dispatcherServlet] [Servlet.service() for servlet [dispatcherServlet] in context with path [] threw exception [Request processing failed; nested exception is java.lang.IndexOutOfBoundsException: Index: 0, Size: 0] with root cause]
java.lang.IndexOutOfBoundsException: Index: 0, Size: 0
	at java.util.ArrayList.rangeCheck(ArrayList.java:659)
	at java.util.ArrayList.get(ArrayList.java:435)
	at com.xietian.graduated.service.impl.OrderServiceImpl.convertOrderListDto(OrderServiceImpl.java:124)
	at com.xietian.graduated.service.impl.OrderServiceImpl.getByUidU(OrderServiceImpl.java:115)
	at com.xietian.graduated.controller.OrderController.getUOrder(OrderController.java:56)
	at sun.reflect.NativeMethodAccessorImpl.invoke0(Native Method)
	at sun.reflect.NativeMethodAccessorImpl.invoke(NativeMethodAccessorImpl.java:62)
	at sun.reflect.DelegatingMethodAccessorImpl.invoke(DelegatingMethodAccessorImpl.java:43)
	at java.lang.reflect.Method.invoke(Method.java:498)
	at org.springframework.web.method.support.InvocableHandlerMethod.doInvoke(InvocableHandlerMethod.java:197)
	at org.springframework.web.method.support.InvocableHandlerMethod.invokeForRequest(InvocableHandlerMethod.java:141)
	at org.springframework.web.servlet.mvc.method.annotation.ServletInvocableHandlerMethod.invokeAndHandle(ServletInvocableHandlerMethod.java:106)
	at org.springframework.web.servlet.mvc.method.annotation.RequestMappingHandlerAdapter.invokeHandlerMethod(RequestMappingHandlerAdapter.java:893)
	at org.springframework.web.servlet.mvc.method.annotation.RequestMappingHandlerAdapter.handleInternal(RequestMappingHandlerAdapter.java:807)
	at org.springframework.web.servlet.mvc.method.AbstractHandlerMethodAdapter.handle(AbstractHandlerMethodAdapter.java:87)
	at org.springframework.web.servlet.DispatcherServlet.doDispatch(DispatcherServlet.java:1061)
	at org.springframework.web.servlet.DispatcherServlet.doService(DispatcherServlet.java:961)
	at org.springframework.web.servlet.FrameworkServlet.processRequest(FrameworkServlet.java:1006)
	at org.springframework.web.servlet.FrameworkServlet.doGet(FrameworkServlet.java:898)
	at javax.servlet.http.HttpServlet.service(HttpServlet.java:626)
	at org.springframework.web.servlet.FrameworkServlet.service(FrameworkServlet.java:883)
	at javax.servlet.http.HttpServlet.service(HttpServlet.java:733)
	at org.apache.catalina.core.ApplicationFilterChain.internalDoFilter(ApplicationFilterChain.java:231)
	at org.apache.catalina.core.ApplicationFilterChain.doFilter(ApplicationFilterChain.java:166)
	at org.apache.tomcat.websocket.server.WsFilter.doFilter(WsFilter.java:53)
	at org.apache.catalina.core.ApplicationFilterChain.internalDoFilter(ApplicationFilterChain.java:193)
	at org.apache.catalina.core.ApplicationFilterChain.doFilter(ApplicationFilterChain.java:166)
	at com.xietian.graduated.common.config.CorsFilter.doFilter(CorsFilter.java:24)
	at org.apache.catalina.core.ApplicationFilterChain.internalDoFilter(ApplicationFilterChain.java:193)
	at org.apache.catalina.core.ApplicationFilterChain.doFilter(ApplicationFilterChain.java:166)
	at org.springframework.web.filter.RequestContextFilter.doFilterInternal(RequestContextFilter.java:100)
	at org.springframework.web.filter.OncePerRequestFilter.doFilter(OncePerRequestFilter.java:119)
	at org.apache.catalina.core.ApplicationFilterChain.internalDoFilter(ApplicationFilterChain.java:193)
	at org.apache.catalina.core.ApplicationFilterChain.doFilter(ApplicationFilterChain.java:166)
	at org.springframework.web.filter.FormContentFilter.doFilterInternal(FormContentFilter.java:93)
	at org.springframework.web.filter.OncePerRequestFilter.doFilter(OncePerRequestFilter.java:119)
	at org.apache.catalina.core.ApplicationFilterChain.internalDoFilter(ApplicationFilterChain.java:193)
	at org.apache.catalina.core.ApplicationFilterChain.doFilter(ApplicationFilterChain.java:166)
	at org.springframework.web.filter.CharacterEncodingFilter.doFilterInternal(CharacterEncodingFilter.java:201)
	at org.springframework.web.filter.OncePerRequestFilter.doFilter(OncePerRequestFilter.java:119)
	at org.apache.catalina.core.ApplicationFilterChain.internalDoFilter(ApplicationFilterChain.java:193)
	at org.apache.catalina.core.ApplicationFilterChain.doFilter(ApplicationFilterChain.java:166)
	at org.apache.catalina.core.StandardWrapperValve.invoke(StandardWrapperValve.java:202)
	at org.apache.catalina.core.StandardContextValve.invoke(StandardContextValve.java:97)
	at org.apache.catalina.authenticator.AuthenticatorBase.invoke(AuthenticatorBase.java:667)
	at org.apache.catalina.core.StandardHostValve.invoke(StandardHostValve.java:143)
	at org.apache.catalina.valves.ErrorReportValve.invoke(ErrorReportValve.java:92)
	at org.apache.catalina.core.StandardEngineValve.invoke(StandardEngineValve.java:78)
	at org.apache.catalina.connector.CoyoteAdapter.service(CoyoteAdapter.java:343)
	at org.apache.coyote.http11.Http11Processor.service(Http11Processor.java:374)
	at org.apache.coyote.AbstractProcessorLight.process(AbstractProcessorLight.java:65)
	at org.apache.coyote.AbstractProtocol$ConnectionHandler.process(AbstractProtocol.java:868)
	at org.apache.tomcat.util.net.NioEndpoint$SocketProcessor.doRun(NioEndpoint.java:1590)
	at org.apache.tomcat.util.net.SocketProcessorBase.run(SocketProcessorBase.java:49)
	at java.util.concurrent.ThreadPoolExecutor.runWorker(ThreadPoolExecutor.java:1149)
	at java.util.concurrent.ThreadPoolExecutor$Worker.run(ThreadPoolExecutor.java:624)
	at org.apache.tomcat.util.threads.TaskThread$WrappingRunnable.run(TaskThread.java:61)
	at java.lang.Thread.run(Thread.java:748)
2021-01-28 16:23:22 ERROR org.apache.catalina.core.ContainerBase.[Tomcat].[localhost].[/].[dispatcherServlet] [Servlet.service() for servlet [dispatcherServlet] in context with path [] threw exception [Request processing failed; nested exception is java.lang.IndexOutOfBoundsException: Index: 0, Size: 0] with root cause]
java.lang.IndexOutOfBoundsException: Index: 0, Size: 0
	at java.util.ArrayList.rangeCheck(ArrayList.java:659)
	at java.util.ArrayList.get(ArrayList.java:435)
	at com.xietian.graduated.service.impl.OrderServiceImpl.convertOrderListDto(OrderServiceImpl.java:124)
	at com.xietian.graduated.service.impl.OrderServiceImpl.getByUidU(OrderServiceImpl.java:115)
	at com.xietian.graduated.controller.OrderController.getUOrder(OrderController.java:56)
	at sun.reflect.NativeMethodAccessorImpl.invoke0(Native Method)
	at sun.reflect.NativeMethodAccessorImpl.invoke(NativeMethodAccessorImpl.java:62)
	at sun.reflect.DelegatingMethodAccessorImpl.invoke(DelegatingMethodAccessorImpl.java:43)
	at java.lang.reflect.Method.invoke(Method.java:498)
	at org.springframework.web.method.support.InvocableHandlerMethod.doInvoke(InvocableHandlerMethod.java:197)
	at org.springframework.web.method.support.InvocableHandlerMethod.invokeForRequest(InvocableHandlerMethod.java:141)
	at org.springframework.web.servlet.mvc.method.annotation.ServletInvocableHandlerMethod.invokeAndHandle(ServletInvocableHandlerMethod.java:106)
	at org.springframework.web.servlet.mvc.method.annotation.RequestMappingHandlerAdapter.invokeHandlerMethod(RequestMappingHandlerAdapter.java:893)
	at org.springframework.web.servlet.mvc.method.annotation.RequestMappingHandlerAdapter.handleInternal(RequestMappingHandlerAdapter.java:807)
	at org.springframework.web.servlet.mvc.method.AbstractHandlerMethodAdapter.handle(AbstractHandlerMethodAdapter.java:87)
	at org.springframework.web.servlet.DispatcherServlet.doDispatch(DispatcherServlet.java:1061)
	at org.springframework.web.servlet.DispatcherServlet.doService(DispatcherServlet.java:961)
	at org.springframework.web.servlet.FrameworkServlet.processRequest(FrameworkServlet.java:1006)
	at org.springframework.web.servlet.FrameworkServlet.doGet(FrameworkServlet.java:898)
	at javax.servlet.http.HttpServlet.service(HttpServlet.java:626)
	at org.springframework.web.servlet.FrameworkServlet.service(FrameworkServlet.java:883)
	at javax.servlet.http.HttpServlet.service(HttpServlet.java:733)
	at org.apache.catalina.core.ApplicationFilterChain.internalDoFilter(ApplicationFilterChain.java:231)
	at org.apache.catalina.core.ApplicationFilterChain.doFilter(ApplicationFilterChain.java:166)
	at org.apache.tomcat.websocket.server.WsFilter.doFilter(WsFilter.java:53)
	at org.apache.catalina.core.ApplicationFilterChain.internalDoFilter(ApplicationFilterChain.java:193)
	at org.apache.catalina.core.ApplicationFilterChain.doFilter(ApplicationFilterChain.java:166)
	at com.xietian.graduated.common.config.CorsFilter.doFilter(CorsFilter.java:24)
	at org.apache.catalina.core.ApplicationFilterChain.internalDoFilter(ApplicationFilterChain.java:193)
	at org.apache.catalina.core.ApplicationFilterChain.doFilter(ApplicationFilterChain.java:166)
	at org.springframework.web.filter.RequestContextFilter.doFilterInternal(RequestContextFilter.java:100)
	at org.springframework.web.filter.OncePerRequestFilter.doFilter(OncePerRequestFilter.java:119)
	at org.apache.catalina.core.ApplicationFilterChain.internalDoFilter(ApplicationFilterChain.java:193)
	at org.apache.catalina.core.ApplicationFilterChain.doFilter(ApplicationFilterChain.java:166)
	at org.springframework.web.filter.FormContentFilter.doFilterInternal(FormContentFilter.java:93)
	at org.springframework.web.filter.OncePerRequestFilter.doFilter(OncePerRequestFilter.java:119)
	at org.apache.catalina.core.ApplicationFilterChain.internalDoFilter(ApplicationFilterChain.java:193)
	at org.apache.catalina.core.ApplicationFilterChain.doFilter(ApplicationFilterChain.java:166)
	at org.springframework.web.filter.CharacterEncodingFilter.doFilterInternal(CharacterEncodingFilter.java:201)
	at org.springframework.web.filter.OncePerRequestFilter.doFilter(OncePerRequestFilter.java:119)
	at org.apache.catalina.core.ApplicationFilterChain.internalDoFilter(ApplicationFilterChain.java:193)
	at org.apache.catalina.core.ApplicationFilterChain.doFilter(ApplicationFilterChain.java:166)
	at org.apache.catalina.core.StandardWrapperValve.invoke(StandardWrapperValve.java:202)
	at org.apache.catalina.core.StandardContextValve.invoke(StandardContextValve.java:97)
	at org.apache.catalina.authenticator.AuthenticatorBase.invoke(AuthenticatorBase.java:667)
	at org.apache.catalina.core.StandardHostValve.invoke(StandardHostValve.java:143)
	at org.apache.catalina.valves.ErrorReportValve.invoke(ErrorReportValve.java:92)
	at org.apache.catalina.core.StandardEngineValve.invoke(StandardEngineValve.java:78)
	at org.apache.catalina.connector.CoyoteAdapter.service(CoyoteAdapter.java:343)
	at org.apache.coyote.http11.Http11Processor.service(Http11Processor.java:374)
	at org.apache.coyote.AbstractProcessorLight.process(AbstractProcessorLight.java:65)
	at org.apache.coyote.AbstractProtocol$ConnectionHandler.process(AbstractProtocol.java:868)
	at org.apache.tomcat.util.net.NioEndpoint$SocketProcessor.doRun(NioEndpoint.java:1590)
	at org.apache.tomcat.util.net.SocketProcessorBase.run(SocketProcessorBase.java:49)
	at java.util.concurrent.ThreadPoolExecutor.runWorker(ThreadPoolExecutor.java:1149)
	at java.util.concurrent.ThreadPoolExecutor$Worker.run(ThreadPoolExecutor.java:624)
	at org.apache.tomcat.util.threads.TaskThread$WrappingRunnable.run(TaskThread.java:61)
	at java.lang.Thread.run(Thread.java:748)
2021-01-28 16:24:45 INFO  org.hibernate.validator.internal.util.Version [HV000001: Hibernate Validator 5.4.1.Final]
2021-01-28 16:24:45 INFO  com.xietian.graduated.GraduatedApplication [Starting GraduatedApplication using Java 1.8.0_261 on DESKTOP-D50U990 with PID 13240 (D:\java\IntelliJ IDEA 2017.2.2\project\graduated\target\classes started by xt111 in D:\java\IntelliJ IDEA 2017.2.2\project\graduated)]
2021-01-28 16:24:45 INFO  com.xietian.graduated.GraduatedApplication [No active profile set, falling back to default profiles: default]
2021-01-28 16:24:45 INFO  org.springframework.boot.devtools.env.DevToolsPropertyDefaultsPostProcessor [Devtools property defaults active! Set 'spring.devtools.add-properties' to 'false' to disable]
2021-01-28 16:24:45 INFO  org.springframework.boot.devtools.env.DevToolsPropertyDefaultsPostProcessor [For additional web related logging consider setting the 'logging.level.web' property to 'DEBUG']
2021-01-28 16:24:46 INFO  org.springframework.data.repository.config.RepositoryConfigurationDelegate [Multiple Spring Data modules found, entering strict repository configuration mode!]
2021-01-28 16:24:46 INFO  org.springframework.data.repository.config.RepositoryConfigurationDelegate [Bootstrapping Spring Data Redis repositories in DEFAULT mode.]
2021-01-28 16:24:46 INFO  org.springframework.data.repository.config.RepositoryConfigurationDelegate [Finished Spring Data repository scanning in 12 ms. Found 0 Redis repository interfaces.]
2021-01-28 16:24:47 INFO  org.springframework.boot.web.embedded.tomcat.TomcatWebServer [Tomcat initialized with port(s): 8088 (https) 8086 (http)]
2021-01-28 16:24:47 INFO  org.apache.coyote.http11.Http11NioProtocol [Initializing ProtocolHandler ["https-openssl-nio-8088"]]
2021-01-28 16:24:47 INFO  org.apache.coyote.http11.Http11NioProtocol [Initializing ProtocolHandler ["http-nio-8086"]]
2021-01-28 16:24:47 INFO  org.apache.catalina.core.StandardService [Starting service [Tomcat]]
2021-01-28 16:24:47 INFO  org.apache.catalina.core.StandardEngine [Starting Servlet engine: [Apache Tomcat/9.0.39]]
2021-01-28 16:24:47 INFO  org.apache.catalina.core.AprLifecycleListener [Loaded Apache Tomcat Native library [1.2.23] using APR version [1.7.0].]
2021-01-28 16:24:47 INFO  org.apache.catalina.core.AprLifecycleListener [APR capabilities: IPv6 [true], sendfile [true], accept filters [false], random [true].]
2021-01-28 16:24:47 INFO  org.apache.catalina.core.AprLifecycleListener [APR/OpenSSL configuration: useAprConnector [false], useOpenSSL [true]]
2021-01-28 16:24:47 INFO  org.apache.catalina.core.AprLifecycleListener [OpenSSL successfully initialized [OpenSSL 1.1.1c  28 May 2019]]
2021-01-28 16:24:47 INFO  org.apache.catalina.core.ContainerBase.[Tomcat].[localhost].[/] [Initializing Spring embedded WebApplicationContext]
2021-01-28 16:24:47 INFO  org.springframework.boot.web.servlet.context.ServletWebServerApplicationContext [Root WebApplicationContext: initialization completed in 1243 ms]
2021-01-28 16:24:47 INFO  org.springframework.scheduling.concurrent.ThreadPoolTaskExecutor [Initializing ExecutorService 'applicationTaskExecutor']
2021-01-28 16:24:47 INFO  org.springframework.boot.devtools.autoconfigure.OptionalLiveReloadServer [LiveReload server is running on port 35729]
2021-01-28 16:24:48 INFO  org.springframework.scheduling.concurrent.ThreadPoolTaskScheduler [Initializing ExecutorService 'taskScheduler']
2021-01-28 16:24:48 INFO  org.apache.coyote.http11.Http11NioProtocol [Starting ProtocolHandler ["https-openssl-nio-8088"]]
2021-01-28 16:24:48 INFO  org.apache.coyote.http11.Http11NioProtocol [Starting ProtocolHandler ["http-nio-8086"]]
2021-01-28 16:24:48 INFO  org.springframework.boot.web.embedded.tomcat.TomcatWebServer [Tomcat started on port(s): 8088 (https) 8086 (http) with context path '']
2021-01-28 16:24:48 INFO  springfox.documentation.spring.web.plugins.DocumentationPluginsBootstrapper [Context refreshed]
2021-01-28 16:24:48 INFO  springfox.documentation.spring.web.plugins.DocumentationPluginsBootstrapper [Found 1 custom documentation plugin(s)]
2021-01-28 16:24:48 INFO  springfox.documentation.spring.web.scanners.ApiListingReferenceScanner [Scanning for api listing references]
2021-01-28 16:24:48 INFO  springfox.documentation.spring.web.readers.operation.CachingOperationNameGenerator [Generating unique operation named: getByIdUsingGET_1]
2021-01-28 16:24:48 INFO  com.xietian.graduated.GraduatedApplication [Started GraduatedApplication in 2.91 seconds (JVM running for 4.592)]
2021-01-28 16:24:53 INFO  com.zaxxer.hikari.HikariDataSource [HikariPool-1 - Starting...]
2021-01-28 16:24:53 INFO  com.zaxxer.hikari.HikariDataSource [HikariPool-1 - Start completed.]
2021-01-28 16:25:01 INFO  org.apache.catalina.core.ContainerBase.[Tomcat].[localhost].[/] [Initializing Spring DispatcherServlet 'dispatcherServlet']
2021-01-28 16:25:01 INFO  org.springframework.web.servlet.DispatcherServlet [Initializing Servlet 'dispatcherServlet']
2021-01-28 16:25:01 INFO  org.springframework.web.servlet.DispatcherServlet [Completed initialization in 1 ms]
2021-01-28 16:40:49 INFO  org.hibernate.validator.internal.util.Version [HV000001: Hibernate Validator 5.4.1.Final]
2021-01-28 16:40:49 INFO  com.xietian.graduated.GraduatedApplication [Starting GraduatedApplication using Java 1.8.0_261 on DESKTOP-D50U990 with PID 5308 (D:\java\IntelliJ IDEA 2017.2.2\project\graduated\target\classes started by xt111 in D:\java\IntelliJ IDEA 2017.2.2\project\graduated)]
2021-01-28 16:40:49 INFO  com.xietian.graduated.GraduatedApplication [No active profile set, falling back to default profiles: default]
2021-01-28 16:40:49 INFO  org.springframework.boot.devtools.env.DevToolsPropertyDefaultsPostProcessor [Devtools property defaults active! Set 'spring.devtools.add-properties' to 'false' to disable]
2021-01-28 16:40:49 INFO  org.springframework.boot.devtools.env.DevToolsPropertyDefaultsPostProcessor [For additional web related logging consider setting the 'logging.level.web' property to 'DEBUG']
2021-01-28 16:40:50 INFO  org.springframework.data.repository.config.RepositoryConfigurationDelegate [Multiple Spring Data modules found, entering strict repository configuration mode!]
2021-01-28 16:40:50 INFO  org.springframework.data.repository.config.RepositoryConfigurationDelegate [Bootstrapping Spring Data Redis repositories in DEFAULT mode.]
2021-01-28 16:40:50 INFO  org.springframework.data.repository.config.RepositoryConfigurationDelegate [Finished Spring Data repository scanning in 12 ms. Found 0 Redis repository interfaces.]
2021-01-28 16:40:50 INFO  org.springframework.boot.web.embedded.tomcat.TomcatWebServer [Tomcat initialized with port(s): 8088 (https) 8086 (http)]
2021-01-28 16:40:50 INFO  org.apache.coyote.http11.Http11NioProtocol [Initializing ProtocolHandler ["https-openssl-nio-8088"]]
2021-01-28 16:40:50 INFO  org.apache.coyote.http11.Http11NioProtocol [Initializing ProtocolHandler ["http-nio-8086"]]
2021-01-28 16:40:50 INFO  org.apache.catalina.core.StandardService [Starting service [Tomcat]]
2021-01-28 16:40:50 INFO  org.apache.catalina.core.StandardEngine [Starting Servlet engine: [Apache Tomcat/9.0.39]]
2021-01-28 16:40:50 INFO  org.apache.catalina.core.AprLifecycleListener [Loaded Apache Tomcat Native library [1.2.23] using APR version [1.7.0].]
2021-01-28 16:40:50 INFO  org.apache.catalina.core.AprLifecycleListener [APR capabilities: IPv6 [true], sendfile [true], accept filters [false], random [true].]
2021-01-28 16:40:50 INFO  org.apache.catalina.core.AprLifecycleListener [APR/OpenSSL configuration: useAprConnector [false], useOpenSSL [true]]
2021-01-28 16:40:50 INFO  org.apache.catalina.core.AprLifecycleListener [OpenSSL successfully initialized [OpenSSL 1.1.1c  28 May 2019]]
2021-01-28 16:40:50 INFO  org.apache.catalina.core.ContainerBase.[Tomcat].[localhost].[/] [Initializing Spring embedded WebApplicationContext]
2021-01-28 16:40:50 INFO  org.springframework.boot.web.servlet.context.ServletWebServerApplicationContext [Root WebApplicationContext: initialization completed in 1194 ms]
2021-01-28 16:40:51 INFO  org.springframework.scheduling.concurrent.ThreadPoolTaskExecutor [Initializing ExecutorService 'applicationTaskExecutor']
2021-01-28 16:40:51 INFO  org.springframework.boot.devtools.autoconfigure.OptionalLiveReloadServer [LiveReload server is running on port 35729]
2021-01-28 16:40:51 INFO  org.springframework.scheduling.concurrent.ThreadPoolTaskScheduler [Initializing ExecutorService 'taskScheduler']
2021-01-28 16:40:51 INFO  org.apache.coyote.http11.Http11NioProtocol [Starting ProtocolHandler ["https-openssl-nio-8088"]]
2021-01-28 16:40:51 INFO  org.apache.coyote.http11.Http11NioProtocol [Starting ProtocolHandler ["http-nio-8086"]]
2021-01-28 16:40:51 INFO  org.springframework.boot.web.embedded.tomcat.TomcatWebServer [Tomcat started on port(s): 8088 (https) 8086 (http) with context path '']
2021-01-28 16:40:51 INFO  springfox.documentation.spring.web.plugins.DocumentationPluginsBootstrapper [Context refreshed]
2021-01-28 16:40:51 INFO  springfox.documentation.spring.web.plugins.DocumentationPluginsBootstrapper [Found 1 custom documentation plugin(s)]
2021-01-28 16:40:51 INFO  springfox.documentation.spring.web.scanners.ApiListingReferenceScanner [Scanning for api listing references]
2021-01-28 16:40:51 INFO  springfox.documentation.spring.web.readers.operation.CachingOperationNameGenerator [Generating unique operation named: getByIdUsingGET_1]
2021-01-28 16:40:51 INFO  com.xietian.graduated.GraduatedApplication [Started GraduatedApplication in 2.791 seconds (JVM running for 4.347)]
2021-01-28 16:40:56 INFO  com.zaxxer.hikari.HikariDataSource [HikariPool-1 - Starting...]
2021-01-28 16:40:56 INFO  org.apache.catalina.core.ContainerBase.[Tomcat].[localhost].[/] [Initializing Spring DispatcherServlet 'dispatcherServlet']
2021-01-28 16:40:56 INFO  org.springframework.web.servlet.DispatcherServlet [Initializing Servlet 'dispatcherServlet']
2021-01-28 16:40:56 INFO  org.springframework.web.servlet.DispatcherServlet [Completed initialization in 2 ms]
2021-01-28 16:40:56 INFO  com.zaxxer.hikari.HikariDataSource [HikariPool-1 - Start completed.]
