2021-02-25 15:56:17 INFO  org.hibernate.validator.internal.util.Version [HV000001: Hibernate Validator 5.4.1.Final]
2021-02-25 15:56:17 INFO  com.xietian.graduated.GraduatedApplication [Starting GraduatedApplication using Java 1.8.0_261 on DESKTOP-D50U990 with PID 11392 (D:\java\IntelliJ IDEA 2017.2.2\project\graduated\target\classes started by xt111 in D:\java\IntelliJ IDEA 2017.2.2\project\graduated)]
2021-02-25 15:56:17 INFO  com.xietian.graduated.GraduatedApplication [No active profile set, falling back to default profiles: default]
2021-02-25 15:56:17 INFO  org.springframework.boot.devtools.env.DevToolsPropertyDefaultsPostProcessor [Devtools property defaults active! Set 'spring.devtools.add-properties' to 'false' to disable]
2021-02-25 15:56:17 INFO  org.springframework.boot.devtools.env.DevToolsPropertyDefaultsPostProcessor [For additional web related logging consider setting the 'logging.level.web' property to 'DEBUG']
2021-02-25 15:56:18 INFO  org.springframework.data.repository.config.RepositoryConfigurationDelegate [Multiple Spring Data modules found, entering strict repository configuration mode!]
2021-02-25 15:56:18 INFO  org.springframework.data.repository.config.RepositoryConfigurationDelegate [Bootstrapping Spring Data Redis repositories in DEFAULT mode.]
2021-02-25 15:56:18 INFO  org.springframework.data.repository.config.RepositoryConfigurationDelegate [Finished Spring Data repository scanning in 24 ms. Found 0 Redis repository interfaces.]
2021-02-25 15:56:19 INFO  org.springframework.boot.web.embedded.tomcat.TomcatWebServer [Tomcat initialized with port(s): 8088 (https) 8086 (http)]
2021-02-25 15:56:19 INFO  org.apache.coyote.http11.Http11NioProtocol [Initializing ProtocolHandler ["https-openssl-nio-8088"]]
2021-02-25 15:56:19 INFO  org.apache.coyote.http11.Http11NioProtocol [Initializing ProtocolHandler ["http-nio-8086"]]
2021-02-25 15:56:19 INFO  org.apache.catalina.core.StandardService [Starting service [Tomcat]]
2021-02-25 15:56:19 INFO  org.apache.catalina.core.StandardEngine [Starting Servlet engine: [Apache Tomcat/9.0.39]]
2021-02-25 15:56:19 INFO  org.apache.catalina.core.AprLifecycleListener [Loaded Apache Tomcat Native library [1.2.23] using APR version [1.7.0].]
2021-02-25 15:56:19 INFO  org.apache.catalina.core.AprLifecycleListener [APR capabilities: IPv6 [true], sendfile [true], accept filters [false], random [true].]
2021-02-25 15:56:19 INFO  org.apache.catalina.core.AprLifecycleListener [APR/OpenSSL configuration: useAprConnector [false], useOpenSSL [true]]
2021-02-25 15:56:19 INFO  org.apache.catalina.core.AprLifecycleListener [OpenSSL successfully initialized [OpenSSL 1.1.1c  28 May 2019]]
2021-02-25 15:56:19 INFO  org.apache.catalina.core.ContainerBase.[Tomcat].[localhost].[/] [Initializing Spring embedded WebApplicationContext]
2021-02-25 15:56:19 INFO  org.springframework.boot.web.servlet.context.ServletWebServerApplicationContext [Root WebApplicationContext: initialization completed in 1426 ms]
2021-02-25 15:56:19 INFO  org.springframework.scheduling.concurrent.ThreadPoolTaskExecutor [Initializing ExecutorService 'applicationTaskExecutor']
2021-02-25 15:56:20 INFO  org.springframework.boot.devtools.autoconfigure.OptionalLiveReloadServer [LiveReload server is running on port 35729]
2021-02-25 15:56:20 INFO  org.springframework.scheduling.concurrent.ThreadPoolTaskScheduler [Initializing ExecutorService 'taskScheduler']
2021-02-25 15:56:20 INFO  org.apache.coyote.http11.Http11NioProtocol [Starting ProtocolHandler ["https-openssl-nio-8088"]]
2021-02-25 15:56:20 INFO  org.apache.coyote.http11.Http11NioProtocol [Starting ProtocolHandler ["http-nio-8086"]]
2021-02-25 15:56:20 INFO  org.springframework.boot.web.embedded.tomcat.TomcatWebServer [Tomcat started on port(s): 8088 (https) 8086 (http) with context path '']
2021-02-25 15:56:20 INFO  springfox.documentation.spring.web.plugins.DocumentationPluginsBootstrapper [Context refreshed]
2021-02-25 15:56:20 INFO  springfox.documentation.spring.web.plugins.DocumentationPluginsBootstrapper [Found 1 custom documentation plugin(s)]
2021-02-25 15:56:20 INFO  springfox.documentation.spring.web.scanners.ApiListingReferenceScanner [Scanning for api listing references]
2021-02-25 15:56:20 INFO  springfox.documentation.spring.web.readers.operation.CachingOperationNameGenerator [Generating unique operation named: getByIdUsingGET_1]
2021-02-25 15:56:20 INFO  com.xietian.graduated.GraduatedApplication [Started GraduatedApplication in 3.233 seconds (JVM running for 4.846)]
2021-02-25 15:56:25 INFO  com.zaxxer.hikari.HikariDataSource [HikariPool-1 - Starting...]
2021-02-25 15:56:25 INFO  com.zaxxer.hikari.HikariDataSource [HikariPool-1 - Start completed.]
2021-02-25 15:56:43 INFO  org.apache.catalina.core.ContainerBase.[Tomcat].[localhost].[/] [Initializing Spring DispatcherServlet 'dispatcherServlet']
2021-02-25 15:56:43 INFO  org.springframework.web.servlet.DispatcherServlet [Initializing Servlet 'dispatcherServlet']
2021-02-25 15:56:43 INFO  org.springframework.web.servlet.DispatcherServlet [Completed initialization in 1 ms]
2021-02-25 16:18:58 WARN  org.springframework.web.servlet.mvc.support.DefaultHandlerExceptionResolver [Resolved [org.springframework.web.method.annotation.MethodArgumentTypeMismatchException: Failed to convert value of type 'java.lang.String' to required type 'java.lang.Integer'; nested exception is java.lang.NumberFormatException: For input string: "null"]]
2021-02-25 16:19:17 WARN  org.springframework.web.servlet.mvc.support.DefaultHandlerExceptionResolver [Resolved [org.springframework.web.bind.MissingServletRequestParameterException: Required Integer parameter 'pageNo' is not present]]
2021-02-25 16:19:17 WARN  org.springframework.web.servlet.mvc.support.DefaultHandlerExceptionResolver [Resolved [org.springframework.web.bind.MissingServletRequestParameterException: Required Integer parameter 'pageNo' is not present]]
2021-02-25 16:19:43 WARN  org.springframework.web.servlet.mvc.support.DefaultHandlerExceptionResolver [Resolved [org.springframework.web.bind.MissingServletRequestParameterException: Required Integer parameter 'pageNo' is not present]]
2021-02-25 16:20:22 WARN  org.springframework.web.servlet.mvc.support.DefaultHandlerExceptionResolver [Resolved [org.springframework.web.method.annotation.MethodArgumentTypeMismatchException: Failed to convert value of type 'java.lang.String' to required type 'java.lang.Integer'; nested exception is java.lang.NumberFormatException: For input string: "null"]]
2021-02-25 16:35:44 INFO  com.xietian.graduated.GraduatedApplication [Starting GraduatedApplication using Java 1.8.0_261 on DESKTOP-D50U990 with PID 8812 (D:\java\IntelliJ IDEA 2017.2.2\project\graduated\target\classes started by xt111 in D:\java\IntelliJ IDEA 2017.2.2\project\graduated)]
2021-02-25 16:35:44 INFO  org.hibernate.validator.internal.util.Version [HV000001: Hibernate Validator 5.4.1.Final]
2021-02-25 16:35:44 INFO  com.xietian.graduated.GraduatedApplication [No active profile set, falling back to default profiles: default]
2021-02-25 16:35:44 INFO  org.springframework.boot.devtools.env.DevToolsPropertyDefaultsPostProcessor [Devtools property defaults active! Set 'spring.devtools.add-properties' to 'false' to disable]
2021-02-25 16:35:44 INFO  org.springframework.boot.devtools.env.DevToolsPropertyDefaultsPostProcessor [For additional web related logging consider setting the 'logging.level.web' property to 'DEBUG']
2021-02-25 16:35:45 INFO  org.springframework.data.repository.config.RepositoryConfigurationDelegate [Multiple Spring Data modules found, entering strict repository configuration mode!]
2021-02-25 16:35:45 INFO  org.springframework.data.repository.config.RepositoryConfigurationDelegate [Bootstrapping Spring Data Redis repositories in DEFAULT mode.]
2021-02-25 16:35:45 INFO  org.springframework.data.repository.config.RepositoryConfigurationDelegate [Finished Spring Data repository scanning in 12 ms. Found 0 Redis repository interfaces.]
2021-02-25 16:35:45 INFO  org.springframework.boot.web.embedded.tomcat.TomcatWebServer [Tomcat initialized with port(s): 8088 (https) 8086 (http)]
2021-02-25 16:35:45 INFO  org.apache.coyote.http11.Http11NioProtocol [Initializing ProtocolHandler ["https-openssl-nio-8088"]]
2021-02-25 16:35:45 INFO  org.apache.coyote.http11.Http11NioProtocol [Initializing ProtocolHandler ["http-nio-8086"]]
2021-02-25 16:35:45 INFO  org.apache.catalina.core.StandardService [Starting service [Tomcat]]
2021-02-25 16:35:45 INFO  org.apache.catalina.core.StandardEngine [Starting Servlet engine: [Apache Tomcat/9.0.39]]
2021-02-25 16:35:45 INFO  org.apache.catalina.core.AprLifecycleListener [Loaded Apache Tomcat Native library [1.2.23] using APR version [1.7.0].]
2021-02-25 16:35:45 INFO  org.apache.catalina.core.AprLifecycleListener [APR capabilities: IPv6 [true], sendfile [true], accept filters [false], random [true].]
2021-02-25 16:35:45 INFO  org.apache.catalina.core.AprLifecycleListener [APR/OpenSSL configuration: useAprConnector [false], useOpenSSL [true]]
2021-02-25 16:35:45 INFO  org.apache.catalina.core.AprLifecycleListener [OpenSSL successfully initialized [OpenSSL 1.1.1c  28 May 2019]]
2021-02-25 16:35:45 INFO  org.apache.catalina.core.ContainerBase.[Tomcat].[localhost].[/] [Initializing Spring embedded WebApplicationContext]
2021-02-25 16:35:45 INFO  org.springframework.boot.web.servlet.context.ServletWebServerApplicationContext [Root WebApplicationContext: initialization completed in 1199 ms]
2021-02-25 16:35:46 INFO  org.springframework.scheduling.concurrent.ThreadPoolTaskExecutor [Initializing ExecutorService 'applicationTaskExecutor']
2021-02-25 16:35:46 INFO  org.springframework.boot.devtools.autoconfigure.OptionalLiveReloadServer [LiveReload server is running on port 35729]
2021-02-25 16:35:46 INFO  org.springframework.scheduling.concurrent.ThreadPoolTaskScheduler [Initializing ExecutorService 'taskScheduler']
2021-02-25 16:35:46 INFO  org.apache.coyote.http11.Http11NioProtocol [Starting ProtocolHandler ["https-openssl-nio-8088"]]
2021-02-25 16:35:46 INFO  org.apache.coyote.http11.Http11NioProtocol [Starting ProtocolHandler ["http-nio-8086"]]
2021-02-25 16:35:46 INFO  org.springframework.boot.web.embedded.tomcat.TomcatWebServer [Tomcat started on port(s): 8088 (https) 8086 (http) with context path '']
2021-02-25 16:35:46 INFO  springfox.documentation.spring.web.plugins.DocumentationPluginsBootstrapper [Context refreshed]
2021-02-25 16:35:46 INFO  springfox.documentation.spring.web.plugins.DocumentationPluginsBootstrapper [Found 1 custom documentation plugin(s)]
2021-02-25 16:35:46 INFO  springfox.documentation.spring.web.scanners.ApiListingReferenceScanner [Scanning for api listing references]
2021-02-25 16:35:46 INFO  springfox.documentation.spring.web.readers.operation.CachingOperationNameGenerator [Generating unique operation named: getByIdUsingGET_1]
2021-02-25 16:35:46 INFO  com.xietian.graduated.GraduatedApplication [Started GraduatedApplication in 2.8 seconds (JVM running for 4.325)]
2021-02-25 16:35:51 INFO  com.zaxxer.hikari.HikariDataSource [HikariPool-1 - Starting...]
2021-02-25 16:35:51 INFO  com.zaxxer.hikari.HikariDataSource [HikariPool-1 - Start completed.]
2021-02-25 16:35:56 INFO  org.apache.catalina.core.ContainerBase.[Tomcat].[localhost].[/] [Initializing Spring DispatcherServlet 'dispatcherServlet']
2021-02-25 16:35:56 INFO  org.springframework.web.servlet.DispatcherServlet [Initializing Servlet 'dispatcherServlet']
2021-02-25 16:35:56 INFO  org.springframework.web.servlet.DispatcherServlet [Completed initialization in 1 ms]
2021-02-25 16:40:37 WARN  org.springframework.web.servlet.mvc.support.DefaultHandlerExceptionResolver [Resolved [org.springframework.http.converter.HttpMessageNotReadableException: JSON parse error: Cannot deserialize value of type `java.util.Date` from String "2021-05-01T13:50:00.000Z": expected format "yyyy-MM-dd HH:mm"; nested exception is com.fasterxml.jackson.databind.exc.InvalidFormatException: Cannot deserialize value of type `java.util.Date` from String "2021-05-01T13:50:00.000Z": expected format "yyyy-MM-dd HH:mm"
 at [Source: (PushbackInputStream); line: 1, column: 121] (through reference chain: com.xietian.graduated.pojo.Flight["startTime"])]]
2021-02-25 17:02:56 INFO  org.hibernate.validator.internal.util.Version [HV000001: Hibernate Validator 5.4.1.Final]
2021-02-25 17:02:56 INFO  com.xietian.graduated.GraduatedApplication [Starting GraduatedApplication using Java 1.8.0_261 on DESKTOP-D50U990 with PID 11380 (D:\java\IntelliJ IDEA 2017.2.2\project\graduated\target\classes started by xt111 in D:\java\IntelliJ IDEA 2017.2.2\project\graduated)]
2021-02-25 17:02:56 INFO  com.xietian.graduated.GraduatedApplication [No active profile set, falling back to default profiles: default]
2021-02-25 17:02:56 INFO  org.springframework.boot.devtools.env.DevToolsPropertyDefaultsPostProcessor [Devtools property defaults active! Set 'spring.devtools.add-properties' to 'false' to disable]
2021-02-25 17:02:56 INFO  org.springframework.boot.devtools.env.DevToolsPropertyDefaultsPostProcessor [For additional web related logging consider setting the 'logging.level.web' property to 'DEBUG']
2021-02-25 17:02:57 INFO  org.springframework.data.repository.config.RepositoryConfigurationDelegate [Multiple Spring Data modules found, entering strict repository configuration mode!]
2021-02-25 17:02:57 INFO  org.springframework.data.repository.config.RepositoryConfigurationDelegate [Bootstrapping Spring Data Redis repositories in DEFAULT mode.]
2021-02-25 17:02:57 INFO  org.springframework.data.repository.config.RepositoryConfigurationDelegate [Finished Spring Data repository scanning in 13 ms. Found 0 Redis repository interfaces.]
2021-02-25 17:02:57 INFO  org.springframework.boot.web.embedded.tomcat.TomcatWebServer [Tomcat initialized with port(s): 8088 (https) 8086 (http)]
2021-02-25 17:02:57 INFO  org.apache.coyote.http11.Http11NioProtocol [Initializing ProtocolHandler ["https-openssl-nio-8088"]]
2021-02-25 17:02:57 INFO  org.apache.coyote.http11.Http11NioProtocol [Initializing ProtocolHandler ["http-nio-8086"]]
2021-02-25 17:02:57 INFO  org.apache.catalina.core.StandardService [Starting service [Tomcat]]
2021-02-25 17:02:57 INFO  org.apache.catalina.core.StandardEngine [Starting Servlet engine: [Apache Tomcat/9.0.39]]
2021-02-25 17:02:57 INFO  org.apache.catalina.core.AprLifecycleListener [Loaded Apache Tomcat Native library [1.2.23] using APR version [1.7.0].]
2021-02-25 17:02:57 INFO  org.apache.catalina.core.AprLifecycleListener [APR capabilities: IPv6 [true], sendfile [true], accept filters [false], random [true].]
2021-02-25 17:02:57 INFO  org.apache.catalina.core.AprLifecycleListener [APR/OpenSSL configuration: useAprConnector [false], useOpenSSL [true]]
2021-02-25 17:02:57 INFO  org.apache.catalina.core.AprLifecycleListener [OpenSSL successfully initialized [OpenSSL 1.1.1c  28 May 2019]]
2021-02-25 17:02:57 INFO  org.apache.catalina.core.ContainerBase.[Tomcat].[localhost].[/] [Initializing Spring embedded WebApplicationContext]
2021-02-25 17:02:57 INFO  org.springframework.boot.web.servlet.context.ServletWebServerApplicationContext [Root WebApplicationContext: initialization completed in 1222 ms]
2021-02-25 17:02:58 INFO  org.springframework.scheduling.concurrent.ThreadPoolTaskExecutor [Initializing ExecutorService 'applicationTaskExecutor']
2021-02-25 17:02:58 INFO  org.springframework.boot.devtools.autoconfigure.OptionalLiveReloadServer [LiveReload server is running on port 35729]
2021-02-25 17:02:58 INFO  org.springframework.scheduling.concurrent.ThreadPoolTaskScheduler [Initializing ExecutorService 'taskScheduler']
2021-02-25 17:02:58 INFO  org.apache.coyote.http11.Http11NioProtocol [Starting ProtocolHandler ["https-openssl-nio-8088"]]
2021-02-25 17:02:58 INFO  org.apache.coyote.http11.Http11NioProtocol [Starting ProtocolHandler ["http-nio-8086"]]
2021-02-25 17:02:58 INFO  org.springframework.boot.web.embedded.tomcat.TomcatWebServer [Tomcat started on port(s): 8088 (https) 8086 (http) with context path '']
2021-02-25 17:02:58 INFO  springfox.documentation.spring.web.plugins.DocumentationPluginsBootstrapper [Context refreshed]
2021-02-25 17:02:58 INFO  springfox.documentation.spring.web.plugins.DocumentationPluginsBootstrapper [Found 1 custom documentation plugin(s)]
2021-02-25 17:02:58 INFO  springfox.documentation.spring.web.scanners.ApiListingReferenceScanner [Scanning for api listing references]
2021-02-25 17:02:58 INFO  springfox.documentation.spring.web.readers.operation.CachingOperationNameGenerator [Generating unique operation named: getByIdUsingGET_1]
2021-02-25 17:02:59 INFO  com.xietian.graduated.GraduatedApplication [Started GraduatedApplication in 2.902 seconds (JVM running for 4.471)]
2021-02-25 17:03:03 INFO  com.zaxxer.hikari.HikariDataSource [HikariPool-1 - Starting...]
2021-02-25 17:03:03 INFO  com.zaxxer.hikari.HikariDataSource [HikariPool-1 - Start completed.]
2021-02-25 17:03:04 INFO  org.apache.catalina.core.ContainerBase.[Tomcat].[localhost].[/] [Initializing Spring DispatcherServlet 'dispatcherServlet']
2021-02-25 17:03:04 INFO  org.springframework.web.servlet.DispatcherServlet [Initializing Servlet 'dispatcherServlet']
2021-02-25 17:03:04 INFO  org.springframework.web.servlet.DispatcherServlet [Completed initialization in 1 ms]
2021-02-25 17:16:42 WARN  org.springframework.web.servlet.mvc.support.DefaultHandlerExceptionResolver [Resolved [org.springframework.web.bind.MissingServletRequestParameterException: Required Integer parameter 'pageNo' is not present]]
2021-02-25 17:46:40 INFO  org.hibernate.validator.internal.util.Version [HV000001: Hibernate Validator 5.4.1.Final]
2021-02-25 17:46:40 INFO  com.xietian.graduated.GraduatedApplication [Starting GraduatedApplication using Java 1.8.0_261 on DESKTOP-D50U990 with PID 17744 (D:\java\IntelliJ IDEA 2017.2.2\project\graduated\target\classes started by xt111 in D:\java\IntelliJ IDEA 2017.2.2\project\graduated)]
2021-02-25 17:46:40 INFO  com.xietian.graduated.GraduatedApplication [No active profile set, falling back to default profiles: default]
2021-02-25 17:46:40 INFO  org.springframework.boot.devtools.env.DevToolsPropertyDefaultsPostProcessor [Devtools property defaults active! Set 'spring.devtools.add-properties' to 'false' to disable]
2021-02-25 17:46:40 INFO  org.springframework.boot.devtools.env.DevToolsPropertyDefaultsPostProcessor [For additional web related logging consider setting the 'logging.level.web' property to 'DEBUG']
2021-02-25 17:46:41 INFO  org.springframework.data.repository.config.RepositoryConfigurationDelegate [Multiple Spring Data modules found, entering strict repository configuration mode!]
2021-02-25 17:46:41 INFO  org.springframework.data.repository.config.RepositoryConfigurationDelegate [Bootstrapping Spring Data Redis repositories in DEFAULT mode.]
2021-02-25 17:46:41 INFO  org.springframework.data.repository.config.RepositoryConfigurationDelegate [Finished Spring Data repository scanning in 13 ms. Found 0 Redis repository interfaces.]
2021-02-25 17:46:42 INFO  org.springframework.boot.web.embedded.tomcat.TomcatWebServer [Tomcat initialized with port(s): 8088 (https) 8086 (http)]
2021-02-25 17:46:42 INFO  org.apache.coyote.http11.Http11NioProtocol [Initializing ProtocolHandler ["https-openssl-nio-8088"]]
2021-02-25 17:46:42 INFO  org.apache.coyote.http11.Http11NioProtocol [Initializing ProtocolHandler ["http-nio-8086"]]
2021-02-25 17:46:42 INFO  org.apache.catalina.core.StandardService [Starting service [Tomcat]]
2021-02-25 17:46:42 INFO  org.apache.catalina.core.StandardEngine [Starting Servlet engine: [Apache Tomcat/9.0.39]]
2021-02-25 17:46:42 INFO  org.apache.catalina.core.AprLifecycleListener [Loaded Apache Tomcat Native library [1.2.23] using APR version [1.7.0].]
2021-02-25 17:46:42 INFO  org.apache.catalina.core.AprLifecycleListener [APR capabilities: IPv6 [true], sendfile [true], accept filters [false], random [true].]
2021-02-25 17:46:42 INFO  org.apache.catalina.core.AprLifecycleListener [APR/OpenSSL configuration: useAprConnector [false], useOpenSSL [true]]
2021-02-25 17:46:42 INFO  org.apache.catalina.core.AprLifecycleListener [OpenSSL successfully initialized [OpenSSL 1.1.1c  28 May 2019]]
2021-02-25 17:46:42 INFO  org.apache.catalina.core.ContainerBase.[Tomcat].[localhost].[/] [Initializing Spring embedded WebApplicationContext]
2021-02-25 17:46:42 INFO  org.springframework.boot.web.servlet.context.ServletWebServerApplicationContext [Root WebApplicationContext: initialization completed in 1259 ms]
2021-02-25 17:46:43 INFO  org.springframework.scheduling.concurrent.ThreadPoolTaskExecutor [Initializing ExecutorService 'applicationTaskExecutor']
2021-02-25 17:46:43 INFO  org.springframework.boot.devtools.autoconfigure.OptionalLiveReloadServer [LiveReload server is running on port 35729]
2021-02-25 17:46:43 INFO  org.springframework.scheduling.concurrent.ThreadPoolTaskScheduler [Initializing ExecutorService 'taskScheduler']
2021-02-25 17:46:43 INFO  org.apache.coyote.http11.Http11NioProtocol [Starting ProtocolHandler ["https-openssl-nio-8088"]]
2021-02-25 17:46:43 INFO  org.apache.coyote.http11.Http11NioProtocol [Starting ProtocolHandler ["http-nio-8086"]]
2021-02-25 17:46:43 INFO  org.springframework.boot.web.embedded.tomcat.TomcatWebServer [Tomcat started on port(s): 8088 (https) 8086 (http) with context path '']
2021-02-25 17:46:43 INFO  springfox.documentation.spring.web.plugins.DocumentationPluginsBootstrapper [Context refreshed]
2021-02-25 17:46:43 INFO  springfox.documentation.spring.web.plugins.DocumentationPluginsBootstrapper [Found 1 custom documentation plugin(s)]
2021-02-25 17:46:43 INFO  springfox.documentation.spring.web.scanners.ApiListingReferenceScanner [Scanning for api listing references]
2021-02-25 17:46:43 INFO  springfox.documentation.spring.web.readers.operation.CachingOperationNameGenerator [Generating unique operation named: getByIdUsingGET_1]
2021-02-25 17:46:43 INFO  com.xietian.graduated.GraduatedApplication [Started GraduatedApplication in 2.985 seconds (JVM running for 4.546)]
2021-02-25 17:46:48 INFO  com.zaxxer.hikari.HikariDataSource [HikariPool-1 - Starting...]
2021-02-25 17:46:48 INFO  com.zaxxer.hikari.HikariDataSource [HikariPool-1 - Start completed.]
2021-02-25 17:46:51 INFO  org.apache.catalina.core.ContainerBase.[Tomcat].[localhost].[/] [Initializing Spring DispatcherServlet 'dispatcherServlet']
2021-02-25 17:46:51 INFO  org.springframework.web.servlet.DispatcherServlet [Initializing Servlet 'dispatcherServlet']
2021-02-25 17:46:51 INFO  org.springframework.web.servlet.DispatcherServlet [Completed initialization in 1 ms]
2021-02-25 17:47:05 ERROR org.apache.catalina.core.ContainerBase.[Tomcat].[localhost].[/].[dispatcherServlet] [Servlet.service() for servlet [dispatcherServlet] in context with path [] threw exception [Request processing failed; nested exception is java.lang.NullPointerException] with root cause]
java.lang.NullPointerException: null
	at com.xietian.graduated.service.impl.OrderServiceImpl.selectAll(OrderServiceImpl.java:140)
	at com.xietian.graduated.controller.OrderController.getAllOrder(OrderController.java:90)
	at sun.reflect.NativeMethodAccessorImpl.invoke0(Native Method)
	at sun.reflect.NativeMethodAccessorImpl.invoke(NativeMethodAccessorImpl.java:62)
	at sun.reflect.DelegatingMethodAccessorImpl.invoke(DelegatingMethodAccessorImpl.java:43)
	at java.lang.reflect.Method.invoke(Method.java:498)
	at org.springframework.web.method.support.InvocableHandlerMethod.doInvoke(InvocableHandlerMethod.java:197)
	at org.springframework.web.method.support.InvocableHandlerMethod.invokeForRequest(InvocableHandlerMethod.java:141)
	at org.springframework.web.servlet.mvc.method.annotation.ServletInvocableHandlerMethod.invokeAndHandle(ServletInvocableHandlerMethod.java:106)
	at org.springframework.web.servlet.mvc.method.annotation.RequestMappingHandlerAdapter.invokeHandlerMethod(RequestMappingHandlerAdapter.java:893)
	at org.springframework.web.servlet.mvc.method.annotation.RequestMappingHandlerAdapter.handleInternal(RequestMappingHandlerAdapter.java:807)
	at org.springframework.web.servlet.mvc.method.AbstractHandlerMethodAdapter.handle(AbstractHandlerMethodAdapter.java:87)
	at org.springframework.web.servlet.DispatcherServlet.doDispatch(DispatcherServlet.java:1061)
	at org.springframework.web.servlet.DispatcherServlet.doService(DispatcherServlet.java:961)
	at org.springframework.web.servlet.FrameworkServlet.processRequest(FrameworkServlet.java:1006)
	at org.springframework.web.servlet.FrameworkServlet.doGet(FrameworkServlet.java:898)
	at javax.servlet.http.HttpServlet.service(HttpServlet.java:626)
	at org.springframework.web.servlet.FrameworkServlet.service(FrameworkServlet.java:883)
	at javax.servlet.http.HttpServlet.service(HttpServlet.java:733)
	at org.apache.catalina.core.ApplicationFilterChain.internalDoFilter(ApplicationFilterChain.java:231)
	at org.apache.catalina.core.ApplicationFilterChain.doFilter(ApplicationFilterChain.java:166)
	at org.apache.tomcat.websocket.server.WsFilter.doFilter(WsFilter.java:53)
	at org.apache.catalina.core.ApplicationFilterChain.internalDoFilter(ApplicationFilterChain.java:193)
	at org.apache.catalina.core.ApplicationFilterChain.doFilter(ApplicationFilterChain.java:166)
	at com.xietian.graduated.common.config.CorsFilter.doFilter(CorsFilter.java:24)
	at org.apache.catalina.core.ApplicationFilterChain.internalDoFilter(ApplicationFilterChain.java:193)
	at org.apache.catalina.core.ApplicationFilterChain.doFilter(ApplicationFilterChain.java:166)
	at org.springframework.web.filter.RequestContextFilter.doFilterInternal(RequestContextFilter.java:100)
	at org.springframework.web.filter.OncePerRequestFilter.doFilter(OncePerRequestFilter.java:119)
	at org.apache.catalina.core.ApplicationFilterChain.internalDoFilter(ApplicationFilterChain.java:193)
	at org.apache.catalina.core.ApplicationFilterChain.doFilter(ApplicationFilterChain.java:166)
	at org.springframework.web.filter.FormContentFilter.doFilterInternal(FormContentFilter.java:93)
	at org.springframework.web.filter.OncePerRequestFilter.doFilter(OncePerRequestFilter.java:119)
	at org.apache.catalina.core.ApplicationFilterChain.internalDoFilter(ApplicationFilterChain.java:193)
	at org.apache.catalina.core.ApplicationFilterChain.doFilter(ApplicationFilterChain.java:166)
	at org.springframework.web.filter.CharacterEncodingFilter.doFilterInternal(CharacterEncodingFilter.java:201)
	at org.springframework.web.filter.OncePerRequestFilter.doFilter(OncePerRequestFilter.java:119)
	at org.apache.catalina.core.ApplicationFilterChain.internalDoFilter(ApplicationFilterChain.java:193)
	at org.apache.catalina.core.ApplicationFilterChain.doFilter(ApplicationFilterChain.java:166)
	at org.apache.catalina.core.StandardWrapperValve.invoke(StandardWrapperValve.java:202)
	at org.apache.catalina.core.StandardContextValve.invoke(StandardContextValve.java:97)
	at org.apache.catalina.authenticator.AuthenticatorBase.invoke(AuthenticatorBase.java:667)
	at org.apache.catalina.core.StandardHostValve.invoke(StandardHostValve.java:143)
	at org.apache.catalina.valves.ErrorReportValve.invoke(ErrorReportValve.java:92)
	at org.apache.catalina.core.StandardEngineValve.invoke(StandardEngineValve.java:78)
	at org.apache.catalina.connector.CoyoteAdapter.service(CoyoteAdapter.java:343)
	at org.apache.coyote.http11.Http11Processor.service(Http11Processor.java:374)
	at org.apache.coyote.AbstractProcessorLight.process(AbstractProcessorLight.java:65)
	at org.apache.coyote.AbstractProtocol$ConnectionHandler.process(AbstractProtocol.java:868)
	at org.apache.tomcat.util.net.NioEndpoint$SocketProcessor.doRun(NioEndpoint.java:1590)
	at org.apache.tomcat.util.net.SocketProcessorBase.run(SocketProcessorBase.java:49)
	at java.util.concurrent.ThreadPoolExecutor.runWorker(ThreadPoolExecutor.java:1149)
	at java.util.concurrent.ThreadPoolExecutor$Worker.run(ThreadPoolExecutor.java:624)
	at org.apache.tomcat.util.threads.TaskThread$WrappingRunnable.run(TaskThread.java:61)
	at java.lang.Thread.run(Thread.java:748)
2021-02-25 17:50:08 INFO  org.hibernate.validator.internal.util.Version [HV000001: Hibernate Validator 5.4.1.Final]
2021-02-25 17:50:08 INFO  com.xietian.graduated.GraduatedApplication [Starting GraduatedApplication using Java 1.8.0_261 on DESKTOP-D50U990 with PID 2932 (D:\java\IntelliJ IDEA 2017.2.2\project\graduated\target\classes started by xt111 in D:\java\IntelliJ IDEA 2017.2.2\project\graduated)]
2021-02-25 17:50:08 INFO  com.xietian.graduated.GraduatedApplication [No active profile set, falling back to default profiles: default]
2021-02-25 17:50:08 INFO  org.springframework.boot.devtools.env.DevToolsPropertyDefaultsPostProcessor [Devtools property defaults active! Set 'spring.devtools.add-properties' to 'false' to disable]
2021-02-25 17:50:08 INFO  org.springframework.boot.devtools.env.DevToolsPropertyDefaultsPostProcessor [For additional web related logging consider setting the 'logging.level.web' property to 'DEBUG']
2021-02-25 17:50:09 INFO  org.springframework.data.repository.config.RepositoryConfigurationDelegate [Multiple Spring Data modules found, entering strict repository configuration mode!]
2021-02-25 17:50:09 INFO  org.springframework.data.repository.config.RepositoryConfigurationDelegate [Bootstrapping Spring Data Redis repositories in DEFAULT mode.]
2021-02-25 17:50:09 INFO  org.springframework.data.repository.config.RepositoryConfigurationDelegate [Finished Spring Data repository scanning in 12 ms. Found 0 Redis repository interfaces.]
2021-02-25 17:50:09 INFO  org.springframework.boot.web.embedded.tomcat.TomcatWebServer [Tomcat initialized with port(s): 8088 (https) 8086 (http)]
2021-02-25 17:50:09 INFO  org.apache.coyote.http11.Http11NioProtocol [Initializing ProtocolHandler ["https-openssl-nio-8088"]]
2021-02-25 17:50:09 INFO  org.apache.coyote.http11.Http11NioProtocol [Initializing ProtocolHandler ["http-nio-8086"]]
2021-02-25 17:50:09 INFO  org.apache.catalina.core.StandardService [Starting service [Tomcat]]
2021-02-25 17:50:09 INFO  org.apache.catalina.core.StandardEngine [Starting Servlet engine: [Apache Tomcat/9.0.39]]
2021-02-25 17:50:09 INFO  org.apache.catalina.core.AprLifecycleListener [Loaded Apache Tomcat Native library [1.2.23] using APR version [1.7.0].]
2021-02-25 17:50:09 INFO  org.apache.catalina.core.AprLifecycleListener [APR capabilities: IPv6 [true], sendfile [true], accept filters [false], random [true].]
2021-02-25 17:50:09 INFO  org.apache.catalina.core.AprLifecycleListener [APR/OpenSSL configuration: useAprConnector [false], useOpenSSL [true]]
2021-02-25 17:50:09 INFO  org.apache.catalina.core.AprLifecycleListener [OpenSSL successfully initialized [OpenSSL 1.1.1c  28 May 2019]]
2021-02-25 17:50:10 INFO  org.apache.catalina.core.ContainerBase.[Tomcat].[localhost].[/] [Initializing Spring embedded WebApplicationContext]
2021-02-25 17:50:10 INFO  org.springframework.boot.web.servlet.context.ServletWebServerApplicationContext [Root WebApplicationContext: initialization completed in 1244 ms]
2021-02-25 17:50:10 INFO  org.springframework.scheduling.concurrent.ThreadPoolTaskExecutor [Initializing ExecutorService 'applicationTaskExecutor']
2021-02-25 17:50:10 INFO  org.springframework.boot.devtools.autoconfigure.OptionalLiveReloadServer [LiveReload server is running on port 35729]
2021-02-25 17:50:11 INFO  org.springframework.scheduling.concurrent.ThreadPoolTaskScheduler [Initializing ExecutorService 'taskScheduler']
2021-02-25 17:50:11 INFO  org.apache.coyote.http11.Http11NioProtocol [Starting ProtocolHandler ["https-openssl-nio-8088"]]
2021-02-25 17:50:11 INFO  org.apache.coyote.http11.Http11NioProtocol [Starting ProtocolHandler ["http-nio-8086"]]
2021-02-25 17:50:11 INFO  org.springframework.boot.web.embedded.tomcat.TomcatWebServer [Tomcat started on port(s): 8088 (https) 8086 (http) with context path '']
2021-02-25 17:50:11 INFO  springfox.documentation.spring.web.plugins.DocumentationPluginsBootstrapper [Context refreshed]
2021-02-25 17:50:11 INFO  springfox.documentation.spring.web.plugins.DocumentationPluginsBootstrapper [Found 1 custom documentation plugin(s)]
2021-02-25 17:50:11 INFO  springfox.documentation.spring.web.scanners.ApiListingReferenceScanner [Scanning for api listing references]
2021-02-25 17:50:11 INFO  springfox.documentation.spring.web.readers.operation.CachingOperationNameGenerator [Generating unique operation named: getByIdUsingGET_1]
2021-02-25 17:50:11 INFO  com.xietian.graduated.GraduatedApplication [Started GraduatedApplication in 2.964 seconds (JVM running for 4.569)]
2021-02-25 17:50:16 INFO  com.zaxxer.hikari.HikariDataSource [HikariPool-1 - Starting...]
2021-02-25 17:50:16 INFO  com.zaxxer.hikari.HikariDataSource [HikariPool-1 - Start completed.]
2021-02-25 17:50:22 INFO  org.apache.catalina.core.ContainerBase.[Tomcat].[localhost].[/] [Initializing Spring DispatcherServlet 'dispatcherServlet']
2021-02-25 17:50:22 INFO  org.springframework.web.servlet.DispatcherServlet [Initializing Servlet 'dispatcherServlet']
2021-02-25 17:50:22 INFO  org.springframework.web.servlet.DispatcherServlet [Completed initialization in 1 ms]
