2021-01-25 19:11:52 INFO  org.hibernate.validator.internal.util.Version [HV000001: Hibernate Validator 5.4.1.Final]
2021-01-25 19:11:53 INFO  com.xietian.graduated.GraduatedApplication [Starting GraduatedApplication using Java 1.8.0_261 on DESKTOP-D50U990 with PID 14776 (D:\java\IntelliJ IDEA 2017.2.2\project\graduated\target\classes started by xt111 in D:\java\IntelliJ IDEA 2017.2.2\project\graduated)]
2021-01-25 19:11:53 INFO  com.xietian.graduated.GraduatedApplication [No active profile set, falling back to default profiles: default]
2021-01-25 19:11:53 INFO  org.springframework.boot.devtools.env.DevToolsPropertyDefaultsPostProcessor [Devtools property defaults active! Set 'spring.devtools.add-properties' to 'false' to disable]
2021-01-25 19:11:53 INFO  org.springframework.boot.devtools.env.DevToolsPropertyDefaultsPostProcessor [For additional web related logging consider setting the 'logging.level.web' property to 'DEBUG']
2021-01-25 19:11:53 INFO  org.springframework.data.repository.config.RepositoryConfigurationDelegate [Multiple Spring Data modules found, entering strict repository configuration mode!]
2021-01-25 19:11:53 INFO  org.springframework.data.repository.config.RepositoryConfigurationDelegate [Bootstrapping Spring Data Redis repositories in DEFAULT mode.]
2021-01-25 19:11:53 INFO  org.springframework.data.repository.config.RepositoryConfigurationDelegate [Finished Spring Data repository scanning in 15 ms. Found 0 Redis repository interfaces.]
2021-01-25 19:11:54 INFO  org.springframework.boot.web.embedded.tomcat.TomcatWebServer [Tomcat initialized with port(s): 8088 (https) 8086 (http)]
2021-01-25 19:11:54 INFO  org.apache.coyote.http11.Http11NioProtocol [Initializing ProtocolHandler ["https-openssl-nio-8088"]]
2021-01-25 19:11:54 INFO  org.apache.coyote.http11.Http11NioProtocol [Initializing ProtocolHandler ["http-nio-8086"]]
2021-01-25 19:11:54 INFO  org.apache.catalina.core.StandardService [Starting service [Tomcat]]
2021-01-25 19:11:54 INFO  org.apache.catalina.core.StandardEngine [Starting Servlet engine: [Apache Tomcat/9.0.39]]
2021-01-25 19:11:54 INFO  org.apache.catalina.core.AprLifecycleListener [Loaded Apache Tomcat Native library [1.2.23] using APR version [1.7.0].]
2021-01-25 19:11:54 INFO  org.apache.catalina.core.AprLifecycleListener [APR capabilities: IPv6 [true], sendfile [true], accept filters [false], random [true].]
2021-01-25 19:11:54 INFO  org.apache.catalina.core.AprLifecycleListener [APR/OpenSSL configuration: useAprConnector [false], useOpenSSL [true]]
2021-01-25 19:11:54 INFO  org.apache.catalina.core.AprLifecycleListener [OpenSSL successfully initialized [OpenSSL 1.1.1c  28 May 2019]]
2021-01-25 19:11:54 INFO  org.apache.catalina.core.ContainerBase.[Tomcat].[localhost].[/] [Initializing Spring embedded WebApplicationContext]
2021-01-25 19:11:54 INFO  org.springframework.boot.web.servlet.context.ServletWebServerApplicationContext [Root WebApplicationContext: initialization completed in 1539 ms]
2021-01-25 19:11:55 INFO  org.springframework.scheduling.concurrent.ThreadPoolTaskExecutor [Initializing ExecutorService 'applicationTaskExecutor']
2021-01-25 19:11:55 INFO  org.springframework.boot.devtools.autoconfigure.OptionalLiveReloadServer [LiveReload server is running on port 35729]
2021-01-25 19:11:55 INFO  org.springframework.scheduling.concurrent.ThreadPoolTaskScheduler [Initializing ExecutorService 'taskScheduler']
2021-01-25 19:11:55 INFO  org.apache.coyote.http11.Http11NioProtocol [Starting ProtocolHandler ["https-openssl-nio-8088"]]
2021-01-25 19:11:55 INFO  org.apache.coyote.http11.Http11NioProtocol [Starting ProtocolHandler ["http-nio-8086"]]
2021-01-25 19:11:55 INFO  org.springframework.boot.web.embedded.tomcat.TomcatWebServer [Tomcat started on port(s): 8088 (https) 8086 (http) with context path '']
2021-01-25 19:11:55 INFO  springfox.documentation.spring.web.plugins.DocumentationPluginsBootstrapper [Context refreshed]
2021-01-25 19:11:55 INFO  springfox.documentation.spring.web.plugins.DocumentationPluginsBootstrapper [Found 1 custom documentation plugin(s)]
2021-01-25 19:11:55 INFO  springfox.documentation.spring.web.scanners.ApiListingReferenceScanner [Scanning for api listing references]
2021-01-25 19:11:56 INFO  springfox.documentation.spring.web.readers.operation.CachingOperationNameGenerator [Generating unique operation named: getByIdUsingGET_1]
2021-01-25 19:11:56 INFO  com.xietian.graduated.GraduatedApplication [Started GraduatedApplication in 3.473 seconds (JVM running for 5.349)]
2021-01-25 19:12:00 INFO  com.zaxxer.hikari.HikariDataSource [HikariPool-1 - Starting...]
2021-01-25 19:12:00 INFO  com.zaxxer.hikari.HikariDataSource [HikariPool-1 - Start completed.]
2021-01-25 19:13:50 INFO  org.apache.catalina.core.ContainerBase.[Tomcat].[localhost].[/] [Initializing Spring DispatcherServlet 'dispatcherServlet']
2021-01-25 19:13:50 INFO  org.springframework.web.servlet.DispatcherServlet [Initializing Servlet 'dispatcherServlet']
2021-01-25 19:13:50 INFO  org.springframework.web.servlet.DispatcherServlet [Completed initialization in 1 ms]
2021-01-25 20:24:38 INFO  com.xietian.graduated.GraduatedApplicationTests [Starting GraduatedApplicationTests using Java 1.8.0_261 on DESKTOP-D50U990 with PID 17172 (started by xt111 in D:\java\IntelliJ IDEA 2017.2.2\project\graduated)]
2021-01-25 20:24:38 INFO  com.xietian.graduated.GraduatedApplicationTests [No active profile set, falling back to default profiles: default]
2021-01-25 20:24:38 INFO  org.hibernate.validator.internal.util.Version [HV000001: Hibernate Validator 5.4.1.Final]
2021-01-25 20:24:39 INFO  org.springframework.data.repository.config.RepositoryConfigurationDelegate [Multiple Spring Data modules found, entering strict repository configuration mode!]
2021-01-25 20:24:39 INFO  org.springframework.data.repository.config.RepositoryConfigurationDelegate [Bootstrapping Spring Data Redis repositories in DEFAULT mode.]
2021-01-25 20:24:39 INFO  org.springframework.data.repository.config.RepositoryConfigurationDelegate [Finished Spring Data repository scanning in 25 ms. Found 0 Redis repository interfaces.]
2021-01-25 20:24:41 INFO  org.springframework.scheduling.concurrent.ThreadPoolTaskExecutor [Initializing ExecutorService 'applicationTaskExecutor']
2021-01-25 20:24:41 INFO  org.springframework.scheduling.concurrent.ThreadPoolTaskScheduler [Initializing ExecutorService 'taskScheduler']
2021-01-25 20:24:41 INFO  springfox.documentation.spring.web.plugins.DocumentationPluginsBootstrapper [Context refreshed]
2021-01-25 20:24:41 INFO  springfox.documentation.spring.web.plugins.DocumentationPluginsBootstrapper [Found 1 custom documentation plugin(s)]
2021-01-25 20:24:41 INFO  springfox.documentation.spring.web.scanners.ApiListingReferenceScanner [Scanning for api listing references]
2021-01-25 20:24:42 INFO  springfox.documentation.spring.web.readers.operation.CachingOperationNameGenerator [Generating unique operation named: getByIdUsingGET_1]
2021-01-25 20:24:42 INFO  com.xietian.graduated.GraduatedApplicationTests [Started GraduatedApplicationTests in 4.297 seconds (JVM running for 5.285)]
2021-01-25 20:24:42 INFO  com.zaxxer.hikari.HikariDataSource [HikariPool-1 - Starting...]
2021-01-25 20:24:42 INFO  com.zaxxer.hikari.HikariDataSource [HikariPool-1 - Start completed.]
2021-01-25 20:24:42 INFO  org.springframework.scheduling.concurrent.ThreadPoolTaskScheduler [Shutting down ExecutorService 'taskScheduler']
2021-01-25 20:24:42 INFO  org.springframework.scheduling.concurrent.ThreadPoolTaskExecutor [Shutting down ExecutorService 'applicationTaskExecutor']
2021-01-25 20:24:42 INFO  com.zaxxer.hikari.HikariDataSource [HikariPool-1 - Shutdown initiated...]
2021-01-25 20:24:42 INFO  com.zaxxer.hikari.HikariDataSource [HikariPool-1 - Shutdown completed.]
2021-01-25 20:28:42 INFO  org.hibernate.validator.internal.util.Version [HV000001: Hibernate Validator 5.4.1.Final]
2021-01-25 20:28:42 INFO  com.xietian.graduated.GraduatedApplication [Starting GraduatedApplication using Java 1.8.0_261 on DESKTOP-D50U990 with PID 14120 (D:\java\IntelliJ IDEA 2017.2.2\project\graduated\target\classes started by xt111 in D:\java\IntelliJ IDEA 2017.2.2\project\graduated)]
2021-01-25 20:28:42 INFO  com.xietian.graduated.GraduatedApplication [No active profile set, falling back to default profiles: default]
2021-01-25 20:28:42 INFO  org.springframework.boot.devtools.env.DevToolsPropertyDefaultsPostProcessor [Devtools property defaults active! Set 'spring.devtools.add-properties' to 'false' to disable]
2021-01-25 20:28:42 INFO  org.springframework.boot.devtools.env.DevToolsPropertyDefaultsPostProcessor [For additional web related logging consider setting the 'logging.level.web' property to 'DEBUG']
2021-01-25 20:28:42 INFO  org.springframework.data.repository.config.RepositoryConfigurationDelegate [Multiple Spring Data modules found, entering strict repository configuration mode!]
2021-01-25 20:28:42 INFO  org.springframework.data.repository.config.RepositoryConfigurationDelegate [Bootstrapping Spring Data Redis repositories in DEFAULT mode.]
2021-01-25 20:28:43 INFO  org.springframework.data.repository.config.RepositoryConfigurationDelegate [Finished Spring Data repository scanning in 13 ms. Found 0 Redis repository interfaces.]
2021-01-25 20:28:43 INFO  org.springframework.boot.web.embedded.tomcat.TomcatWebServer [Tomcat initialized with port(s): 8088 (https) 8086 (http)]
2021-01-25 20:28:43 INFO  org.apache.coyote.http11.Http11NioProtocol [Initializing ProtocolHandler ["https-openssl-nio-8088"]]
2021-01-25 20:28:43 INFO  org.apache.coyote.http11.Http11NioProtocol [Initializing ProtocolHandler ["http-nio-8086"]]
2021-01-25 20:28:43 INFO  org.apache.catalina.core.StandardService [Starting service [Tomcat]]
2021-01-25 20:28:43 INFO  org.apache.catalina.core.StandardEngine [Starting Servlet engine: [Apache Tomcat/9.0.39]]
2021-01-25 20:28:43 INFO  org.apache.catalina.core.AprLifecycleListener [Loaded Apache Tomcat Native library [1.2.23] using APR version [1.7.0].]
2021-01-25 20:28:43 INFO  org.apache.catalina.core.AprLifecycleListener [APR capabilities: IPv6 [true], sendfile [true], accept filters [false], random [true].]
2021-01-25 20:28:43 INFO  org.apache.catalina.core.AprLifecycleListener [APR/OpenSSL configuration: useAprConnector [false], useOpenSSL [true]]
2021-01-25 20:28:43 INFO  org.apache.catalina.core.AprLifecycleListener [OpenSSL successfully initialized [OpenSSL 1.1.1c  28 May 2019]]
2021-01-25 20:28:43 INFO  org.apache.catalina.core.ContainerBase.[Tomcat].[localhost].[/] [Initializing Spring embedded WebApplicationContext]
2021-01-25 20:28:43 INFO  org.springframework.boot.web.servlet.context.ServletWebServerApplicationContext [Root WebApplicationContext: initialization completed in 1210 ms]
2021-01-25 20:28:44 INFO  org.springframework.scheduling.concurrent.ThreadPoolTaskExecutor [Initializing ExecutorService 'applicationTaskExecutor']
2021-01-25 20:28:44 INFO  org.springframework.boot.devtools.autoconfigure.OptionalLiveReloadServer [LiveReload server is running on port 35729]
2021-01-25 20:28:44 INFO  org.springframework.scheduling.concurrent.ThreadPoolTaskScheduler [Initializing ExecutorService 'taskScheduler']
2021-01-25 20:28:44 INFO  org.apache.coyote.http11.Http11NioProtocol [Starting ProtocolHandler ["https-openssl-nio-8088"]]
2021-01-25 20:28:44 INFO  org.apache.coyote.http11.Http11NioProtocol [Starting ProtocolHandler ["http-nio-8086"]]
2021-01-25 20:28:44 INFO  org.springframework.boot.web.embedded.tomcat.TomcatWebServer [Tomcat started on port(s): 8088 (https) 8086 (http) with context path '']
2021-01-25 20:28:44 INFO  springfox.documentation.spring.web.plugins.DocumentationPluginsBootstrapper [Context refreshed]
2021-01-25 20:28:44 INFO  springfox.documentation.spring.web.plugins.DocumentationPluginsBootstrapper [Found 1 custom documentation plugin(s)]
2021-01-25 20:28:44 INFO  springfox.documentation.spring.web.scanners.ApiListingReferenceScanner [Scanning for api listing references]
2021-01-25 20:28:44 INFO  springfox.documentation.spring.web.readers.operation.CachingOperationNameGenerator [Generating unique operation named: getByIdUsingGET_1]
2021-01-25 20:28:44 INFO  com.xietian.graduated.GraduatedApplication [Started GraduatedApplication in 2.846 seconds (JVM running for 4.457)]
2021-01-25 20:28:49 INFO  com.zaxxer.hikari.HikariDataSource [HikariPool-1 - Starting...]
2021-01-25 20:28:49 INFO  com.zaxxer.hikari.HikariDataSource [HikariPool-1 - Start completed.]
2021-01-25 20:29:08 INFO  org.apache.catalina.core.ContainerBase.[Tomcat].[localhost].[/] [Initializing Spring DispatcherServlet 'dispatcherServlet']
2021-01-25 20:29:08 INFO  org.springframework.web.servlet.DispatcherServlet [Initializing Servlet 'dispatcherServlet']
2021-01-25 20:29:08 INFO  org.springframework.web.servlet.DispatcherServlet [Completed initialization in 1 ms]
2021-01-25 20:31:33 INFO  org.hibernate.validator.internal.util.Version [HV000001: Hibernate Validator 5.4.1.Final]
2021-01-25 20:31:33 INFO  com.xietian.graduated.GraduatedApplication [Starting GraduatedApplication using Java 1.8.0_261 on DESKTOP-D50U990 with PID 8104 (D:\java\IntelliJ IDEA 2017.2.2\project\graduated\target\classes started by xt111 in D:\java\IntelliJ IDEA 2017.2.2\project\graduated)]
2021-01-25 20:31:33 INFO  com.xietian.graduated.GraduatedApplication [No active profile set, falling back to default profiles: default]
2021-01-25 20:31:33 INFO  org.springframework.boot.devtools.env.DevToolsPropertyDefaultsPostProcessor [Devtools property defaults active! Set 'spring.devtools.add-properties' to 'false' to disable]
2021-01-25 20:31:33 INFO  org.springframework.boot.devtools.env.DevToolsPropertyDefaultsPostProcessor [For additional web related logging consider setting the 'logging.level.web' property to 'DEBUG']
2021-01-25 20:31:34 INFO  org.springframework.data.repository.config.RepositoryConfigurationDelegate [Multiple Spring Data modules found, entering strict repository configuration mode!]
2021-01-25 20:31:34 INFO  org.springframework.data.repository.config.RepositoryConfigurationDelegate [Bootstrapping Spring Data Redis repositories in DEFAULT mode.]
2021-01-25 20:31:34 INFO  org.springframework.data.repository.config.RepositoryConfigurationDelegate [Finished Spring Data repository scanning in 12 ms. Found 0 Redis repository interfaces.]
2021-01-25 20:31:34 INFO  org.springframework.boot.web.embedded.tomcat.TomcatWebServer [Tomcat initialized with port(s): 8088 (https) 8086 (http)]
2021-01-25 20:31:34 INFO  org.apache.coyote.http11.Http11NioProtocol [Initializing ProtocolHandler ["https-openssl-nio-8088"]]
2021-01-25 20:31:34 INFO  org.apache.coyote.http11.Http11NioProtocol [Initializing ProtocolHandler ["http-nio-8086"]]
2021-01-25 20:31:34 INFO  org.apache.catalina.core.StandardService [Starting service [Tomcat]]
2021-01-25 20:31:34 INFO  org.apache.catalina.core.StandardEngine [Starting Servlet engine: [Apache Tomcat/9.0.39]]
2021-01-25 20:31:34 INFO  org.apache.catalina.core.AprLifecycleListener [Loaded Apache Tomcat Native library [1.2.23] using APR version [1.7.0].]
2021-01-25 20:31:34 INFO  org.apache.catalina.core.AprLifecycleListener [APR capabilities: IPv6 [true], sendfile [true], accept filters [false], random [true].]
2021-01-25 20:31:34 INFO  org.apache.catalina.core.AprLifecycleListener [APR/OpenSSL configuration: useAprConnector [false], useOpenSSL [true]]
2021-01-25 20:31:34 INFO  org.apache.catalina.core.AprLifecycleListener [OpenSSL successfully initialized [OpenSSL 1.1.1c  28 May 2019]]
2021-01-25 20:31:34 INFO  org.apache.catalina.core.ContainerBase.[Tomcat].[localhost].[/] [Initializing Spring embedded WebApplicationContext]
2021-01-25 20:31:34 INFO  org.springframework.boot.web.servlet.context.ServletWebServerApplicationContext [Root WebApplicationContext: initialization completed in 1192 ms]
2021-01-25 20:31:35 INFO  org.springframework.scheduling.concurrent.ThreadPoolTaskExecutor [Initializing ExecutorService 'applicationTaskExecutor']
2021-01-25 20:31:35 INFO  org.springframework.boot.devtools.autoconfigure.OptionalLiveReloadServer [LiveReload server is running on port 35729]
2021-01-25 20:31:35 INFO  org.springframework.scheduling.concurrent.ThreadPoolTaskScheduler [Initializing ExecutorService 'taskScheduler']
2021-01-25 20:31:35 INFO  org.apache.coyote.http11.Http11NioProtocol [Starting ProtocolHandler ["https-openssl-nio-8088"]]
2021-01-25 20:31:35 INFO  org.apache.coyote.http11.Http11NioProtocol [Starting ProtocolHandler ["http-nio-8086"]]
2021-01-25 20:31:35 INFO  org.springframework.boot.web.embedded.tomcat.TomcatWebServer [Tomcat started on port(s): 8088 (https) 8086 (http) with context path '']
2021-01-25 20:31:35 INFO  springfox.documentation.spring.web.plugins.DocumentationPluginsBootstrapper [Context refreshed]
2021-01-25 20:31:35 INFO  springfox.documentation.spring.web.plugins.DocumentationPluginsBootstrapper [Found 1 custom documentation plugin(s)]
2021-01-25 20:31:35 INFO  springfox.documentation.spring.web.scanners.ApiListingReferenceScanner [Scanning for api listing references]
2021-01-25 20:31:36 INFO  springfox.documentation.spring.web.readers.operation.CachingOperationNameGenerator [Generating unique operation named: getByIdUsingGET_1]
2021-01-25 20:31:36 INFO  com.xietian.graduated.GraduatedApplication [Started GraduatedApplication in 2.794 seconds (JVM running for 4.574)]
2021-01-25 20:31:40 INFO  com.zaxxer.hikari.HikariDataSource [HikariPool-1 - Starting...]
2021-01-25 20:31:40 INFO  com.zaxxer.hikari.HikariDataSource [HikariPool-1 - Start completed.]
2021-01-25 20:31:55 INFO  org.apache.catalina.core.ContainerBase.[Tomcat].[localhost].[/] [Initializing Spring DispatcherServlet 'dispatcherServlet']
2021-01-25 20:31:55 INFO  org.springframework.web.servlet.DispatcherServlet [Initializing Servlet 'dispatcherServlet']
2021-01-25 20:31:55 INFO  org.springframework.web.servlet.DispatcherServlet [Completed initialization in 1 ms]
