2021-02-01 10:18:42 INFO  org.hibernate.validator.internal.util.Version [HV000001: Hibernate Validator 5.4.1.Final]
2021-02-01 10:18:42 INFO  com.xietian.graduated.GraduatedApplication [Starting GraduatedApplication using Java 1.8.0_261 on DESKTOP-D50U990 with PID 17976 (D:\java\IntelliJ IDEA 2017.2.2\project\graduated\target\classes started by xt111 in D:\java\IntelliJ IDEA 2017.2.2\project\graduated)]
2021-02-01 10:18:42 INFO  com.xietian.graduated.GraduatedApplication [No active profile set, falling back to default profiles: default]
2021-02-01 10:18:42 INFO  org.springframework.boot.devtools.env.DevToolsPropertyDefaultsPostProcessor [Devtools property defaults active! Set 'spring.devtools.add-properties' to 'false' to disable]
2021-02-01 10:18:42 INFO  org.springframework.boot.devtools.env.DevToolsPropertyDefaultsPostProcessor [For additional web related logging consider setting the 'logging.level.web' property to 'DEBUG']
2021-02-01 10:18:43 INFO  org.springframework.data.repository.config.RepositoryConfigurationDelegate [Multiple Spring Data modules found, entering strict repository configuration mode!]
2021-02-01 10:18:43 INFO  org.springframework.data.repository.config.RepositoryConfigurationDelegate [Bootstrapping Spring Data Redis repositories in DEFAULT mode.]
2021-02-01 10:18:43 INFO  org.springframework.data.repository.config.RepositoryConfigurationDelegate [Finished Spring Data repository scanning in 14 ms. Found 0 Redis repository interfaces.]
2021-02-01 10:18:43 INFO  org.springframework.boot.web.embedded.tomcat.TomcatWebServer [Tomcat initialized with port(s): 8088 (https) 8086 (http)]
2021-02-01 10:18:43 INFO  org.apache.coyote.http11.Http11NioProtocol [Initializing ProtocolHandler ["https-openssl-nio-8088"]]
2021-02-01 10:18:43 INFO  org.apache.coyote.http11.Http11NioProtocol [Initializing ProtocolHandler ["http-nio-8086"]]
2021-02-01 10:18:43 INFO  org.apache.catalina.core.StandardService [Starting service [Tomcat]]
2021-02-01 10:18:43 INFO  org.apache.catalina.core.StandardEngine [Starting Servlet engine: [Apache Tomcat/9.0.39]]
2021-02-01 10:18:43 INFO  org.apache.catalina.core.AprLifecycleListener [Loaded Apache Tomcat Native library [1.2.23] using APR version [1.7.0].]
2021-02-01 10:18:43 INFO  org.apache.catalina.core.AprLifecycleListener [APR capabilities: IPv6 [true], sendfile [true], accept filters [false], random [true].]
2021-02-01 10:18:43 INFO  org.apache.catalina.core.AprLifecycleListener [APR/OpenSSL configuration: useAprConnector [false], useOpenSSL [true]]
2021-02-01 10:18:43 INFO  org.apache.catalina.core.AprLifecycleListener [OpenSSL successfully initialized [OpenSSL 1.1.1c  28 May 2019]]
2021-02-01 10:18:44 INFO  org.apache.catalina.core.ContainerBase.[Tomcat].[localhost].[/] [Initializing Spring embedded WebApplicationContext]
2021-02-01 10:18:44 INFO  org.springframework.boot.web.servlet.context.ServletWebServerApplicationContext [Root WebApplicationContext: initialization completed in 1519 ms]
2021-02-01 10:18:45 INFO  org.springframework.scheduling.concurrent.ThreadPoolTaskExecutor [Initializing ExecutorService 'applicationTaskExecutor']
2021-02-01 10:18:45 INFO  org.springframework.boot.devtools.autoconfigure.OptionalLiveReloadServer [LiveReload server is running on port 35729]
2021-02-01 10:18:45 INFO  org.springframework.scheduling.concurrent.ThreadPoolTaskScheduler [Initializing ExecutorService 'taskScheduler']
2021-02-01 10:18:45 INFO  org.apache.coyote.http11.Http11NioProtocol [Starting ProtocolHandler ["https-openssl-nio-8088"]]
2021-02-01 10:18:45 INFO  org.apache.coyote.http11.Http11NioProtocol [Starting ProtocolHandler ["http-nio-8086"]]
2021-02-01 10:18:45 INFO  org.springframework.boot.web.embedded.tomcat.TomcatWebServer [Tomcat started on port(s): 8088 (https) 8086 (http) with context path '']
2021-02-01 10:18:45 INFO  springfox.documentation.spring.web.plugins.DocumentationPluginsBootstrapper [Context refreshed]
2021-02-01 10:18:45 INFO  springfox.documentation.spring.web.plugins.DocumentationPluginsBootstrapper [Found 1 custom documentation plugin(s)]
2021-02-01 10:18:45 INFO  springfox.documentation.spring.web.scanners.ApiListingReferenceScanner [Scanning for api listing references]
2021-02-01 10:18:45 INFO  springfox.documentation.spring.web.readers.operation.CachingOperationNameGenerator [Generating unique operation named: getByIdUsingGET_1]
2021-02-01 10:18:45 INFO  com.xietian.graduated.GraduatedApplication [Started GraduatedApplication in 3.802 seconds (JVM running for 5.853)]
2021-02-01 10:18:50 INFO  com.zaxxer.hikari.HikariDataSource [HikariPool-1 - Starting...]
2021-02-01 10:18:50 INFO  com.zaxxer.hikari.HikariDataSource [HikariPool-1 - Start completed.]
2021-02-01 10:23:22 INFO  org.hibernate.validator.internal.util.Version [HV000001: Hibernate Validator 5.4.1.Final]
2021-02-01 10:23:22 INFO  com.xietian.graduated.GraduatedApplication [Starting GraduatedApplication using Java 1.8.0_261 on DESKTOP-D50U990 with PID 11744 (D:\java\IntelliJ IDEA 2017.2.2\project\graduated\target\classes started by xt111 in D:\java\IntelliJ IDEA 2017.2.2\project\graduated)]
2021-02-01 10:23:22 INFO  com.xietian.graduated.GraduatedApplication [No active profile set, falling back to default profiles: default]
2021-02-01 10:23:22 INFO  org.springframework.boot.devtools.env.DevToolsPropertyDefaultsPostProcessor [Devtools property defaults active! Set 'spring.devtools.add-properties' to 'false' to disable]
2021-02-01 10:23:22 INFO  org.springframework.boot.devtools.env.DevToolsPropertyDefaultsPostProcessor [For additional web related logging consider setting the 'logging.level.web' property to 'DEBUG']
2021-02-01 10:23:23 INFO  org.springframework.data.repository.config.RepositoryConfigurationDelegate [Multiple Spring Data modules found, entering strict repository configuration mode!]
2021-02-01 10:23:23 INFO  org.springframework.data.repository.config.RepositoryConfigurationDelegate [Bootstrapping Spring Data Redis repositories in DEFAULT mode.]
2021-02-01 10:23:23 INFO  org.springframework.data.repository.config.RepositoryConfigurationDelegate [Finished Spring Data repository scanning in 11 ms. Found 0 Redis repository interfaces.]
2021-02-01 10:23:23 INFO  org.springframework.boot.web.embedded.tomcat.TomcatWebServer [Tomcat initialized with port(s): 8088 (https) 8086 (http)]
2021-02-01 10:23:23 INFO  org.apache.coyote.http11.Http11NioProtocol [Initializing ProtocolHandler ["https-openssl-nio-8088"]]
2021-02-01 10:23:23 INFO  org.apache.coyote.http11.Http11NioProtocol [Initializing ProtocolHandler ["http-nio-8086"]]
2021-02-01 10:23:23 INFO  org.apache.catalina.core.StandardService [Starting service [Tomcat]]
2021-02-01 10:23:23 INFO  org.apache.catalina.core.StandardEngine [Starting Servlet engine: [Apache Tomcat/9.0.39]]
2021-02-01 10:23:23 INFO  org.apache.catalina.core.AprLifecycleListener [Loaded Apache Tomcat Native library [1.2.23] using APR version [1.7.0].]
2021-02-01 10:23:23 INFO  org.apache.catalina.core.AprLifecycleListener [APR capabilities: IPv6 [true], sendfile [true], accept filters [false], random [true].]
2021-02-01 10:23:23 INFO  org.apache.catalina.core.AprLifecycleListener [APR/OpenSSL configuration: useAprConnector [false], useOpenSSL [true]]
2021-02-01 10:23:23 INFO  org.apache.catalina.core.AprLifecycleListener [OpenSSL successfully initialized [OpenSSL 1.1.1c  28 May 2019]]
2021-02-01 10:23:23 INFO  org.apache.catalina.core.ContainerBase.[Tomcat].[localhost].[/] [Initializing Spring embedded WebApplicationContext]
2021-02-01 10:23:23 INFO  org.springframework.boot.web.servlet.context.ServletWebServerApplicationContext [Root WebApplicationContext: initialization completed in 1108 ms]
2021-02-01 10:23:24 INFO  org.springframework.scheduling.concurrent.ThreadPoolTaskExecutor [Initializing ExecutorService 'applicationTaskExecutor']
2021-02-01 10:23:24 INFO  org.springframework.boot.devtools.autoconfigure.OptionalLiveReloadServer [LiveReload server is running on port 35729]
2021-02-01 10:23:24 INFO  org.springframework.scheduling.concurrent.ThreadPoolTaskScheduler [Initializing ExecutorService 'taskScheduler']
2021-02-01 10:23:24 INFO  org.apache.coyote.http11.Http11NioProtocol [Starting ProtocolHandler ["https-openssl-nio-8088"]]
2021-02-01 10:23:24 INFO  org.apache.coyote.http11.Http11NioProtocol [Starting ProtocolHandler ["http-nio-8086"]]
2021-02-01 10:23:24 INFO  org.springframework.boot.web.embedded.tomcat.TomcatWebServer [Tomcat started on port(s): 8088 (https) 8086 (http) with context path '']
2021-02-01 10:23:24 INFO  springfox.documentation.spring.web.plugins.DocumentationPluginsBootstrapper [Context refreshed]
2021-02-01 10:23:24 INFO  springfox.documentation.spring.web.plugins.DocumentationPluginsBootstrapper [Found 1 custom documentation plugin(s)]
2021-02-01 10:23:24 INFO  springfox.documentation.spring.web.scanners.ApiListingReferenceScanner [Scanning for api listing references]
2021-02-01 10:23:24 INFO  springfox.documentation.spring.web.readers.operation.CachingOperationNameGenerator [Generating unique operation named: getByIdUsingGET_1]
2021-02-01 10:23:24 INFO  com.xietian.graduated.GraduatedApplication [Started GraduatedApplication in 2.71 seconds (JVM running for 4.2)]
2021-02-01 10:23:29 INFO  com.zaxxer.hikari.HikariDataSource [HikariPool-1 - Starting...]
2021-02-01 10:23:29 INFO  com.zaxxer.hikari.HikariDataSource [HikariPool-1 - Start completed.]
2021-02-01 10:28:29 INFO  org.apache.catalina.core.ContainerBase.[Tomcat].[localhost].[/] [Initializing Spring DispatcherServlet 'dispatcherServlet']
2021-02-01 10:28:29 INFO  org.springframework.web.servlet.DispatcherServlet [Initializing Servlet 'dispatcherServlet']
2021-02-01 10:28:29 INFO  org.springframework.web.servlet.DispatcherServlet [Completed initialization in 1 ms]
2021-02-01 10:54:01 WARN  org.springframework.web.servlet.mvc.support.DefaultHandlerExceptionResolver [Resolved [org.springframework.web.HttpRequestMethodNotSupportedException: Request method 'GET' not supported]]
2021-02-01 10:54:10 WARN  org.springframework.web.servlet.mvc.support.DefaultHandlerExceptionResolver [Resolved [org.springframework.web.HttpRequestMethodNotSupportedException: Request method 'GET' not supported]]
2021-02-01 10:54:50 INFO  org.hibernate.validator.internal.util.Version [HV000001: Hibernate Validator 5.4.1.Final]
2021-02-01 10:54:50 INFO  com.xietian.graduated.GraduatedApplication [Starting GraduatedApplication using Java 1.8.0_261 on DESKTOP-D50U990 with PID 5828 (D:\java\IntelliJ IDEA 2017.2.2\project\graduated\target\classes started by xt111 in D:\java\IntelliJ IDEA 2017.2.2\project\graduated)]
2021-02-01 10:54:50 INFO  com.xietian.graduated.GraduatedApplication [No active profile set, falling back to default profiles: default]
2021-02-01 10:54:51 INFO  org.springframework.boot.devtools.env.DevToolsPropertyDefaultsPostProcessor [Devtools property defaults active! Set 'spring.devtools.add-properties' to 'false' to disable]
2021-02-01 10:54:51 INFO  org.springframework.boot.devtools.env.DevToolsPropertyDefaultsPostProcessor [For additional web related logging consider setting the 'logging.level.web' property to 'DEBUG']
2021-02-01 10:54:51 INFO  org.springframework.data.repository.config.RepositoryConfigurationDelegate [Multiple Spring Data modules found, entering strict repository configuration mode!]
2021-02-01 10:54:51 INFO  org.springframework.data.repository.config.RepositoryConfigurationDelegate [Bootstrapping Spring Data Redis repositories in DEFAULT mode.]
2021-02-01 10:54:51 INFO  org.springframework.data.repository.config.RepositoryConfigurationDelegate [Finished Spring Data repository scanning in 11 ms. Found 0 Redis repository interfaces.]
2021-02-01 10:54:52 INFO  org.springframework.boot.web.embedded.tomcat.TomcatWebServer [Tomcat initialized with port(s): 8088 (https) 8086 (http)]
2021-02-01 10:54:52 INFO  org.apache.coyote.http11.Http11NioProtocol [Initializing ProtocolHandler ["https-openssl-nio-8088"]]
2021-02-01 10:54:52 INFO  org.apache.coyote.http11.Http11NioProtocol [Initializing ProtocolHandler ["http-nio-8086"]]
2021-02-01 10:54:52 INFO  org.apache.catalina.core.StandardService [Starting service [Tomcat]]
2021-02-01 10:54:52 INFO  org.apache.catalina.core.StandardEngine [Starting Servlet engine: [Apache Tomcat/9.0.39]]
2021-02-01 10:54:52 INFO  org.apache.catalina.core.AprLifecycleListener [Loaded Apache Tomcat Native library [1.2.23] using APR version [1.7.0].]
2021-02-01 10:54:52 INFO  org.apache.catalina.core.AprLifecycleListener [APR capabilities: IPv6 [true], sendfile [true], accept filters [false], random [true].]
2021-02-01 10:54:52 INFO  org.apache.catalina.core.AprLifecycleListener [APR/OpenSSL configuration: useAprConnector [false], useOpenSSL [true]]
2021-02-01 10:54:52 INFO  org.apache.catalina.core.AprLifecycleListener [OpenSSL successfully initialized [OpenSSL 1.1.1c  28 May 2019]]
2021-02-01 10:54:52 INFO  org.apache.catalina.core.ContainerBase.[Tomcat].[localhost].[/] [Initializing Spring embedded WebApplicationContext]
2021-02-01 10:54:52 INFO  org.springframework.boot.web.servlet.context.ServletWebServerApplicationContext [Root WebApplicationContext: initialization completed in 1091 ms]
2021-02-01 10:54:52 INFO  org.springframework.scheduling.concurrent.ThreadPoolTaskExecutor [Initializing ExecutorService 'applicationTaskExecutor']
2021-02-01 10:54:52 INFO  org.springframework.boot.devtools.autoconfigure.OptionalLiveReloadServer [LiveReload server is running on port 35729]
2021-02-01 10:54:52 INFO  org.springframework.scheduling.concurrent.ThreadPoolTaskScheduler [Initializing ExecutorService 'taskScheduler']
2021-02-01 10:54:53 INFO  org.apache.coyote.http11.Http11NioProtocol [Starting ProtocolHandler ["https-openssl-nio-8088"]]
2021-02-01 10:54:53 INFO  org.apache.coyote.http11.Http11NioProtocol [Starting ProtocolHandler ["http-nio-8086"]]
2021-02-01 10:54:53 INFO  org.springframework.boot.web.embedded.tomcat.TomcatWebServer [Tomcat started on port(s): 8088 (https) 8086 (http) with context path '']
2021-02-01 10:54:53 INFO  springfox.documentation.spring.web.plugins.DocumentationPluginsBootstrapper [Context refreshed]
2021-02-01 10:54:53 INFO  springfox.documentation.spring.web.plugins.DocumentationPluginsBootstrapper [Found 1 custom documentation plugin(s)]
2021-02-01 10:54:53 INFO  springfox.documentation.spring.web.scanners.ApiListingReferenceScanner [Scanning for api listing references]
2021-02-01 10:54:53 INFO  springfox.documentation.spring.web.readers.operation.CachingOperationNameGenerator [Generating unique operation named: getByIdUsingGET_1]
2021-02-01 10:54:53 INFO  com.xietian.graduated.GraduatedApplication [Started GraduatedApplication in 2.691 seconds (JVM running for 4.172)]
2021-02-01 10:54:58 INFO  com.zaxxer.hikari.HikariDataSource [HikariPool-1 - Starting...]
2021-02-01 10:54:58 INFO  com.zaxxer.hikari.HikariDataSource [HikariPool-1 - Start completed.]
2021-02-01 10:55:06 INFO  org.apache.catalina.core.ContainerBase.[Tomcat].[localhost].[/] [Initializing Spring DispatcherServlet 'dispatcherServlet']
2021-02-01 10:55:06 INFO  org.springframework.web.servlet.DispatcherServlet [Initializing Servlet 'dispatcherServlet']
2021-02-01 10:55:06 INFO  org.springframework.web.servlet.DispatcherServlet [Completed initialization in 1 ms]
2021-02-01 12:30:54 INFO  org.hibernate.validator.internal.util.Version [HV000001: Hibernate Validator 5.4.1.Final]
2021-02-01 12:30:54 INFO  com.xietian.graduated.GraduatedApplication [Starting GraduatedApplication using Java 1.8.0_261 on DESKTOP-D50U990 with PID 9448 (D:\java\IntelliJ IDEA 2017.2.2\project\graduated\target\classes started by xt111 in D:\java\IntelliJ IDEA 2017.2.2\project\graduated)]
2021-02-01 12:30:54 INFO  com.xietian.graduated.GraduatedApplication [No active profile set, falling back to default profiles: default]
2021-02-01 12:30:54 INFO  org.springframework.boot.devtools.env.DevToolsPropertyDefaultsPostProcessor [Devtools property defaults active! Set 'spring.devtools.add-properties' to 'false' to disable]
2021-02-01 12:30:54 INFO  org.springframework.boot.devtools.env.DevToolsPropertyDefaultsPostProcessor [For additional web related logging consider setting the 'logging.level.web' property to 'DEBUG']
2021-02-01 12:30:55 INFO  org.springframework.data.repository.config.RepositoryConfigurationDelegate [Multiple Spring Data modules found, entering strict repository configuration mode!]
2021-02-01 12:30:55 INFO  org.springframework.data.repository.config.RepositoryConfigurationDelegate [Bootstrapping Spring Data Redis repositories in DEFAULT mode.]
2021-02-01 12:30:55 INFO  org.springframework.data.repository.config.RepositoryConfigurationDelegate [Finished Spring Data repository scanning in 10 ms. Found 0 Redis repository interfaces.]
2021-02-01 12:30:55 INFO  org.springframework.boot.web.embedded.tomcat.TomcatWebServer [Tomcat initialized with port(s): 8088 (https) 8086 (http)]
2021-02-01 12:30:55 INFO  org.apache.coyote.http11.Http11NioProtocol [Initializing ProtocolHandler ["https-openssl-nio-8088"]]
2021-02-01 12:30:55 INFO  org.apache.coyote.http11.Http11NioProtocol [Initializing ProtocolHandler ["http-nio-8086"]]
2021-02-01 12:30:55 INFO  org.apache.catalina.core.StandardService [Starting service [Tomcat]]
2021-02-01 12:30:55 INFO  org.apache.catalina.core.StandardEngine [Starting Servlet engine: [Apache Tomcat/9.0.39]]
2021-02-01 12:30:55 INFO  org.apache.catalina.core.AprLifecycleListener [Loaded Apache Tomcat Native library [1.2.23] using APR version [1.7.0].]
2021-02-01 12:30:55 INFO  org.apache.catalina.core.AprLifecycleListener [APR capabilities: IPv6 [true], sendfile [true], accept filters [false], random [true].]
2021-02-01 12:30:55 INFO  org.apache.catalina.core.AprLifecycleListener [APR/OpenSSL configuration: useAprConnector [false], useOpenSSL [true]]
2021-02-01 12:30:55 INFO  org.apache.catalina.core.AprLifecycleListener [OpenSSL successfully initialized [OpenSSL 1.1.1c  28 May 2019]]
2021-02-01 12:30:55 INFO  org.apache.catalina.core.ContainerBase.[Tomcat].[localhost].[/] [Initializing Spring embedded WebApplicationContext]
2021-02-01 12:30:55 INFO  org.springframework.boot.web.servlet.context.ServletWebServerApplicationContext [Root WebApplicationContext: initialization completed in 1135 ms]
2021-02-01 12:30:56 INFO  org.springframework.scheduling.concurrent.ThreadPoolTaskExecutor [Initializing ExecutorService 'applicationTaskExecutor']
2021-02-01 12:30:56 INFO  org.springframework.boot.devtools.autoconfigure.OptionalLiveReloadServer [LiveReload server is running on port 35729]
2021-02-01 12:30:56 INFO  org.springframework.scheduling.concurrent.ThreadPoolTaskScheduler [Initializing ExecutorService 'taskScheduler']
2021-02-01 12:30:56 INFO  org.apache.coyote.http11.Http11NioProtocol [Starting ProtocolHandler ["https-openssl-nio-8088"]]
2021-02-01 12:30:56 INFO  org.apache.coyote.http11.Http11NioProtocol [Starting ProtocolHandler ["http-nio-8086"]]
2021-02-01 12:30:56 INFO  org.springframework.boot.web.embedded.tomcat.TomcatWebServer [Tomcat started on port(s): 8088 (https) 8086 (http) with context path '']
2021-02-01 12:30:56 INFO  springfox.documentation.spring.web.plugins.DocumentationPluginsBootstrapper [Context refreshed]
2021-02-01 12:30:56 INFO  springfox.documentation.spring.web.plugins.DocumentationPluginsBootstrapper [Found 1 custom documentation plugin(s)]
2021-02-01 12:30:56 INFO  springfox.documentation.spring.web.scanners.ApiListingReferenceScanner [Scanning for api listing references]
2021-02-01 12:30:56 INFO  springfox.documentation.spring.web.readers.operation.CachingOperationNameGenerator [Generating unique operation named: getByIdUsingGET_1]
2021-02-01 12:30:56 INFO  com.xietian.graduated.GraduatedApplication [Started GraduatedApplication in 2.799 seconds (JVM running for 4.266)]
2021-02-01 12:31:01 INFO  com.zaxxer.hikari.HikariDataSource [HikariPool-1 - Starting...]
2021-02-01 12:31:01 INFO  com.zaxxer.hikari.HikariDataSource [HikariPool-1 - Start completed.]
2021-02-01 12:32:01 INFO  org.apache.catalina.core.ContainerBase.[Tomcat].[localhost].[/] [Initializing Spring DispatcherServlet 'dispatcherServlet']
2021-02-01 12:32:01 INFO  org.springframework.web.servlet.DispatcherServlet [Initializing Servlet 'dispatcherServlet']
2021-02-01 12:32:01 INFO  org.springframework.web.servlet.DispatcherServlet [Completed initialization in 1 ms]
